<!DOCTYPE html>
<html>
<head>
  
<meta http-equiv="Content-Type" content="text/html; charset=UTF-8" />

<script type="text/javascript" src="js/jquery.min.js"></script>
<script type="text/javascript" src="js/jquery.tablesorter.min.js"></script>
<script type="text/javascript" src="js/Chart.min.js"></script>
<script type="text/javascript" src="js/bootstrap.min.js"></script>

<link rel="stylesheet" href="css/bootstrap.min.css" type="text/css"/>
<link rel="stylesheet" href="css/reporting.css" type="text/css"/>
<link rel="stylesheet" href="css/font-awesome.min.css"/>
<link rel="shortcut icon" href="images/favicon.png"/>

<script type="text/javascript">
$(document).ready(function() {
    // this will tell tablesorter to try looking for the data-value attribute
    // if present, it'll sort by that instead
    // otherwise, it'll sort by the text content of the table cell
    $("#tablesorter").tablesorter({
        textAttribute: 'data-value',
        // ignores the first row of the header, the 'scenario', 'steps', since
        // sorting those doesn't make sense
        selectorHeaders: '> thead tr:not(.dont-sort) th',
        // use a stable sort
        sortStable: true
    });
});
</script>












  
<title>Cucumber-JVM Reports  - Failures Overview</title>

</head>

<body>

<nav class="navbar navbar-default navbar-fixed-top" id="navigation">
  <div class="container-fluid">
    <div class="collapse navbar-collapse">
      <p class="navbar-text navbar-left">Cucumber-JVM Report</p>
      <ul class="nav navbar-nav navbar-right">
                <li role="presentation" ><a href="feature-overview.html">Features</a></li>
        <li role="presentation" ><a href="tag-overview.html">Tags</a></li>
        <li role="presentation" ><a href="step-overview.html">Steps</a></li>
        <li role="presentation"  class="active" ><a href="failures-overview.html">Failures</a></li>
      </ul>
    </div>
  </div>
</nav>

<div class="container-fluid" id="build-info">
  <div class="row">
    <div class="col-md-6 col-md-offset-1">
      <table class="table table-bordered">
        <thead>
          <tr>
            <th>Project</th>
                          <th>Number</th>
                        <th>Date</th>
          </tr>
        </thead>
        <tbody>
          <tr class="info">
            <td>book_it_wizard</td>
                          <td>1</td>
                        <td>16 Jun 2021, 15:24</td>
          </tr>
        </tbody>
      </table>
    </div>
  </div>
</div>

<div id="report-lead" class="container-fluid>
  <div class="row">
    <div class="col-md-10 col-md-offset-1">
      <h2>Failures Overview</h2>
              <p>The following summary displays scenarios that failed.</p>
          </div>
  </div>
</div>


<div class="container-fluid" id="summary">
  <div class="row">
    <div class="col-md-10 col-md-offset-1">
              <div class="elements">
                      
<div class="element">
      <div class="indention">
      <a href="features-wizard-wizardNewProduct-feature.html">View Feature</a> <i>Creating a new product, and sending a new request body with the following scenarios</i>
    </div>
  
  
<div class="tags indention">
  </div>


    <span data-toggle="collapse" class=" collapsable-control" data-target="#element-1">
    
<div class="brief failed">
  <span class="keyword indention">Scenario</span>
  <span class="name">verify that productRegions have been created</span>
  

       <i class="chevron fa fa-fw"></i>
  </div>

  </span>
  <div class="description indention"></div>

  <div id="element-1" class="collapse collapsable-details  in ">
    
  <div class="inner-level hooks-before">
        <div data-toggle="collapse" class=" collapsed  collapsable-control" data-target="#before-2">
      
<div class="brief passed">
  <span class="keyword indention">Hooks</span>
  <span class="name"></span>
  

       <i class="chevron fa fa-fw"></i>
  </div>

    </div>

    <div id="before-2" class="inner-level collapse collapsable-details ">
              <div class="hook">
          <div class="brief passed">
            <span class="keyword indention">Before</span>
                          <span class="location name">Log_In_Authorization.setUp()</span>
                        
  <span class="lead-duration duration">000ms</span>

          </div>

                      

          
          

        </div>
              <div class="hook">
          <div class="brief passed">
            <span class="keyword indention">Before</span>
                          <span class="location name">CreateNewProductSteps.setUp()</span>
                        
  <span class="lead-duration duration">057ms</span>

          </div>

                      

          
          

        </div>
              <div class="hook">
          <div class="brief passed">
            <span class="keyword indention">Before</span>
                          <span class="location name">WizardProductNegativeSteps.setUp()</span>
                        
  <span class="lead-duration duration">053ms</span>

          </div>

                      

          
          

        </div>
          </div>
  </div>


    
<div class="steps inner-level">
    <div data-toggle="collapse" class=" collapsable-control" data-target="#steps-3">
    
<div class="brief failed">
  <span class="keyword indention">Steps</span>
  <span class="name"></span>
  

       <i class="chevron fa fa-fw"></i>
  </div>

  </div>

  <div id="steps-3" class="inner-level collapse collapsable-details  in ">
          <div class="step">
        
<div class="brief failed">
  <span class="keyword indention">Given</span>
  <span class="name">verify that productRegions is set with following fields</span>
  
  <span class="lead-duration duration">002ms</span>

  </div>

        

  <div class="inner-level">
    <div class="message indention">
      <div data-toggle="collapse" class="collapsable-control" data-target="#msg-4">
          <a>Error message</a>
      </div>
      <div id="msg-4" class="collapse collapsable-details">
        <pre>java.lang.AssertionError: failure of regionName  expected:<Eilat> but was:<null>
	at org.junit.Assert.fail(Assert.java:88)
	at org.junit.Assert.failNotEquals(Assert.java:743)
	at org.junit.Assert.assertEquals(Assert.java:118)
	at www.logisense.com.cucumber.steps.newProduct.CreateNewProductSteps.verifyThatProductRegionsIsSetWithFollowingFields(CreateNewProductSteps.java:440)
	at ✽.Given verify that productRegions is set with following fields(features/wizard/wizardNewProduct.feature:112)
</pre>
      </div>
    </div>
  </div>


                  <table class="step-arguments">
                          <tr>
                                  <td>productId</td>
                                  <td>regionId</td>
                                  <td>regionName</td>
                              </tr>
                          <tr>
                                  <td>PYayPjpW</td>
                                  <td>5bpJKaVE</td>
                                  <td>Eilat</td>
                              </tr>
                      </table>
        
        

        

        

      </div>
      </div>
</div>


    
  <div class="inner-level hooks-after">
        <div data-toggle="collapse" class=" collapsed  collapsable-control" data-target="#after-5">
      
<div class="brief passed">
  <span class="keyword indention">Hooks</span>
  <span class="name"></span>
  

       <i class="chevron fa fa-fw"></i>
  </div>

    </div>

    <div id="after-5" class="inner-level collapse collapsable-details ">
              <div class="hook">
          <div class="brief passed">
            <span class="keyword indention">After</span>
                          <span class="location name">CreateNewProductSteps.tearDown()</span>
                        
  <span class="lead-duration duration">000ms</span>

          </div>

                      

          
          

        </div>
          </div>
  </div>

  </div>
</div>

                      
<div class="element">
      <div class="indention">
      <a href="features-wizard-wizardNewProduct-feature.html">View Feature</a> <i>Creating a new product, and sending a new request body with the following scenarios</i>
    </div>
  
  
<div class="tags indention">
  </div>


    <span data-toggle="collapse" class=" collapsable-control" data-target="#element-6">
    
<div class="brief failed">
  <span class="keyword indention">Scenario</span>
  <span class="name">verify that productIncludedTags have been created</span>
  

       <i class="chevron fa fa-fw"></i>
  </div>

  </span>
  <div class="description indention"></div>

  <div id="element-6" class="collapse collapsable-details  in ">
    
  <div class="inner-level hooks-before">
        <div data-toggle="collapse" class=" collapsed  collapsable-control" data-target="#before-7">
      
<div class="brief passed">
  <span class="keyword indention">Hooks</span>
  <span class="name"></span>
  

       <i class="chevron fa fa-fw"></i>
  </div>

    </div>

    <div id="before-7" class="inner-level collapse collapsable-details ">
              <div class="hook">
          <div class="brief passed">
            <span class="keyword indention">Before</span>
                          <span class="location name">Log_In_Authorization.setUp()</span>
                        
  <span class="lead-duration duration">000ms</span>

          </div>

                      

          
          

        </div>
              <div class="hook">
          <div class="brief passed">
            <span class="keyword indention">Before</span>
                          <span class="location name">CreateNewProductSteps.setUp()</span>
                        
  <span class="lead-duration duration">091ms</span>

          </div>

                      

          
          

        </div>
              <div class="hook">
          <div class="brief passed">
            <span class="keyword indention">Before</span>
                          <span class="location name">WizardProductNegativeSteps.setUp()</span>
                        
  <span class="lead-duration duration">053ms</span>

          </div>

                      

          
          

        </div>
          </div>
  </div>


    
<div class="steps inner-level">
    <div data-toggle="collapse" class=" collapsable-control" data-target="#steps-8">
    
<div class="brief failed">
  <span class="keyword indention">Steps</span>
  <span class="name"></span>
  

       <i class="chevron fa fa-fw"></i>
  </div>

  </div>

  <div id="steps-8" class="inner-level collapse collapsable-details  in ">
          <div class="step">
        
<div class="brief failed">
  <span class="keyword indention">Given</span>
  <span class="name">verify that productIncludedTags is set with following fields</span>
  
  <span class="lead-duration duration">001ms</span>

  </div>

        

  <div class="inner-level">
    <div class="message indention">
      <div data-toggle="collapse" class="collapsable-control" data-target="#msg-9">
          <a>Error message</a>
      </div>
      <div id="msg-9" class="collapse collapsable-details">
        <pre>java.lang.AssertionError: failure of subTagName  expected:<WiFi> but was:<null>
	at org.junit.Assert.fail(Assert.java:88)
	at org.junit.Assert.failNotEquals(Assert.java:743)
	at org.junit.Assert.assertEquals(Assert.java:118)
	at www.logisense.com.cucumber.steps.newProduct.CreateNewProductSteps.verifyThatProductIncludedTagsIsSetWithFollowingFields(CreateNewProductSteps.java:524)
	at ✽.Given verify that productIncludedTags is set with following fields(features/wizard/wizardNewProduct.feature:143)
</pre>
      </div>
    </div>
  </div>


                  <table class="step-arguments">
                          <tr>
                                  <td>subTagId</td>
                                  <td>subTagName</td>
                              </tr>
                          <tr>
                                  <td>jLa3rjpz</td>
                                  <td>WiFi</td>
                              </tr>
                      </table>
        
        

        

        

      </div>
      </div>
</div>


    
  <div class="inner-level hooks-after">
        <div data-toggle="collapse" class=" collapsed  collapsable-control" data-target="#after-10">
      
<div class="brief passed">
  <span class="keyword indention">Hooks</span>
  <span class="name"></span>
  

       <i class="chevron fa fa-fw"></i>
  </div>

    </div>

    <div id="after-10" class="inner-level collapse collapsable-details ">
              <div class="hook">
          <div class="brief passed">
            <span class="keyword indention">After</span>
                          <span class="location name">CreateNewProductSteps.tearDown()</span>
                        
  <span class="lead-duration duration">000ms</span>

          </div>

                      

          
          

        </div>
          </div>
  </div>

  </div>
</div>

                      
<div class="element">
      <div class="indention">
      <a href="features-wizard-wizardNewProduct-feature.html">View Feature</a> <i>Creating a new product, and sending a new request body with the following scenarios</i>
    </div>
  
  
<div class="tags indention">
  </div>


    <span data-toggle="collapse" class=" collapsable-control" data-target="#element-11">
    
<div class="brief failed">
  <span class="keyword indention">Scenario</span>
  <span class="name">verify that productExcludedTags have been created</span>
  

       <i class="chevron fa fa-fw"></i>
  </div>

  </span>
  <div class="description indention"></div>

  <div id="element-11" class="collapse collapsable-details  in ">
    
  <div class="inner-level hooks-before">
        <div data-toggle="collapse" class=" collapsed  collapsable-control" data-target="#before-12">
      
<div class="brief passed">
  <span class="keyword indention">Hooks</span>
  <span class="name"></span>
  

       <i class="chevron fa fa-fw"></i>
  </div>

    </div>

    <div id="before-12" class="inner-level collapse collapsable-details ">
              <div class="hook">
          <div class="brief passed">
            <span class="keyword indention">Before</span>
                          <span class="location name">Log_In_Authorization.setUp()</span>
                        
  <span class="lead-duration duration">000ms</span>

          </div>

                      

          
          

        </div>
              <div class="hook">
          <div class="brief passed">
            <span class="keyword indention">Before</span>
                          <span class="location name">CreateNewProductSteps.setUp()</span>
                        
  <span class="lead-duration duration">077ms</span>

          </div>

                      

          
          

        </div>
              <div class="hook">
          <div class="brief passed">
            <span class="keyword indention">Before</span>
                          <span class="location name">WizardProductNegativeSteps.setUp()</span>
                        
  <span class="lead-duration duration">060ms</span>

          </div>

                      

          
          

        </div>
          </div>
  </div>


    
<div class="steps inner-level">
    <div data-toggle="collapse" class=" collapsable-control" data-target="#steps-13">
    
<div class="brief failed">
  <span class="keyword indention">Steps</span>
  <span class="name"></span>
  

       <i class="chevron fa fa-fw"></i>
  </div>

  </div>

  <div id="steps-13" class="inner-level collapse collapsable-details  in ">
          <div class="step">
        
<div class="brief failed">
  <span class="keyword indention">Given</span>
  <span class="name">verify that productExcludedTags is set with following fields</span>
  
  <span class="lead-duration duration">001ms</span>

  </div>

        

  <div class="inner-level">
    <div class="message indention">
      <div data-toggle="collapse" class="collapsable-control" data-target="#msg-14">
          <a>Error message</a>
      </div>
      <div id="msg-14" class="collapse collapsable-details">
        <pre>java.lang.AssertionError: failure of subTagName  expected:<Food> but was:<null>
	at org.junit.Assert.fail(Assert.java:88)
	at org.junit.Assert.failNotEquals(Assert.java:743)
	at org.junit.Assert.assertEquals(Assert.java:118)
	at www.logisense.com.cucumber.steps.newProduct.CreateNewProductSteps.verifyThatProductExcludedTagsIsSetWithFollowingFields(CreateNewProductSteps.java:533)
	at ✽.Given verify that productExcludedTags is set with following fields(features/wizard/wizardNewProduct.feature:148)
</pre>
      </div>
    </div>
  </div>


                  <table class="step-arguments">
                          <tr>
                                  <td>productId</td>
                                  <td>subTagId</td>
                                  <td>parentTagId</td>
                                  <td>subTagName</td>
                              </tr>
                          <tr>
                                  <td>52aAx3pZ</td>
                                  <td>4eO8gvlP</td>
                                  <td>qeaZepdE</td>
                                  <td>Food</td>
                              </tr>
                      </table>
        
        

        

        

      </div>
      </div>
</div>


    
  <div class="inner-level hooks-after">
        <div data-toggle="collapse" class=" collapsed  collapsable-control" data-target="#after-15">
      
<div class="brief passed">
  <span class="keyword indention">Hooks</span>
  <span class="name"></span>
  

       <i class="chevron fa fa-fw"></i>
  </div>

    </div>

    <div id="after-15" class="inner-level collapse collapsable-details ">
              <div class="hook">
          <div class="brief passed">
            <span class="keyword indention">After</span>
                          <span class="location name">CreateNewProductSteps.tearDown()</span>
                        
  <span class="lead-duration duration">000ms</span>

          </div>

                      

          
          

        </div>
          </div>
  </div>

  </div>
</div>

                      
<div class="element">
      <div class="indention">
      <a href="features-wizard-wizardNewProduct-feature.html">View Feature</a> <i>Creating a new product, and sending a new request body with the following scenarios</i>
    </div>
  
  
<div class="tags indention">
  </div>


    <span data-toggle="collapse" class=" collapsable-control" data-target="#element-16">
    
<div class="brief failed">
  <span class="keyword indention">Scenario</span>
  <span class="name">verify that productTags has been created</span>
  

       <i class="chevron fa fa-fw"></i>
  </div>

  </span>
  <div class="description indention"></div>

  <div id="element-16" class="collapse collapsable-details  in ">
    
  <div class="inner-level hooks-before">
        <div data-toggle="collapse" class=" collapsed  collapsable-control" data-target="#before-17">
      
<div class="brief passed">
  <span class="keyword indention">Hooks</span>
  <span class="name"></span>
  

       <i class="chevron fa fa-fw"></i>
  </div>

    </div>

    <div id="before-17" class="inner-level collapse collapsable-details ">
              <div class="hook">
          <div class="brief passed">
            <span class="keyword indention">Before</span>
                          <span class="location name">Log_In_Authorization.setUp()</span>
                        
  <span class="lead-duration duration">000ms</span>

          </div>

                      

          
          

        </div>
              <div class="hook">
          <div class="brief passed">
            <span class="keyword indention">Before</span>
                          <span class="location name">CreateNewProductSteps.setUp()</span>
                        
  <span class="lead-duration duration">054ms</span>

          </div>

                      

          
          

        </div>
              <div class="hook">
          <div class="brief passed">
            <span class="keyword indention">Before</span>
                          <span class="location name">WizardProductNegativeSteps.setUp()</span>
                        
  <span class="lead-duration duration">054ms</span>

          </div>

                      

          
          

        </div>
          </div>
  </div>


    
<div class="steps inner-level">
    <div data-toggle="collapse" class=" collapsable-control" data-target="#steps-18">
    
<div class="brief failed">
  <span class="keyword indention">Steps</span>
  <span class="name"></span>
  

       <i class="chevron fa fa-fw"></i>
  </div>

  </div>

  <div id="steps-18" class="inner-level collapse collapsable-details  in ">
          <div class="step">
        
<div class="brief failed">
  <span class="keyword indention">Given</span>
  <span class="name">verify that productTags is set with following fields</span>
  
  <span class="lead-duration duration">001ms</span>

  </div>

        

  <div class="inner-level">
    <div class="message indention">
      <div data-toggle="collapse" class="collapsable-control" data-target="#msg-19">
          <a>Error message</a>
      </div>
      <div id="msg-19" class="collapse collapsable-details">
        <pre>java.lang.AssertionError: failure of subTagName  expected:<Extreme> but was:<null>
	at org.junit.Assert.fail(Assert.java:88)
	at org.junit.Assert.failNotEquals(Assert.java:743)
	at org.junit.Assert.assertEquals(Assert.java:118)
	at www.logisense.com.cucumber.steps.newProduct.CreateNewProductSteps.verifyThatProductTagsIsSetWithFollowingFields(CreateNewProductSteps.java:541)
	at ✽.Given verify that productTags is set with following fields(features/wizard/wizardNewProduct.feature:153)
</pre>
      </div>
    </div>
  </div>


                  <table class="step-arguments">
                          <tr>
                                  <td>productId</td>
                                  <td>subTagId</td>
                                  <td>parentTagId</td>
                                  <td>subTagName</td>
                              </tr>
                          <tr>
                                  <td>52aAx3pZ</td>
                                  <td>qeaZMepd</td>
                                  <td>JnlY6Oz4</td>
                                  <td>Extreme</td>
                              </tr>
                      </table>
        
        

        

        

      </div>
      </div>
</div>


    
  <div class="inner-level hooks-after">
        <div data-toggle="collapse" class=" collapsed  collapsable-control" data-target="#after-20">
      
<div class="brief passed">
  <span class="keyword indention">Hooks</span>
  <span class="name"></span>
  

       <i class="chevron fa fa-fw"></i>
  </div>

    </div>

    <div id="after-20" class="inner-level collapse collapsable-details ">
              <div class="hook">
          <div class="brief passed">
            <span class="keyword indention">After</span>
                          <span class="location name">CreateNewProductSteps.tearDown()</span>
                        
  <span class="lead-duration duration">000ms</span>

          </div>

                      

          
          

        </div>
          </div>
  </div>

  </div>
</div>

                      
<div class="element">
      <div class="indention">
      <a href="features-wizard-wizardNewProductNegative-feature.html">View Feature</a> <i>Creating new Product with Negative Scenarios</i>
    </div>
  
  
<div class="tags indention">
       <a href="creatingProductWithTheSameDataOver.html">@creatingProductWithTheSameDataOver</a>
  </div>


    <span data-toggle="collapse" class=" collapsable-control" data-target="#element-21">
    
<div class="brief failed">
  <span class="keyword indention">Scenario</span>
  <span class="name">Provider creates a new product with the same data</span>
  

       <i class="chevron fa fa-fw"></i>
  </div>

  </span>
  <div class="description indention"></div>

  <div id="element-21" class="collapse collapsable-details  in ">
    
  <div class="inner-level hooks-before">
        <div data-toggle="collapse" class=" collapsed  collapsable-control" data-target="#before-22">
      
<div class="brief passed">
  <span class="keyword indention">Hooks</span>
  <span class="name"></span>
  

       <i class="chevron fa fa-fw"></i>
  </div>

    </div>

    <div id="before-22" class="inner-level collapse collapsable-details ">
              <div class="hook">
          <div class="brief passed">
            <span class="keyword indention">Before</span>
                          <span class="location name">Log_In_Authorization.setUp()</span>
                        
  <span class="lead-duration duration">000ms</span>

          </div>

                      

          
          

        </div>
              <div class="hook">
          <div class="brief passed">
            <span class="keyword indention">Before</span>
                          <span class="location name">CreateNewProductSteps.setUp()</span>
                        
  <span class="lead-duration duration">042ms</span>

          </div>

                      

          
          

        </div>
              <div class="hook">
          <div class="brief passed">
            <span class="keyword indention">Before</span>
                          <span class="location name">WizardProductNegativeSteps.setUp()</span>
                        
  <span class="lead-duration duration">040ms</span>

          </div>

                      

          
          

        </div>
          </div>
  </div>


    
<div class="steps inner-level">
    <div data-toggle="collapse" class=" collapsable-control" data-target="#steps-23">
    
<div class="brief failed">
  <span class="keyword indention">Steps</span>
  <span class="name"></span>
  

       <i class="chevron fa fa-fw"></i>
  </div>

  </div>

  <div id="steps-23" class="inner-level collapse collapsable-details  in ">
          <div class="step">
        
<div class="brief passed">
  <span class="keyword indention">Given</span>
  <span class="name">product is set with the following fields</span>
  
  <span class="lead-duration duration">000ms</span>

  </div>

        


                  <table class="step-arguments">
                          <tr>
                                  <td>name</td>
                                  <td>active</td>
                                  <td>shortDescription</td>
                                  <td>fullDescription</td>
                                  <td>mostPopular</td>
                                  <td>longitude</td>
                                  <td>latitude</td>
                                  <td>calendarColor</td>
                                  <td>address</td>
                              </tr>
                          <tr>
                                  <td>AutoTest</td>
                                  <td>true</td>
                                  <td>Test For Automation 1</td>
                                  <td>Automation for API in Postman</td>
                                  <td>true</td>
                                  <td>456.456</td>
                                  <td>3245678.5467</td>
                                  <td>blue</td>
                                  <td>Bishkek</td>
                              </tr>
                      </table>
        
        

        

        

      </div>
          <div class="step">
        
<div class="brief passed">
  <span class="keyword indention">Given</span>
  <span class="name">productVideos is set with the following fields</span>
  
  <span class="lead-duration duration">001ms</span>

  </div>

        


                  <table class="step-arguments">
                          <tr>
                                  <td>path</td>
                              </tr>
                          <tr>
                                  <td>https://www.youtube.com/watch?v=u1yVCeXYya4&list=RDMMu1yVCeXYya4&start_radio=1</td>
                              </tr>
                      </table>
        
        

        

        

      </div>
          <div class="step">
        
<div class="brief passed">
  <span class="keyword indention">Given</span>
  <span class="name">provider creates a new product</span>
  
  <span class="lead-duration duration">084ms</span>

  </div>

        


        
        

        

        

      </div>
          <div class="step">
        
<div class="brief failed">
  <span class="keyword indention">Then</span>
  <span class="name">verify status code is 500</span>
  
  <span class="lead-duration duration">011ms</span>

  </div>

        

  <div class="inner-level">
    <div class="message indention">
      <div data-toggle="collapse" class="collapsable-control" data-target="#msg-24">
          <a>Error message</a>
      </div>
      <div id="msg-24" class="collapse collapsable-details">
        <pre>java.lang.AssertionError: expected:<500> but was:<200>
	at org.junit.Assert.fail(Assert.java:88)
	at org.junit.Assert.failNotEquals(Assert.java:743)
	at org.junit.Assert.assertEquals(Assert.java:118)
	at org.junit.Assert.assertEquals(Assert.java:555)
	at org.junit.Assert.assertEquals(Assert.java:542)
	at www.logisense.com.cucumber.steps.common.CommonSteps.verify_status_code_is(CommonSteps.java:19)
	at ✽.Then verify status code is 500(features/wizard/wizardNewProductNegative.feature:13)
</pre>
      </div>
    </div>
  </div>


        
        

        

        

      </div>
          <div class="step">
        
<div class="brief skipped">
  <span class="keyword indention">Then</span>
  <span class="name">verify the title is "Internal Server Error"</span>
  
  <span class="lead-duration duration">000ms</span>

  </div>

        


        
        

        

        

      </div>
      </div>
</div>


    
  <div class="inner-level hooks-after">
        <div data-toggle="collapse" class=" collapsed  collapsable-control" data-target="#after-25">
      
<div class="brief passed">
  <span class="keyword indention">Hooks</span>
  <span class="name"></span>
  

       <i class="chevron fa fa-fw"></i>
  </div>

    </div>

    <div id="after-25" class="inner-level collapse collapsable-details ">
              <div class="hook">
          <div class="brief passed">
            <span class="keyword indention">After</span>
                          <span class="location name">CreateNewProductSteps.tearDown()</span>
                        
  <span class="lead-duration duration">000ms</span>

          </div>

                      

          
          

        </div>
          </div>
  </div>

  </div>
</div>

                      
<div class="element">
      <div class="indention">
      <a href="features-wizard-wizardNewProductNegative-feature.html">View Feature</a> <i>Creating new Product with Negative Scenarios</i>
    </div>
  
  
<div class="tags indention">
       <a href="creatingProductWithEmptyNameField.html">@creatingProductWithEmptyNameField</a>
  </div>


    <span data-toggle="collapse" class=" collapsable-control" data-target="#element-26">
    
<div class="brief failed">
  <span class="keyword indention">Scenario</span>
  <span class="name">Provider creates a new product with empty name field</span>
  

       <i class="chevron fa fa-fw"></i>
  </div>

  </span>
  <div class="description indention"></div>

  <div id="element-26" class="collapse collapsable-details  in ">
    
  <div class="inner-level hooks-before">
        <div data-toggle="collapse" class=" collapsed  collapsable-control" data-target="#before-27">
      
<div class="brief passed">
  <span class="keyword indention">Hooks</span>
  <span class="name"></span>
  

       <i class="chevron fa fa-fw"></i>
  </div>

    </div>

    <div id="before-27" class="inner-level collapse collapsable-details ">
              <div class="hook">
          <div class="brief passed">
            <span class="keyword indention">Before</span>
                          <span class="location name">Log_In_Authorization.setUp()</span>
                        
  <span class="lead-duration duration">000ms</span>

          </div>

                      

          
          

        </div>
              <div class="hook">
          <div class="brief passed">
            <span class="keyword indention">Before</span>
                          <span class="location name">CreateNewProductSteps.setUp()</span>
                        
  <span class="lead-duration duration">051ms</span>

          </div>

                      

          
          

        </div>
              <div class="hook">
          <div class="brief passed">
            <span class="keyword indention">Before</span>
                          <span class="location name">WizardProductNegativeSteps.setUp()</span>
                        
  <span class="lead-duration duration">041ms</span>

          </div>

                      

          
          

        </div>
          </div>
  </div>


    
<div class="steps inner-level">
    <div data-toggle="collapse" class=" collapsable-control" data-target="#steps-28">
    
<div class="brief failed">
  <span class="keyword indention">Steps</span>
  <span class="name"></span>
  

       <i class="chevron fa fa-fw"></i>
  </div>

  </div>

  <div id="steps-28" class="inner-level collapse collapsable-details  in ">
          <div class="step">
        
<div class="brief passed">
  <span class="keyword indention">Given</span>
  <span class="name">product is set with the following fields</span>
  
  <span class="lead-duration duration">000ms</span>

  </div>

        


                  <table class="step-arguments">
                          <tr>
                                  <td>name</td>
                                  <td>active</td>
                                  <td>shortDescription</td>
                                  <td>fullDescription</td>
                                  <td>mostPopular</td>
                                  <td>longitude</td>
                                  <td>latitude</td>
                                  <td>calendarColor</td>
                                  <td>address</td>
                              </tr>
                          <tr>
                                  <td></td>
                                  <td>true</td>
                                  <td>Test For Automation 1</td>
                                  <td>Automation for API in Postman</td>
                                  <td>true</td>
                                  <td>456.456</td>
                                  <td>3245678.5467</td>
                                  <td>blue</td>
                                  <td>Bishkek</td>
                              </tr>
                      </table>
        
        

        

        

      </div>
          <div class="step">
        
<div class="brief passed">
  <span class="keyword indention">Given</span>
  <span class="name">productVideos is set with the following fields</span>
  
  <span class="lead-duration duration">000ms</span>

  </div>

        


                  <table class="step-arguments">
                          <tr>
                                  <td>path</td>
                              </tr>
                          <tr>
                                  <td>https://www.youtube.com/watch?v=u1yVCeXYya4&list=RDMMu1yVCeXYya4&start_radio=1</td>
                              </tr>
                      </table>
        
        

        

        

      </div>
          <div class="step">
        
<div class="brief passed">
  <span class="keyword indention">Given</span>
  <span class="name">provider creates a new product</span>
  
  <span class="lead-duration duration">253ms</span>

  </div>

        


        
        

        

        

      </div>
          <div class="step">
        
<div class="brief failed">
  <span class="keyword indention">Then</span>
  <span class="name">verify status code is 400</span>
  
  <span class="lead-duration duration">007ms</span>

  </div>

        

  <div class="inner-level">
    <div class="message indention">
      <div data-toggle="collapse" class="collapsable-control" data-target="#msg-29">
          <a>Error message</a>
      </div>
      <div id="msg-29" class="collapse collapsable-details">
        <pre>java.lang.AssertionError: expected:<400> but was:<200>
	at org.junit.Assert.fail(Assert.java:88)
	at org.junit.Assert.failNotEquals(Assert.java:743)
	at org.junit.Assert.assertEquals(Assert.java:118)
	at org.junit.Assert.assertEquals(Assert.java:555)
	at org.junit.Assert.assertEquals(Assert.java:542)
	at www.logisense.com.cucumber.steps.common.CommonSteps.verify_status_code_is(CommonSteps.java:19)
	at ✽.Then verify status code is 400(features/wizard/wizardNewProductNegative.feature:39)
</pre>
      </div>
    </div>
  </div>


        
        

        

        

      </div>
          <div class="step">
        
<div class="brief skipped">
  <span class="keyword indention">Then</span>
  <span class="name">verify the title is "One or more validation errors occurred."</span>
  
  <span class="lead-duration duration">000ms</span>

  </div>

        


        
        

        

        

      </div>
      </div>
</div>


    
  <div class="inner-level hooks-after">
        <div data-toggle="collapse" class=" collapsed  collapsable-control" data-target="#after-30">
      
<div class="brief passed">
  <span class="keyword indention">Hooks</span>
  <span class="name"></span>
  

       <i class="chevron fa fa-fw"></i>
  </div>

    </div>

    <div id="after-30" class="inner-level collapse collapsable-details ">
              <div class="hook">
          <div class="brief passed">
            <span class="keyword indention">After</span>
                          <span class="location name">CreateNewProductSteps.tearDown()</span>
                        
  <span class="lead-duration duration">000ms</span>

          </div>

                      

          
          

        </div>
          </div>
  </div>

  </div>
</div>

                      
<div class="element">
      <div class="indention">
      <a href="features-wizard-wizardNewProductNegative-feature.html">View Feature</a> <i>Creating new Product with Negative Scenarios</i>
    </div>
  
  
<div class="tags indention">
       <a href="creatingProductWithMissingShortDescriptionField.html">@creatingProductWithMissingShortDescriptionField</a>
  </div>


    <span data-toggle="collapse" class=" collapsable-control" data-target="#element-31">
    
<div class="brief failed">
  <span class="keyword indention">Scenario</span>
  <span class="name">Provider creates a new product with missing shortDescription field</span>
  

       <i class="chevron fa fa-fw"></i>
  </div>

  </span>
  <div class="description indention"></div>

  <div id="element-31" class="collapse collapsable-details  in ">
    
  <div class="inner-level hooks-before">
        <div data-toggle="collapse" class=" collapsed  collapsable-control" data-target="#before-32">
      
<div class="brief passed">
  <span class="keyword indention">Hooks</span>
  <span class="name"></span>
  

       <i class="chevron fa fa-fw"></i>
  </div>

    </div>

    <div id="before-32" class="inner-level collapse collapsable-details ">
              <div class="hook">
          <div class="brief passed">
            <span class="keyword indention">Before</span>
                          <span class="location name">Log_In_Authorization.setUp()</span>
                        
  <span class="lead-duration duration">000ms</span>

          </div>

                      

          
          

        </div>
              <div class="hook">
          <div class="brief passed">
            <span class="keyword indention">Before</span>
                          <span class="location name">CreateNewProductSteps.setUp()</span>
                        
  <span class="lead-duration duration">049ms</span>

          </div>

                      

          
          

        </div>
              <div class="hook">
          <div class="brief passed">
            <span class="keyword indention">Before</span>
                          <span class="location name">WizardProductNegativeSteps.setUp()</span>
                        
  <span class="lead-duration duration">038ms</span>

          </div>

                      

          
          

        </div>
          </div>
  </div>


    
<div class="steps inner-level">
    <div data-toggle="collapse" class=" collapsable-control" data-target="#steps-33">
    
<div class="brief failed">
  <span class="keyword indention">Steps</span>
  <span class="name"></span>
  

       <i class="chevron fa fa-fw"></i>
  </div>

  </div>

  <div id="steps-33" class="inner-level collapse collapsable-details  in ">
          <div class="step">
        
<div class="brief passed">
  <span class="keyword indention">When</span>
  <span class="name">product is set with the following fields</span>
  
  <span class="lead-duration duration">000ms</span>

  </div>

        


                  <table class="step-arguments">
                          <tr>
                                  <td>name</td>
                                  <td>active</td>
                                  <td>fullDescription</td>
                                  <td>mostPopular</td>
                                  <td>longitude</td>
                                  <td>latitude</td>
                                  <td>calendarColor</td>
                                  <td>address</td>
                              </tr>
                          <tr>
                                  <td>AutoTest</td>
                                  <td>true</td>
                                  <td>Automation for API in Postman</td>
                                  <td>true</td>
                                  <td>456.456</td>
                                  <td>3245678.5467</td>
                                  <td>blue</td>
                                  <td>Bishkek</td>
                              </tr>
                      </table>
        
        

        

        

      </div>
          <div class="step">
        
<div class="brief passed">
  <span class="keyword indention">Given</span>
  <span class="name">productVideos is set with the following fields</span>
  
  <span class="lead-duration duration">000ms</span>

  </div>

        


                  <table class="step-arguments">
                          <tr>
                                  <td>path</td>
                              </tr>
                          <tr>
                                  <td>https://www.youtube.com/watch?v=u1yVCeXYya4&list=RDMMu1yVCeXYya4&start_radio=1</td>
                              </tr>
                      </table>
        
        

        

        

      </div>
          <div class="step">
        
<div class="brief passed">
  <span class="keyword indention">Given</span>
  <span class="name">provider creates a new product</span>
  
  <span class="lead-duration duration">116ms</span>

  </div>

        


        
        

        

        

      </div>
          <div class="step">
        
<div class="brief failed">
  <span class="keyword indention">Then</span>
  <span class="name">verify status code is 500</span>
  
  <span class="lead-duration duration">005ms</span>

  </div>

        

  <div class="inner-level">
    <div class="message indention">
      <div data-toggle="collapse" class="collapsable-control" data-target="#msg-34">
          <a>Error message</a>
      </div>
      <div id="msg-34" class="collapse collapsable-details">
        <pre>java.lang.AssertionError: expected:<500> but was:<200>
	at org.junit.Assert.fail(Assert.java:88)
	at org.junit.Assert.failNotEquals(Assert.java:743)
	at org.junit.Assert.assertEquals(Assert.java:118)
	at org.junit.Assert.assertEquals(Assert.java:555)
	at org.junit.Assert.assertEquals(Assert.java:542)
	at www.logisense.com.cucumber.steps.common.CommonSteps.verify_status_code_is(CommonSteps.java:19)
	at ✽.Then verify status code is 500(features/wizard/wizardNewProductNegative.feature:52)
</pre>
      </div>
    </div>
  </div>


        
        

        

        

      </div>
          <div class="step">
        
<div class="brief skipped">
  <span class="keyword indention">Then</span>
  <span class="name">verify the title is "Internal Server Error"</span>
  
  <span class="lead-duration duration">000ms</span>

  </div>

        


        
        

        

        

      </div>
      </div>
</div>


    
  <div class="inner-level hooks-after">
        <div data-toggle="collapse" class=" collapsed  collapsable-control" data-target="#after-35">
      
<div class="brief passed">
  <span class="keyword indention">Hooks</span>
  <span class="name"></span>
  

       <i class="chevron fa fa-fw"></i>
  </div>

    </div>

    <div id="after-35" class="inner-level collapse collapsable-details ">
              <div class="hook">
          <div class="brief passed">
            <span class="keyword indention">After</span>
                          <span class="location name">CreateNewProductSteps.tearDown()</span>
                        
  <span class="lead-duration duration">000ms</span>

          </div>

                      

          
          

        </div>
          </div>
  </div>

  </div>
</div>

                      
<div class="element">
      <div class="indention">
      <a href="features-wizard-wizardNewProductNegative-feature.html">View Feature</a> <i>Creating new Product with Negative Scenarios</i>
    </div>
  
  
<div class="tags indention">
       <a href="creatingProductWithMissingFullDescriptionField.html">@creatingProductWithMissingFullDescriptionField</a>
  </div>


    <span data-toggle="collapse" class=" collapsable-control" data-target="#element-36">
    
<div class="brief failed">
  <span class="keyword indention">Scenario</span>
  <span class="name">Provider creates a new product with missing fullDescription field</span>
  

       <i class="chevron fa fa-fw"></i>
  </div>

  </span>
  <div class="description indention"></div>

  <div id="element-36" class="collapse collapsable-details  in ">
    
  <div class="inner-level hooks-before">
        <div data-toggle="collapse" class=" collapsed  collapsable-control" data-target="#before-37">
      
<div class="brief passed">
  <span class="keyword indention">Hooks</span>
  <span class="name"></span>
  

       <i class="chevron fa fa-fw"></i>
  </div>

    </div>

    <div id="before-37" class="inner-level collapse collapsable-details ">
              <div class="hook">
          <div class="brief passed">
            <span class="keyword indention">Before</span>
                          <span class="location name">Log_In_Authorization.setUp()</span>
                        
  <span class="lead-duration duration">000ms</span>

          </div>

                      

          
          

        </div>
              <div class="hook">
          <div class="brief passed">
            <span class="keyword indention">Before</span>
                          <span class="location name">CreateNewProductSteps.setUp()</span>
                        
  <span class="lead-duration duration">032ms</span>

          </div>

                      

          
          

        </div>
              <div class="hook">
          <div class="brief passed">
            <span class="keyword indention">Before</span>
                          <span class="location name">WizardProductNegativeSteps.setUp()</span>
                        
  <span class="lead-duration duration">030ms</span>

          </div>

                      

          
          

        </div>
          </div>
  </div>


    
<div class="steps inner-level">
    <div data-toggle="collapse" class=" collapsable-control" data-target="#steps-38">
    
<div class="brief failed">
  <span class="keyword indention">Steps</span>
  <span class="name"></span>
  

       <i class="chevron fa fa-fw"></i>
  </div>

  </div>

  <div id="steps-38" class="inner-level collapse collapsable-details  in ">
          <div class="step">
        
<div class="brief passed">
  <span class="keyword indention">When</span>
  <span class="name">product is set with the following fields</span>
  
  <span class="lead-duration duration">000ms</span>

  </div>

        


                  <table class="step-arguments">
                          <tr>
                                  <td>name</td>
                                  <td>active</td>
                                  <td>shortDescription</td>
                                  <td>mostPopular</td>
                                  <td>longitude</td>
                                  <td>latitude</td>
                                  <td>calendarColor</td>
                                  <td>address</td>
                              </tr>
                          <tr>
                                  <td>AutoTest</td>
                                  <td>true</td>
                                  <td>Test For Automation 1</td>
                                  <td>true</td>
                                  <td>456.456</td>
                                  <td>3245678.5467</td>
                                  <td>blue</td>
                                  <td>Bishkek</td>
                              </tr>
                      </table>
        
        

        

        

      </div>
          <div class="step">
        
<div class="brief passed">
  <span class="keyword indention">Given</span>
  <span class="name">productVideos is set with the following fields</span>
  
  <span class="lead-duration duration">000ms</span>

  </div>

        


                  <table class="step-arguments">
                          <tr>
                                  <td>path</td>
                              </tr>
                          <tr>
                                  <td>https://www.youtube.com/watch?v=u1yVCeXYya4&list=RDMMu1yVCeXYya4&start_radio=1</td>
                              </tr>
                      </table>
        
        

        

        

      </div>
          <div class="step">
        
<div class="brief passed">
  <span class="keyword indention">Given</span>
  <span class="name">provider creates a new product</span>
  
  <span class="lead-duration duration">078ms</span>

  </div>

        


        
        

        

        

      </div>
          <div class="step">
        
<div class="brief failed">
  <span class="keyword indention">Then</span>
  <span class="name">verify status code is 500</span>
  
  <span class="lead-duration duration">004ms</span>

  </div>

        

  <div class="inner-level">
    <div class="message indention">
      <div data-toggle="collapse" class="collapsable-control" data-target="#msg-39">
          <a>Error message</a>
      </div>
      <div id="msg-39" class="collapse collapsable-details">
        <pre>java.lang.AssertionError: expected:<500> but was:<200>
	at org.junit.Assert.fail(Assert.java:88)
	at org.junit.Assert.failNotEquals(Assert.java:743)
	at org.junit.Assert.assertEquals(Assert.java:118)
	at org.junit.Assert.assertEquals(Assert.java:555)
	at org.junit.Assert.assertEquals(Assert.java:542)
	at www.logisense.com.cucumber.steps.common.CommonSteps.verify_status_code_is(CommonSteps.java:19)
	at ✽.Then verify status code is 500(features/wizard/wizardNewProductNegative.feature:65)
</pre>
      </div>
    </div>
  </div>


        
        

        

        

      </div>
          <div class="step">
        
<div class="brief skipped">
  <span class="keyword indention">Then</span>
  <span class="name">verify the title is "Internal Server Error"</span>
  
  <span class="lead-duration duration">000ms</span>

  </div>

        


        
        

        

        

      </div>
      </div>
</div>


    
  <div class="inner-level hooks-after">
        <div data-toggle="collapse" class=" collapsed  collapsable-control" data-target="#after-40">
      
<div class="brief passed">
  <span class="keyword indention">Hooks</span>
  <span class="name"></span>
  

       <i class="chevron fa fa-fw"></i>
  </div>

    </div>

    <div id="after-40" class="inner-level collapse collapsable-details ">
              <div class="hook">
          <div class="brief passed">
            <span class="keyword indention">After</span>
                          <span class="location name">CreateNewProductSteps.tearDown()</span>
                        
  <span class="lead-duration duration">000ms</span>

          </div>

                      

          
          

        </div>
          </div>
  </div>

  </div>
</div>

                      
<div class="element">
      <div class="indention">
      <a href="features-wizard-wizardNewProductNegative-feature.html">View Feature</a> <i>Creating new Product with Negative Scenarios</i>
    </div>
  
  
<div class="tags indention">
       <a href="creatingProductWithEmptyShortDescription.html">@creatingProductWithEmptyShortDescription</a>
  </div>


    <span data-toggle="collapse" class=" collapsable-control" data-target="#element-41">
    
<div class="brief failed">
  <span class="keyword indention">Scenario</span>
  <span class="name">Provider creates a new product with empty shortDescription field</span>
  

       <i class="chevron fa fa-fw"></i>
  </div>

  </span>
  <div class="description indention"></div>

  <div id="element-41" class="collapse collapsable-details  in ">
    
  <div class="inner-level hooks-before">
        <div data-toggle="collapse" class=" collapsed  collapsable-control" data-target="#before-42">
      
<div class="brief passed">
  <span class="keyword indention">Hooks</span>
  <span class="name"></span>
  

       <i class="chevron fa fa-fw"></i>
  </div>

    </div>

    <div id="before-42" class="inner-level collapse collapsable-details ">
              <div class="hook">
          <div class="brief passed">
            <span class="keyword indention">Before</span>
                          <span class="location name">Log_In_Authorization.setUp()</span>
                        
  <span class="lead-duration duration">000ms</span>

          </div>

                      

          
          

        </div>
              <div class="hook">
          <div class="brief passed">
            <span class="keyword indention">Before</span>
                          <span class="location name">CreateNewProductSteps.setUp()</span>
                        
  <span class="lead-duration duration">032ms</span>

          </div>

                      

          
          

        </div>
              <div class="hook">
          <div class="brief passed">
            <span class="keyword indention">Before</span>
                          <span class="location name">WizardProductNegativeSteps.setUp()</span>
                        
  <span class="lead-duration duration">031ms</span>

          </div>

                      

          
          

        </div>
          </div>
  </div>


    
<div class="steps inner-level">
    <div data-toggle="collapse" class=" collapsable-control" data-target="#steps-43">
    
<div class="brief failed">
  <span class="keyword indention">Steps</span>
  <span class="name"></span>
  

       <i class="chevron fa fa-fw"></i>
  </div>

  </div>

  <div id="steps-43" class="inner-level collapse collapsable-details  in ">
          <div class="step">
        
<div class="brief passed">
  <span class="keyword indention">Given</span>
  <span class="name">product is set with the following fields</span>
  
  <span class="lead-duration duration">000ms</span>

  </div>

        


                  <table class="step-arguments">
                          <tr>
                                  <td>name</td>
                                  <td>active</td>
                                  <td>shortDescription</td>
                                  <td>fullDescription</td>
                                  <td>mostPopular</td>
                                  <td>longitude</td>
                                  <td>latitude</td>
                                  <td>calendarColor</td>
                                  <td>address</td>
                              </tr>
                          <tr>
                                  <td>AutoTest</td>
                                  <td>true</td>
                                  <td></td>
                                  <td>Automation for API in Postman</td>
                                  <td>true</td>
                                  <td>456.456</td>
                                  <td>3245678.5467</td>
                                  <td>blue</td>
                                  <td>Bishkek</td>
                              </tr>
                      </table>
        
        

        

        

      </div>
          <div class="step">
        
<div class="brief passed">
  <span class="keyword indention">Given</span>
  <span class="name">productVideos is set with the following fields</span>
  
  <span class="lead-duration duration">001ms</span>

  </div>

        


                  <table class="step-arguments">
                          <tr>
                                  <td>path</td>
                              </tr>
                          <tr>
                                  <td>https://www.youtube.com/watch?v=u1yVCeXYya4&list=RDMMu1yVCeXYya4&start_radio=1</td>
                              </tr>
                      </table>
        
        

        

        

      </div>
          <div class="step">
        
<div class="brief passed">
  <span class="keyword indention">Given</span>
  <span class="name">provider creates a new product</span>
  
  <span class="lead-duration duration">070ms</span>

  </div>

        


        
        

        

        

      </div>
          <div class="step">
        
<div class="brief failed">
  <span class="keyword indention">Then</span>
  <span class="name">verify status code is 500</span>
  
  <span class="lead-duration duration">003ms</span>

  </div>

        

  <div class="inner-level">
    <div class="message indention">
      <div data-toggle="collapse" class="collapsable-control" data-target="#msg-44">
          <a>Error message</a>
      </div>
      <div id="msg-44" class="collapse collapsable-details">
        <pre>java.lang.AssertionError: expected:<500> but was:<200>
	at org.junit.Assert.fail(Assert.java:88)
	at org.junit.Assert.failNotEquals(Assert.java:743)
	at org.junit.Assert.assertEquals(Assert.java:118)
	at org.junit.Assert.assertEquals(Assert.java:555)
	at org.junit.Assert.assertEquals(Assert.java:542)
	at www.logisense.com.cucumber.steps.common.CommonSteps.verify_status_code_is(CommonSteps.java:19)
	at ✽.Then verify status code is 500(features/wizard/wizardNewProductNegative.feature:77)
</pre>
      </div>
    </div>
  </div>


        
        

        

        

      </div>
          <div class="step">
        
<div class="brief skipped">
  <span class="keyword indention">Then</span>
  <span class="name">verify the title is "Internal Server Error"</span>
  
  <span class="lead-duration duration">000ms</span>

  </div>

        


        
        

        

        

      </div>
      </div>
</div>


    
  <div class="inner-level hooks-after">
        <div data-toggle="collapse" class=" collapsed  collapsable-control" data-target="#after-45">
      
<div class="brief passed">
  <span class="keyword indention">Hooks</span>
  <span class="name"></span>
  

       <i class="chevron fa fa-fw"></i>
  </div>

    </div>

    <div id="after-45" class="inner-level collapse collapsable-details ">
              <div class="hook">
          <div class="brief passed">
            <span class="keyword indention">After</span>
                          <span class="location name">CreateNewProductSteps.tearDown()</span>
                        
  <span class="lead-duration duration">000ms</span>

          </div>

                      

          
          

        </div>
          </div>
  </div>

  </div>
</div>

                      
<div class="element">
      <div class="indention">
      <a href="features-wizard-wizardNewProductNegative-feature.html">View Feature</a> <i>Creating new Product with Negative Scenarios</i>
    </div>
  
  
<div class="tags indention">
       <a href="creatingProductWithEmptyFullDescription.html">@creatingProductWithEmptyFullDescription</a>
  </div>


    <span data-toggle="collapse" class=" collapsable-control" data-target="#element-46">
    
<div class="brief failed">
  <span class="keyword indention">Scenario</span>
  <span class="name">Provider creates a new product with empty fullDescription field</span>
  

       <i class="chevron fa fa-fw"></i>
  </div>

  </span>
  <div class="description indention"></div>

  <div id="element-46" class="collapse collapsable-details  in ">
    
  <div class="inner-level hooks-before">
        <div data-toggle="collapse" class=" collapsed  collapsable-control" data-target="#before-47">
      
<div class="brief passed">
  <span class="keyword indention">Hooks</span>
  <span class="name"></span>
  

       <i class="chevron fa fa-fw"></i>
  </div>

    </div>

    <div id="before-47" class="inner-level collapse collapsable-details ">
              <div class="hook">
          <div class="brief passed">
            <span class="keyword indention">Before</span>
                          <span class="location name">Log_In_Authorization.setUp()</span>
                        
  <span class="lead-duration duration">000ms</span>

          </div>

                      

          
          

        </div>
              <div class="hook">
          <div class="brief passed">
            <span class="keyword indention">Before</span>
                          <span class="location name">CreateNewProductSteps.setUp()</span>
                        
  <span class="lead-duration duration">035ms</span>

          </div>

                      

          
          

        </div>
              <div class="hook">
          <div class="brief passed">
            <span class="keyword indention">Before</span>
                          <span class="location name">WizardProductNegativeSteps.setUp()</span>
                        
  <span class="lead-duration duration">037ms</span>

          </div>

                      

          
          

        </div>
          </div>
  </div>


    
<div class="steps inner-level">
    <div data-toggle="collapse" class=" collapsable-control" data-target="#steps-48">
    
<div class="brief failed">
  <span class="keyword indention">Steps</span>
  <span class="name"></span>
  

       <i class="chevron fa fa-fw"></i>
  </div>

  </div>

  <div id="steps-48" class="inner-level collapse collapsable-details  in ">
          <div class="step">
        
<div class="brief passed">
  <span class="keyword indention">Given</span>
  <span class="name">product is set with the following fields</span>
  
  <span class="lead-duration duration">000ms</span>

  </div>

        


                  <table class="step-arguments">
                          <tr>
                                  <td>name</td>
                                  <td>active</td>
                                  <td>shortDescription</td>
                                  <td>fullDescription</td>
                                  <td>mostPopular</td>
                                  <td>longitude</td>
                                  <td>latitude</td>
                                  <td>calendarColor</td>
                                  <td>address</td>
                              </tr>
                          <tr>
                                  <td>AutoTest</td>
                                  <td>true</td>
                                  <td>Test For Automation 1</td>
                                  <td></td>
                                  <td>true</td>
                                  <td>456.456</td>
                                  <td>3245678.5467</td>
                                  <td>blue</td>
                                  <td>Bishkek</td>
                              </tr>
                      </table>
        
        

        

        

      </div>
          <div class="step">
        
<div class="brief passed">
  <span class="keyword indention">Given</span>
  <span class="name">productVideos is set with the following fields</span>
  
  <span class="lead-duration duration">000ms</span>

  </div>

        


                  <table class="step-arguments">
                          <tr>
                                  <td>path</td>
                              </tr>
                          <tr>
                                  <td>https://www.youtube.com/watch?v=u1yVCeXYya4&list=RDMMu1yVCeXYya4&start_radio=1</td>
                              </tr>
                      </table>
        
        

        

        

      </div>
          <div class="step">
        
<div class="brief passed">
  <span class="keyword indention">Given</span>
  <span class="name">provider creates a new product</span>
  
  <span class="lead-duration duration">089ms</span>

  </div>

        


        
        

        

        

      </div>
          <div class="step">
        
<div class="brief failed">
  <span class="keyword indention">Then</span>
  <span class="name">verify status code is 500</span>
  
  <span class="lead-duration duration">003ms</span>

  </div>

        

  <div class="inner-level">
    <div class="message indention">
      <div data-toggle="collapse" class="collapsable-control" data-target="#msg-49">
          <a>Error message</a>
      </div>
      <div id="msg-49" class="collapse collapsable-details">
        <pre>java.lang.AssertionError: expected:<500> but was:<200>
	at org.junit.Assert.fail(Assert.java:88)
	at org.junit.Assert.failNotEquals(Assert.java:743)
	at org.junit.Assert.assertEquals(Assert.java:118)
	at org.junit.Assert.assertEquals(Assert.java:555)
	at org.junit.Assert.assertEquals(Assert.java:542)
	at www.logisense.com.cucumber.steps.common.CommonSteps.verify_status_code_is(CommonSteps.java:19)
	at ✽.Then verify status code is 500(features/wizard/wizardNewProductNegative.feature:89)
</pre>
      </div>
    </div>
  </div>


        
        

        

        

      </div>
          <div class="step">
        
<div class="brief skipped">
  <span class="keyword indention">Then</span>
  <span class="name">verify the title is "Internal Server Error"</span>
  
  <span class="lead-duration duration">000ms</span>

  </div>

        


        
        

        

        

      </div>
      </div>
</div>


    
  <div class="inner-level hooks-after">
        <div data-toggle="collapse" class=" collapsed  collapsable-control" data-target="#after-50">
      
<div class="brief passed">
  <span class="keyword indention">Hooks</span>
  <span class="name"></span>
  

       <i class="chevron fa fa-fw"></i>
  </div>

    </div>

    <div id="after-50" class="inner-level collapse collapsable-details ">
              <div class="hook">
          <div class="brief passed">
            <span class="keyword indention">After</span>
                          <span class="location name">CreateNewProductSteps.tearDown()</span>
                        
  <span class="lead-duration duration">000ms</span>

          </div>

                      

          
          

        </div>
          </div>
  </div>

  </div>
</div>

                      
<div class="element">
      <div class="indention">
      <a href="features-wizard-wizardNewProductNegative-feature.html">View Feature</a> <i>Creating new Product with Negative Scenarios</i>
    </div>
  
  
<div class="tags indention">
       <a href="creatingProductWithEmptyAddress.html">@creatingProductWithEmptyAddress</a>
  </div>


    <span data-toggle="collapse" class=" collapsable-control" data-target="#element-51">
    
<div class="brief failed">
  <span class="keyword indention">Scenario</span>
  <span class="name">Provider creates a new product with empty address field</span>
  

       <i class="chevron fa fa-fw"></i>
  </div>

  </span>
  <div class="description indention"></div>

  <div id="element-51" class="collapse collapsable-details  in ">
    
  <div class="inner-level hooks-before">
        <div data-toggle="collapse" class=" collapsed  collapsable-control" data-target="#before-52">
      
<div class="brief passed">
  <span class="keyword indention">Hooks</span>
  <span class="name"></span>
  

       <i class="chevron fa fa-fw"></i>
  </div>

    </div>

    <div id="before-52" class="inner-level collapse collapsable-details ">
              <div class="hook">
          <div class="brief passed">
            <span class="keyword indention">Before</span>
                          <span class="location name">Log_In_Authorization.setUp()</span>
                        
  <span class="lead-duration duration">000ms</span>

          </div>

                      

          
          

        </div>
              <div class="hook">
          <div class="brief passed">
            <span class="keyword indention">Before</span>
                          <span class="location name">CreateNewProductSteps.setUp()</span>
                        
  <span class="lead-duration duration">032ms</span>

          </div>

                      

          
          

        </div>
              <div class="hook">
          <div class="brief passed">
            <span class="keyword indention">Before</span>
                          <span class="location name">WizardProductNegativeSteps.setUp()</span>
                        
  <span class="lead-duration duration">032ms</span>

          </div>

                      

          
          

        </div>
          </div>
  </div>


    
<div class="steps inner-level">
    <div data-toggle="collapse" class=" collapsable-control" data-target="#steps-53">
    
<div class="brief failed">
  <span class="keyword indention">Steps</span>
  <span class="name"></span>
  

       <i class="chevron fa fa-fw"></i>
  </div>

  </div>

  <div id="steps-53" class="inner-level collapse collapsable-details  in ">
          <div class="step">
        
<div class="brief passed">
  <span class="keyword indention">Given</span>
  <span class="name">product is set with the following fields</span>
  
  <span class="lead-duration duration">000ms</span>

  </div>

        


                  <table class="step-arguments">
                          <tr>
                                  <td>name</td>
                                  <td>active</td>
                                  <td>shortDescription</td>
                                  <td>fullDescription</td>
                                  <td>mostPopular</td>
                                  <td>longitude</td>
                                  <td>latitude</td>
                                  <td>calendarColor</td>
                                  <td>address</td>
                              </tr>
                          <tr>
                                  <td>AutoTest</td>
                                  <td>true</td>
                                  <td>Test For Automation 1</td>
                                  <td>Automation for API in Postman</td>
                                  <td>true</td>
                                  <td>456.456</td>
                                  <td>3245678.5467</td>
                                  <td>blue</td>
                                  <td></td>
                              </tr>
                      </table>
        
        

        

        

      </div>
          <div class="step">
        
<div class="brief passed">
  <span class="keyword indention">Given</span>
  <span class="name">productVideos is set with the following fields</span>
  
  <span class="lead-duration duration">000ms</span>

  </div>

        


                  <table class="step-arguments">
                          <tr>
                                  <td>path</td>
                              </tr>
                          <tr>
                                  <td>https://www.youtube.com/watch?v=u1yVCeXYya4&list=RDMMu1yVCeXYya4&start_radio=1</td>
                              </tr>
                      </table>
        
        

        

        

      </div>
          <div class="step">
        
<div class="brief passed">
  <span class="keyword indention">Given</span>
  <span class="name">provider creates a new product</span>
  
  <span class="lead-duration duration">086ms</span>

  </div>

        


        
        

        

        

      </div>
          <div class="step">
        
<div class="brief failed">
  <span class="keyword indention">Then</span>
  <span class="name">verify status code is 500</span>
  
  <span class="lead-duration duration">003ms</span>

  </div>

        

  <div class="inner-level">
    <div class="message indention">
      <div data-toggle="collapse" class="collapsable-control" data-target="#msg-54">
          <a>Error message</a>
      </div>
      <div id="msg-54" class="collapse collapsable-details">
        <pre>java.lang.AssertionError: expected:<500> but was:<200>
	at org.junit.Assert.fail(Assert.java:88)
	at org.junit.Assert.failNotEquals(Assert.java:743)
	at org.junit.Assert.assertEquals(Assert.java:118)
	at org.junit.Assert.assertEquals(Assert.java:555)
	at org.junit.Assert.assertEquals(Assert.java:542)
	at www.logisense.com.cucumber.steps.common.CommonSteps.verify_status_code_is(CommonSteps.java:19)
	at ✽.Then verify status code is 500(features/wizard/wizardNewProductNegative.feature:101)
</pre>
      </div>
    </div>
  </div>


        
        

        

        

      </div>
          <div class="step">
        
<div class="brief skipped">
  <span class="keyword indention">Then</span>
  <span class="name">verify the title is "Internal Server Error"</span>
  
  <span class="lead-duration duration">000ms</span>

  </div>

        


        
        

        

        

      </div>
      </div>
</div>


    
  <div class="inner-level hooks-after">
        <div data-toggle="collapse" class=" collapsed  collapsable-control" data-target="#after-55">
      
<div class="brief passed">
  <span class="keyword indention">Hooks</span>
  <span class="name"></span>
  

       <i class="chevron fa fa-fw"></i>
  </div>

    </div>

    <div id="after-55" class="inner-level collapse collapsable-details ">
              <div class="hook">
          <div class="brief passed">
            <span class="keyword indention">After</span>
                          <span class="location name">CreateNewProductSteps.tearDown()</span>
                        
  <span class="lead-duration duration">000ms</span>

          </div>

                      

          
          

        </div>
          </div>
  </div>

  </div>
</div>

                      
<div class="element">
      <div class="indention">
      <a href="features-wizard-wizardNewProductNegative-feature.html">View Feature</a> <i>Creating new Product with Negative Scenarios</i>
    </div>
  
  
<div class="tags indention">
       <a href="creatingProductWithMissingAddress.html">@creatingProductWithMissingAddress</a>
  </div>


    <span data-toggle="collapse" class=" collapsable-control" data-target="#element-56">
    
<div class="brief failed">
  <span class="keyword indention">Scenario</span>
  <span class="name">Provider creates a new product with missing address field</span>
  

       <i class="chevron fa fa-fw"></i>
  </div>

  </span>
  <div class="description indention"></div>

  <div id="element-56" class="collapse collapsable-details  in ">
    
  <div class="inner-level hooks-before">
        <div data-toggle="collapse" class=" collapsed  collapsable-control" data-target="#before-57">
      
<div class="brief passed">
  <span class="keyword indention">Hooks</span>
  <span class="name"></span>
  

       <i class="chevron fa fa-fw"></i>
  </div>

    </div>

    <div id="before-57" class="inner-level collapse collapsable-details ">
              <div class="hook">
          <div class="brief passed">
            <span class="keyword indention">Before</span>
                          <span class="location name">Log_In_Authorization.setUp()</span>
                        
  <span class="lead-duration duration">000ms</span>

          </div>

                      

          
          

        </div>
              <div class="hook">
          <div class="brief passed">
            <span class="keyword indention">Before</span>
                          <span class="location name">CreateNewProductSteps.setUp()</span>
                        
  <span class="lead-duration duration">030ms</span>

          </div>

                      

          
          

        </div>
              <div class="hook">
          <div class="brief passed">
            <span class="keyword indention">Before</span>
                          <span class="location name">WizardProductNegativeSteps.setUp()</span>
                        
  <span class="lead-duration duration">030ms</span>

          </div>

                      

          
          

        </div>
          </div>
  </div>


    
<div class="steps inner-level">
    <div data-toggle="collapse" class=" collapsable-control" data-target="#steps-58">
    
<div class="brief failed">
  <span class="keyword indention">Steps</span>
  <span class="name"></span>
  

       <i class="chevron fa fa-fw"></i>
  </div>

  </div>

  <div id="steps-58" class="inner-level collapse collapsable-details  in ">
          <div class="step">
        
<div class="brief passed">
  <span class="keyword indention">Given</span>
  <span class="name">product is set with the following fields</span>
  
  <span class="lead-duration duration">000ms</span>

  </div>

        


                  <table class="step-arguments">
                          <tr>
                                  <td>name</td>
                                  <td>active</td>
                                  <td>shortDescription</td>
                                  <td>fullDescription</td>
                                  <td>mostPopular</td>
                                  <td>longitude</td>
                                  <td>latitude</td>
                                  <td>calendarColor</td>
                              </tr>
                          <tr>
                                  <td>AutoTest</td>
                                  <td>true</td>
                                  <td>Test For Automation 1</td>
                                  <td>Automation for API in Postman</td>
                                  <td>true</td>
                                  <td>456.456</td>
                                  <td>3245678.5467</td>
                                  <td>blue</td>
                              </tr>
                      </table>
        
        

        

        

      </div>
          <div class="step">
        
<div class="brief passed">
  <span class="keyword indention">Given</span>
  <span class="name">productVideos is set with the following fields</span>
  
  <span class="lead-duration duration">000ms</span>

  </div>

        


                  <table class="step-arguments">
                          <tr>
                                  <td>path</td>
                              </tr>
                          <tr>
                                  <td>https://www.youtube.com/watch?v=u1yVCeXYya4&list=RDMMu1yVCeXYya4&start_radio=1</td>
                              </tr>
                      </table>
        
        

        

        

      </div>
          <div class="step">
        
<div class="brief passed">
  <span class="keyword indention">Given</span>
  <span class="name">provider creates a new product</span>
  
  <span class="lead-duration duration">119ms</span>

  </div>

        


        
        

        

        

      </div>
          <div class="step">
        
<div class="brief failed">
  <span class="keyword indention">Then</span>
  <span class="name">verify status code is 500</span>
  
  <span class="lead-duration duration">004ms</span>

  </div>

        

  <div class="inner-level">
    <div class="message indention">
      <div data-toggle="collapse" class="collapsable-control" data-target="#msg-59">
          <a>Error message</a>
      </div>
      <div id="msg-59" class="collapse collapsable-details">
        <pre>java.lang.AssertionError: expected:<500> but was:<200>
	at org.junit.Assert.fail(Assert.java:88)
	at org.junit.Assert.failNotEquals(Assert.java:743)
	at org.junit.Assert.assertEquals(Assert.java:118)
	at org.junit.Assert.assertEquals(Assert.java:555)
	at org.junit.Assert.assertEquals(Assert.java:542)
	at www.logisense.com.cucumber.steps.common.CommonSteps.verify_status_code_is(CommonSteps.java:19)
	at ✽.Then verify status code is 500(features/wizard/wizardNewProductNegative.feature:113)
</pre>
      </div>
    </div>
  </div>


        
        

        

        

      </div>
          <div class="step">
        
<div class="brief skipped">
  <span class="keyword indention">Then</span>
  <span class="name">verify the title is "Internal Server Error"</span>
  
  <span class="lead-duration duration">000ms</span>

  </div>

        


        
        

        

        

      </div>
      </div>
</div>


    
  <div class="inner-level hooks-after">
        <div data-toggle="collapse" class=" collapsed  collapsable-control" data-target="#after-60">
      
<div class="brief passed">
  <span class="keyword indention">Hooks</span>
  <span class="name"></span>
  

       <i class="chevron fa fa-fw"></i>
  </div>

    </div>

    <div id="after-60" class="inner-level collapse collapsable-details ">
              <div class="hook">
          <div class="brief passed">
            <span class="keyword indention">After</span>
                          <span class="location name">CreateNewProductSteps.tearDown()</span>
                        
  <span class="lead-duration duration">000ms</span>

          </div>

                      

          
          

        </div>
          </div>
  </div>

  </div>
</div>

                      
<div class="element">
      <div class="indention">
      <a href="features-wizard-wizardProductPricesNegative-feature.html">View Feature</a> <i>productPrices is being tested with negative scenarios</i>
    </div>
  
  
<div class="tags indention">
       <a href="productPricesWithMissingFromDateField.html">@productPricesWithMissingFromDateField</a>
  </div>


    <span data-toggle="collapse" class=" collapsable-control" data-target="#element-61">
    
<div class="brief failed">
  <span class="keyword indention">Scenario</span>
  <span class="name">provider enters a data in productPrices with missing  fromDate field</span>
  

       <i class="chevron fa fa-fw"></i>
  </div>

  </span>
  <div class="description indention"></div>

  <div id="element-61" class="collapse collapsable-details  in ">
    
  <div class="inner-level hooks-before">
        <div data-toggle="collapse" class=" collapsed  collapsable-control" data-target="#before-62">
      
<div class="brief passed">
  <span class="keyword indention">Hooks</span>
  <span class="name"></span>
  

       <i class="chevron fa fa-fw"></i>
  </div>

    </div>

    <div id="before-62" class="inner-level collapse collapsable-details ">
              <div class="hook">
          <div class="brief passed">
            <span class="keyword indention">Before</span>
                          <span class="location name">Log_In_Authorization.setUp()</span>
                        
  <span class="lead-duration duration">000ms</span>

          </div>

                      

          
          

        </div>
              <div class="hook">
          <div class="brief passed">
            <span class="keyword indention">Before</span>
                          <span class="location name">CreateNewProductSteps.setUp()</span>
                        
  <span class="lead-duration duration">043ms</span>

          </div>

                      

          
          

        </div>
              <div class="hook">
          <div class="brief passed">
            <span class="keyword indention">Before</span>
                          <span class="location name">WizardProductNegativeSteps.setUp()</span>
                        
  <span class="lead-duration duration">039ms</span>

          </div>

                      

          
          

        </div>
          </div>
  </div>


    
<div class="steps inner-level">
    <div data-toggle="collapse" class=" collapsable-control" data-target="#steps-63">
    
<div class="brief failed">
  <span class="keyword indention">Steps</span>
  <span class="name"></span>
  

       <i class="chevron fa fa-fw"></i>
  </div>

  </div>

  <div id="steps-63" class="inner-level collapse collapsable-details  in ">
          <div class="step">
        
<div class="brief passed">
  <span class="keyword indention">Given</span>
  <span class="name">productPrices is set with the following fields</span>
  
  <span class="lead-duration duration">000ms</span>

  </div>

        


                  <table class="step-arguments">
                          <tr>
                                  <td>toDate</td>
                                  <td>title</td>
                                  <td>remarks</td>
                                  <td>officialPrice</td>
                                  <td>currencyId</td>
                                  <td>quantityPerDay</td>
                                  <td>autoConfirm</td>
                                  <td>pricePerPerson</td>
                                  <td>deletedAt</td>
                              </tr>
                          <tr>
                                  <td>2022-12-31T00:00:00</td>
                                  <td>API</td>
                                  <td>Test</td>
                                  <td>0</td>
                                  <td>5bpJKaVE</td>
                                  <td>123</td>
                                  <td>false</td>
                                  <td>ture</td>
                                  <td></td>
                              </tr>
                      </table>
        
        

        

        

      </div>
          <div class="step">
        
<div class="brief passed">
  <span class="keyword indention">Given</span>
  <span class="name">provider creates a new product</span>
  
  <span class="lead-duration duration">081ms</span>

  </div>

        


        
        

        

        

      </div>
          <div class="step">
        
<div class="brief failed">
  <span class="keyword indention">Then</span>
  <span class="name">verify status code is 400</span>
  
  <span class="lead-duration duration">002ms</span>

  </div>

        

  <div class="inner-level">
    <div class="message indention">
      <div data-toggle="collapse" class="collapsable-control" data-target="#msg-64">
          <a>Error message</a>
      </div>
      <div id="msg-64" class="collapse collapsable-details">
        <pre>java.lang.AssertionError: expected:<400> but was:<200>
	at org.junit.Assert.fail(Assert.java:88)
	at org.junit.Assert.failNotEquals(Assert.java:743)
	at org.junit.Assert.assertEquals(Assert.java:118)
	at org.junit.Assert.assertEquals(Assert.java:555)
	at org.junit.Assert.assertEquals(Assert.java:542)
	at www.logisense.com.cucumber.steps.common.CommonSteps.verify_status_code_is(CommonSteps.java:19)
	at ✽.Then verify status code is 400(features/wizard/wizardProductPricesNegative.feature:28)
</pre>
      </div>
    </div>
  </div>


        
        

        

        

      </div>
          <div class="step">
        
<div class="brief skipped">
  <span class="keyword indention">Then</span>
  <span class="name">verify the title is "One or more validation errors occurred."</span>
  
  <span class="lead-duration duration">000ms</span>

  </div>

        


        
        

        

        

      </div>
      </div>
</div>


    
  <div class="inner-level hooks-after">
        <div data-toggle="collapse" class=" collapsed  collapsable-control" data-target="#after-65">
      
<div class="brief passed">
  <span class="keyword indention">Hooks</span>
  <span class="name"></span>
  

       <i class="chevron fa fa-fw"></i>
  </div>

    </div>

    <div id="after-65" class="inner-level collapse collapsable-details ">
              <div class="hook">
          <div class="brief passed">
            <span class="keyword indention">After</span>
                          <span class="location name">CreateNewProductSteps.tearDown()</span>
                        
  <span class="lead-duration duration">000ms</span>

          </div>

                      

          
          

        </div>
          </div>
  </div>

  </div>
</div>

                      
<div class="element">
      <div class="indention">
      <a href="features-wizard-wizardProductPricesNegative-feature.html">View Feature</a> <i>productPrices is being tested with negative scenarios</i>
    </div>
  
  
<div class="tags indention">
       <a href="productPricesWithEmptyTitleField.html">@productPricesWithEmptyTitleField</a>
  </div>


    <span data-toggle="collapse" class=" collapsable-control" data-target="#element-66">
    
<div class="brief failed">
  <span class="keyword indention">Scenario</span>
  <span class="name">provider enters a data in productPrices with empty  title field</span>
  

       <i class="chevron fa fa-fw"></i>
  </div>

  </span>
  <div class="description indention"></div>

  <div id="element-66" class="collapse collapsable-details  in ">
    
  <div class="inner-level hooks-before">
        <div data-toggle="collapse" class=" collapsed  collapsable-control" data-target="#before-67">
      
<div class="brief passed">
  <span class="keyword indention">Hooks</span>
  <span class="name"></span>
  

       <i class="chevron fa fa-fw"></i>
  </div>

    </div>

    <div id="before-67" class="inner-level collapse collapsable-details ">
              <div class="hook">
          <div class="brief passed">
            <span class="keyword indention">Before</span>
                          <span class="location name">Log_In_Authorization.setUp()</span>
                        
  <span class="lead-duration duration">000ms</span>

          </div>

                      

          
          

        </div>
              <div class="hook">
          <div class="brief passed">
            <span class="keyword indention">Before</span>
                          <span class="location name">CreateNewProductSteps.setUp()</span>
                        
  <span class="lead-duration duration">043ms</span>

          </div>

                      

          
          

        </div>
              <div class="hook">
          <div class="brief passed">
            <span class="keyword indention">Before</span>
                          <span class="location name">WizardProductNegativeSteps.setUp()</span>
                        
  <span class="lead-duration duration">037ms</span>

          </div>

                      

          
          

        </div>
          </div>
  </div>


    
<div class="steps inner-level">
    <div data-toggle="collapse" class=" collapsable-control" data-target="#steps-68">
    
<div class="brief failed">
  <span class="keyword indention">Steps</span>
  <span class="name"></span>
  

       <i class="chevron fa fa-fw"></i>
  </div>

  </div>

  <div id="steps-68" class="inner-level collapse collapsable-details  in ">
          <div class="step">
        
<div class="brief passed">
  <span class="keyword indention">Given</span>
  <span class="name">productPrices is set with the following fields</span>
  
  <span class="lead-duration duration">000ms</span>

  </div>

        


                  <table class="step-arguments">
                          <tr>
                                  <td>fromDate</td>
                                  <td>toDate</td>
                                  <td>title</td>
                                  <td>remarks</td>
                                  <td>officialPrice</td>
                                  <td>currencyId</td>
                                  <td>quantityPerDay</td>
                                  <td>autoConfirm</td>
                                  <td>pricePerPerson</td>
                                  <td>deletedAt</td>
                              </tr>
                          <tr>
                                  <td>2021-05-31T00:00:00</td>
                                  <td>2022-12-31T00:00:00</td>
                                  <td></td>
                                  <td>Test</td>
                                  <td>0</td>
                                  <td>5bpJKaVE</td>
                                  <td>123</td>
                                  <td>false</td>
                                  <td>ture</td>
                                  <td></td>
                              </tr>
                      </table>
        
        

        

        

      </div>
          <div class="step">
        
<div class="brief passed">
  <span class="keyword indention">Given</span>
  <span class="name">provider creates a new product</span>
  
  <span class="lead-duration duration">141ms</span>

  </div>

        


        
        

        

        

      </div>
          <div class="step">
        
<div class="brief failed">
  <span class="keyword indention">Then</span>
  <span class="name">verify status code is 400</span>
  
  <span class="lead-duration duration">003ms</span>

  </div>

        

  <div class="inner-level">
    <div class="message indention">
      <div data-toggle="collapse" class="collapsable-control" data-target="#msg-69">
          <a>Error message</a>
      </div>
      <div id="msg-69" class="collapse collapsable-details">
        <pre>java.lang.AssertionError: expected:<400> but was:<200>
	at org.junit.Assert.fail(Assert.java:88)
	at org.junit.Assert.failNotEquals(Assert.java:743)
	at org.junit.Assert.assertEquals(Assert.java:118)
	at org.junit.Assert.assertEquals(Assert.java:555)
	at org.junit.Assert.assertEquals(Assert.java:542)
	at www.logisense.com.cucumber.steps.common.CommonSteps.verify_status_code_is(CommonSteps.java:19)
	at ✽.Then verify status code is 400(features/wizard/wizardProductPricesNegative.feature:76)
</pre>
      </div>
    </div>
  </div>


        
        

        

        

      </div>
          <div class="step">
        
<div class="brief skipped">
  <span class="keyword indention">Then</span>
  <span class="name">verify the title is "One or more validation errors occurred."</span>
  
  <span class="lead-duration duration">000ms</span>

  </div>

        


        
        

        

        

      </div>
      </div>
</div>


    
  <div class="inner-level hooks-after">
        <div data-toggle="collapse" class=" collapsed  collapsable-control" data-target="#after-70">
      
<div class="brief passed">
  <span class="keyword indention">Hooks</span>
  <span class="name"></span>
  

       <i class="chevron fa fa-fw"></i>
  </div>

    </div>

    <div id="after-70" class="inner-level collapse collapsable-details ">
              <div class="hook">
          <div class="brief passed">
            <span class="keyword indention">After</span>
                          <span class="location name">CreateNewProductSteps.tearDown()</span>
                        
  <span class="lead-duration duration">000ms</span>

          </div>

                      

          
          

        </div>
          </div>
  </div>

  </div>
</div>

                      
<div class="element">
      <div class="indention">
      <a href="features-wizard-wizardProductPricesNegative-feature.html">View Feature</a> <i>productPrices is being tested with negative scenarios</i>
    </div>
  
  
<div class="tags indention">
       <a href="productPricesWithMissingTitleField.html">@productPricesWithMissingTitleField</a>
  </div>


    <span data-toggle="collapse" class=" collapsable-control" data-target="#element-71">
    
<div class="brief failed">
  <span class="keyword indention">Scenario</span>
  <span class="name">provider enters a data in productPrices with missing  title field</span>
  

       <i class="chevron fa fa-fw"></i>
  </div>

  </span>
  <div class="description indention"></div>

  <div id="element-71" class="collapse collapsable-details  in ">
    
  <div class="inner-level hooks-before">
        <div data-toggle="collapse" class=" collapsed  collapsable-control" data-target="#before-72">
      
<div class="brief passed">
  <span class="keyword indention">Hooks</span>
  <span class="name"></span>
  

       <i class="chevron fa fa-fw"></i>
  </div>

    </div>

    <div id="before-72" class="inner-level collapse collapsable-details ">
              <div class="hook">
          <div class="brief passed">
            <span class="keyword indention">Before</span>
                          <span class="location name">Log_In_Authorization.setUp()</span>
                        
  <span class="lead-duration duration">000ms</span>

          </div>

                      

          
          

        </div>
              <div class="hook">
          <div class="brief passed">
            <span class="keyword indention">Before</span>
                          <span class="location name">CreateNewProductSteps.setUp()</span>
                        
  <span class="lead-duration duration">037ms</span>

          </div>

                      

          
          

        </div>
              <div class="hook">
          <div class="brief passed">
            <span class="keyword indention">Before</span>
                          <span class="location name">WizardProductNegativeSteps.setUp()</span>
                        
  <span class="lead-duration duration">038ms</span>

          </div>

                      

          
          

        </div>
          </div>
  </div>


    
<div class="steps inner-level">
    <div data-toggle="collapse" class=" collapsable-control" data-target="#steps-73">
    
<div class="brief failed">
  <span class="keyword indention">Steps</span>
  <span class="name"></span>
  

       <i class="chevron fa fa-fw"></i>
  </div>

  </div>

  <div id="steps-73" class="inner-level collapse collapsable-details  in ">
          <div class="step">
        
<div class="brief passed">
  <span class="keyword indention">Given</span>
  <span class="name">productPrices is set with the following fields</span>
  
  <span class="lead-duration duration">000ms</span>

  </div>

        


                  <table class="step-arguments">
                          <tr>
                                  <td>fromDate</td>
                                  <td>toDate</td>
                                  <td>remarks</td>
                                  <td>officialPrice</td>
                                  <td>currencyId</td>
                                  <td>quantityPerDay</td>
                                  <td>autoConfirm</td>
                                  <td>pricePerPerson</td>
                                  <td>deletedAt</td>
                              </tr>
                          <tr>
                                  <td>2021-05-31T00:00:00</td>
                                  <td>2022-12-31T00:00:00</td>
                                  <td>Test</td>
                                  <td>0</td>
                                  <td>5bpJKaVE</td>
                                  <td>123</td>
                                  <td>false</td>
                                  <td>ture</td>
                                  <td></td>
                              </tr>
                      </table>
        
        

        

        

      </div>
          <div class="step">
        
<div class="brief passed">
  <span class="keyword indention">Given</span>
  <span class="name">provider creates a new product</span>
  
  <span class="lead-duration duration">076ms</span>

  </div>

        


        
        

        

        

      </div>
          <div class="step">
        
<div class="brief failed">
  <span class="keyword indention">Then</span>
  <span class="name">verify status code is 400</span>
  
  <span class="lead-duration duration">003ms</span>

  </div>

        

  <div class="inner-level">
    <div class="message indention">
      <div data-toggle="collapse" class="collapsable-control" data-target="#msg-74">
          <a>Error message</a>
      </div>
      <div id="msg-74" class="collapse collapsable-details">
        <pre>java.lang.AssertionError: expected:<400> but was:<200>
	at org.junit.Assert.fail(Assert.java:88)
	at org.junit.Assert.failNotEquals(Assert.java:743)
	at org.junit.Assert.assertEquals(Assert.java:118)
	at org.junit.Assert.assertEquals(Assert.java:555)
	at org.junit.Assert.assertEquals(Assert.java:542)
	at www.logisense.com.cucumber.steps.common.CommonSteps.verify_status_code_is(CommonSteps.java:19)
	at ✽.Then verify status code is 400(features/wizard/wizardProductPricesNegative.feature:86)
</pre>
      </div>
    </div>
  </div>


        
        

        

        

      </div>
          <div class="step">
        
<div class="brief skipped">
  <span class="keyword indention">Then</span>
  <span class="name">verify the title is "One or more validation errors occurred."</span>
  
  <span class="lead-duration duration">000ms</span>

  </div>

        


        
        

        

        

      </div>
      </div>
</div>


    
  <div class="inner-level hooks-after">
        <div data-toggle="collapse" class=" collapsed  collapsable-control" data-target="#after-75">
      
<div class="brief passed">
  <span class="keyword indention">Hooks</span>
  <span class="name"></span>
  

       <i class="chevron fa fa-fw"></i>
  </div>

    </div>

    <div id="after-75" class="inner-level collapse collapsable-details ">
              <div class="hook">
          <div class="brief passed">
            <span class="keyword indention">After</span>
                          <span class="location name">CreateNewProductSteps.tearDown()</span>
                        
  <span class="lead-duration duration">000ms</span>

          </div>

                      

          
          

        </div>
          </div>
  </div>

  </div>
</div>

                      
<div class="element">
      <div class="indention">
      <a href="features-wizard-wizardNewProductTypes-WorkingDatesNegative-feature.html">View Feature</a> <i>productTypes and productWorkingDates are being tested with negative scenarios</i>
    </div>
  
  
<div class="tags indention">
       <a href="productTypesWithMissingNameField.html">@productTypesWithMissingNameField</a>
  </div>


    <span data-toggle="collapse" class=" collapsable-control" data-target="#element-76">
    
<div class="brief failed">
  <span class="keyword indention">Scenario</span>
  <span class="name">provider enters a data in productTypes with missing name field</span>
  

       <i class="chevron fa fa-fw"></i>
  </div>

  </span>
  <div class="description indention"></div>

  <div id="element-76" class="collapse collapsable-details  in ">
    
  <div class="inner-level hooks-before">
        <div data-toggle="collapse" class=" collapsed  collapsable-control" data-target="#before-77">
      
<div class="brief passed">
  <span class="keyword indention">Hooks</span>
  <span class="name"></span>
  

       <i class="chevron fa fa-fw"></i>
  </div>

    </div>

    <div id="before-77" class="inner-level collapse collapsable-details ">
              <div class="hook">
          <div class="brief passed">
            <span class="keyword indention">Before</span>
                          <span class="location name">Log_In_Authorization.setUp()</span>
                        
  <span class="lead-duration duration">000ms</span>

          </div>

                      

          
          

        </div>
              <div class="hook">
          <div class="brief passed">
            <span class="keyword indention">Before</span>
                          <span class="location name">CreateNewProductSteps.setUp()</span>
                        
  <span class="lead-duration duration">033ms</span>

          </div>

                      

          
          

        </div>
              <div class="hook">
          <div class="brief passed">
            <span class="keyword indention">Before</span>
                          <span class="location name">WizardProductNegativeSteps.setUp()</span>
                        
  <span class="lead-duration duration">040ms</span>

          </div>

                      

          
          

        </div>
          </div>
  </div>


    
<div class="steps inner-level">
    <div data-toggle="collapse" class=" collapsable-control" data-target="#steps-78">
    
<div class="brief failed">
  <span class="keyword indention">Steps</span>
  <span class="name"></span>
  

       <i class="chevron fa fa-fw"></i>
  </div>

  </div>

  <div id="steps-78" class="inner-level collapse collapsable-details  in ">
          <div class="step">
        
<div class="brief passed">
  <span class="keyword indention">Given</span>
  <span class="name">productTypes is set with following fields</span>
  
  <span class="lead-duration duration">000ms</span>

  </div>

        


                  <table class="step-arguments">
                          <tr>
                                  <td>id</td>
                              </tr>
                          <tr>
                                  <td>5bpJ0olV</td>
                              </tr>
                      </table>
        
        

        

        

      </div>
          <div class="step">
        
<div class="brief passed">
  <span class="keyword indention">Given</span>
  <span class="name">provider creates a new product</span>
  
  <span class="lead-duration duration">075ms</span>

  </div>

        


        
        

        

        

      </div>
          <div class="step">
        
<div class="brief failed">
  <span class="keyword indention">Then</span>
  <span class="name">verify status code is 500</span>
  
  <span class="lead-duration duration">003ms</span>

  </div>

        

  <div class="inner-level">
    <div class="message indention">
      <div data-toggle="collapse" class="collapsable-control" data-target="#msg-79">
          <a>Error message</a>
      </div>
      <div id="msg-79" class="collapse collapsable-details">
        <pre>java.lang.AssertionError: expected:<500> but was:<200>
	at org.junit.Assert.fail(Assert.java:88)
	at org.junit.Assert.failNotEquals(Assert.java:743)
	at org.junit.Assert.assertEquals(Assert.java:118)
	at org.junit.Assert.assertEquals(Assert.java:555)
	at org.junit.Assert.assertEquals(Assert.java:542)
	at www.logisense.com.cucumber.steps.common.CommonSteps.verify_status_code_is(CommonSteps.java:19)
	at ✽.Then verify status code is 500(features/wizard/wizardNewProductTypes&WorkingDatesNegative.feature:33)
</pre>
      </div>
    </div>
  </div>


        
        

        

        

      </div>
          <div class="step">
        
<div class="brief skipped">
  <span class="keyword indention">Then</span>
  <span class="name">verify the title is "Internal Server Error"</span>
  
  <span class="lead-duration duration">000ms</span>

  </div>

        


        
        

        

        

      </div>
      </div>
</div>


    
  <div class="inner-level hooks-after">
        <div data-toggle="collapse" class=" collapsed  collapsable-control" data-target="#after-80">
      
<div class="brief passed">
  <span class="keyword indention">Hooks</span>
  <span class="name"></span>
  

       <i class="chevron fa fa-fw"></i>
  </div>

    </div>

    <div id="after-80" class="inner-level collapse collapsable-details ">
              <div class="hook">
          <div class="brief passed">
            <span class="keyword indention">After</span>
                          <span class="location name">CreateNewProductSteps.tearDown()</span>
                        
  <span class="lead-duration duration">000ms</span>

          </div>

                      

          
          

        </div>
          </div>
  </div>

  </div>
</div>

                      
<div class="element">
      <div class="indention">
      <a href="features-wizard-wizardNewProductTypes-WorkingDatesNegative-feature.html">View Feature</a> <i>productTypes and productWorkingDates are being tested with negative scenarios</i>
    </div>
  
  
<div class="tags indention">
       <a href="productWorkingDatesWithEmptyNameField.html">@productWorkingDatesWithEmptyNameField</a>
  </div>


    <span data-toggle="collapse" class=" collapsable-control" data-target="#element-81">
    
<div class="brief failed">
  <span class="keyword indention">Scenario</span>
  <span class="name">provider enters a data in ProductWorkingDates with empty name field</span>
  

       <i class="chevron fa fa-fw"></i>
  </div>

  </span>
  <div class="description indention"></div>

  <div id="element-81" class="collapse collapsable-details  in ">
    
  <div class="inner-level hooks-before">
        <div data-toggle="collapse" class=" collapsed  collapsable-control" data-target="#before-82">
      
<div class="brief passed">
  <span class="keyword indention">Hooks</span>
  <span class="name"></span>
  

       <i class="chevron fa fa-fw"></i>
  </div>

    </div>

    <div id="before-82" class="inner-level collapse collapsable-details ">
              <div class="hook">
          <div class="brief passed">
            <span class="keyword indention">Before</span>
                          <span class="location name">Log_In_Authorization.setUp()</span>
                        
  <span class="lead-duration duration">000ms</span>

          </div>

                      

          
          

        </div>
              <div class="hook">
          <div class="brief passed">
            <span class="keyword indention">Before</span>
                          <span class="location name">CreateNewProductSteps.setUp()</span>
                        
  <span class="lead-duration duration">045ms</span>

          </div>

                      

          
          

        </div>
              <div class="hook">
          <div class="brief passed">
            <span class="keyword indention">Before</span>
                          <span class="location name">WizardProductNegativeSteps.setUp()</span>
                        
  <span class="lead-duration duration">041ms</span>

          </div>

                      

          
          

        </div>
          </div>
  </div>


    
<div class="steps inner-level">
    <div data-toggle="collapse" class=" collapsable-control" data-target="#steps-83">
    
<div class="brief failed">
  <span class="keyword indention">Steps</span>
  <span class="name"></span>
  

       <i class="chevron fa fa-fw"></i>
  </div>

  </div>

  <div id="steps-83" class="inner-level collapse collapsable-details  in ">
          <div class="step">
        
<div class="brief passed">
  <span class="keyword indention">Given</span>
  <span class="name">productWorkingDates is set with following fields</span>
  
  <span class="lead-duration duration">000ms</span>

  </div>

        


                  <table class="step-arguments">
                          <tr>
                                  <td>fromDate</td>
                                  <td>toDate</td>
                                  <td>name</td>
                                  <td>strictHours</td>
                                  <td>deletedAt</td>
                                  <td>maxUsedTicketsQuantity</td>
                                  <td>errorCode</td>
                              </tr>
                          <tr>
                                  <td>2022-12-31</td>
                                  <td>2022-12-31</td>
                                  <td></td>
                                  <td>false</td>
                                  <td>null</td>
                                  <td>0</td>
                                  <td>0</td>
                              </tr>
                      </table>
        
        

        

        

      </div>
          <div class="step">
        
<div class="brief passed">
  <span class="keyword indention">Given</span>
  <span class="name">provider creates a new product</span>
  
  <span class="lead-duration duration">089ms</span>

  </div>

        


        
        

        

        

      </div>
          <div class="step">
        
<div class="brief failed">
  <span class="keyword indention">Then</span>
  <span class="name">verify status code is 500</span>
  
  <span class="lead-duration duration">009ms</span>

  </div>

        

  <div class="inner-level">
    <div class="message indention">
      <div data-toggle="collapse" class="collapsable-control" data-target="#msg-84">
          <a>Error message</a>
      </div>
      <div id="msg-84" class="collapse collapsable-details">
        <pre>java.lang.AssertionError: expected:<500> but was:<200>
	at org.junit.Assert.fail(Assert.java:88)
	at org.junit.Assert.failNotEquals(Assert.java:743)
	at org.junit.Assert.assertEquals(Assert.java:118)
	at org.junit.Assert.assertEquals(Assert.java:555)
	at org.junit.Assert.assertEquals(Assert.java:542)
	at www.logisense.com.cucumber.steps.common.CommonSteps.verify_status_code_is(CommonSteps.java:19)
	at ✽.Then verify status code is 500(features/wizard/wizardNewProductTypes&WorkingDatesNegative.feature:96)
</pre>
      </div>
    </div>
  </div>


        
        

        

        

      </div>
          <div class="step">
        
<div class="brief skipped">
  <span class="keyword indention">Then</span>
  <span class="name">verify the title is "Internal Server Error"</span>
  
  <span class="lead-duration duration">000ms</span>

  </div>

        


        
        

        

        

      </div>
      </div>
</div>


    
  <div class="inner-level hooks-after">
        <div data-toggle="collapse" class=" collapsed  collapsable-control" data-target="#after-85">
      
<div class="brief passed">
  <span class="keyword indention">Hooks</span>
  <span class="name"></span>
  

       <i class="chevron fa fa-fw"></i>
  </div>

    </div>

    <div id="after-85" class="inner-level collapse collapsable-details ">
              <div class="hook">
          <div class="brief passed">
            <span class="keyword indention">After</span>
                          <span class="location name">CreateNewProductSteps.tearDown()</span>
                        
  <span class="lead-duration duration">000ms</span>

          </div>

                      

          
          

        </div>
          </div>
  </div>

  </div>
</div>

                      
<div class="element">
      <div class="indention">
      <a href="features-wizard-wizardNewProductTypes-WorkingDatesNegative-feature.html">View Feature</a> <i>productTypes and productWorkingDates are being tested with negative scenarios</i>
    </div>
  
  
<div class="tags indention">
       <a href="timeSlotsWithMissingStartTimeField.html">@timeSlotsWithMissingStartTimeField</a>
  </div>


    <span data-toggle="collapse" class=" collapsable-control" data-target="#element-86">
    
<div class="brief failed">
  <span class="keyword indention">Scenario</span>
  <span class="name">provider enters a data in timeSlots with missing startTime field</span>
  

       <i class="chevron fa fa-fw"></i>
  </div>

  </span>
  <div class="description indention"></div>

  <div id="element-86" class="collapse collapsable-details  in ">
    
  <div class="inner-level hooks-before">
        <div data-toggle="collapse" class=" collapsed  collapsable-control" data-target="#before-87">
      
<div class="brief passed">
  <span class="keyword indention">Hooks</span>
  <span class="name"></span>
  

       <i class="chevron fa fa-fw"></i>
  </div>

    </div>

    <div id="before-87" class="inner-level collapse collapsable-details ">
              <div class="hook">
          <div class="brief passed">
            <span class="keyword indention">Before</span>
                          <span class="location name">Log_In_Authorization.setUp()</span>
                        
  <span class="lead-duration duration">000ms</span>

          </div>

                      

          
          

        </div>
              <div class="hook">
          <div class="brief passed">
            <span class="keyword indention">Before</span>
                          <span class="location name">CreateNewProductSteps.setUp()</span>
                        
  <span class="lead-duration duration">046ms</span>

          </div>

                      

          
          

        </div>
              <div class="hook">
          <div class="brief passed">
            <span class="keyword indention">Before</span>
                          <span class="location name">WizardProductNegativeSteps.setUp()</span>
                        
  <span class="lead-duration duration">045ms</span>

          </div>

                      

          
          

        </div>
          </div>
  </div>


    
<div class="steps inner-level">
    <div data-toggle="collapse" class=" collapsable-control" data-target="#steps-88">
    
<div class="brief failed">
  <span class="keyword indention">Steps</span>
  <span class="name"></span>
  

       <i class="chevron fa fa-fw"></i>
  </div>

  </div>

  <div id="steps-88" class="inner-level collapse collapsable-details  in ">
          <div class="step">
        
<div class="brief passed">
  <span class="keyword indention">Given</span>
  <span class="name">productWorkingDates is set with following fields</span>
  
  <span class="lead-duration duration">000ms</span>

  </div>

        


                  <table class="step-arguments">
                          <tr>
                                  <td>fromDate</td>
                                  <td>toDate</td>
                                  <td>name</td>
                                  <td>strictHours</td>
                                  <td>deletedAt</td>
                                  <td>maxUsedTicketsQuantity</td>
                                  <td>errorCode</td>
                              </tr>
                          <tr>
                                  <td>2022-12-31</td>
                                  <td>2022-12-31</td>
                                  <td>1234</td>
                                  <td>false</td>
                                  <td>null</td>
                                  <td>0</td>
                                  <td>0</td>
                              </tr>
                      </table>
        
        

        

        

      </div>
          <div class="step">
        
<div class="brief passed">
  <span class="keyword indention">Given</span>
  <span class="name">timeSlots is set with the following fields</span>
  
  <span class="lead-duration duration">000ms</span>

  </div>

        


                  <table class="step-arguments">
                          <tr>
                                  <td>active</td>
                                  <td>endTime</td>
                                  <td>dayOfWeek</td>
                                  <td>duration</td>
                                  <td>quantity</td>
                                  <td>usedQuantity</td>
                              </tr>
                          <tr>
                                  <td>false</td>
                                  <td>20:00:00</td>
                                  <td>Monday</td>
                                  <td>01:00:00</td>
                                  <td>32</td>
                                  <td>0</td>
                              </tr>
                      </table>
        
        

        

        

      </div>
          <div class="step">
        
<div class="brief passed">
  <span class="keyword indention">Given</span>
  <span class="name">provider creates a new product</span>
  
  <span class="lead-duration duration">107ms</span>

  </div>

        


        
        

        

        

      </div>
          <div class="step">
        
<div class="brief failed">
  <span class="keyword indention">Then</span>
  <span class="name">verify status code is 400</span>
  
  <span class="lead-duration duration">005ms</span>

  </div>

        

  <div class="inner-level">
    <div class="message indention">
      <div data-toggle="collapse" class="collapsable-control" data-target="#msg-89">
          <a>Error message</a>
      </div>
      <div id="msg-89" class="collapse collapsable-details">
        <pre>java.lang.AssertionError: expected:<400> but was:<200>
	at org.junit.Assert.fail(Assert.java:88)
	at org.junit.Assert.failNotEquals(Assert.java:743)
	at org.junit.Assert.assertEquals(Assert.java:118)
	at org.junit.Assert.assertEquals(Assert.java:555)
	at org.junit.Assert.assertEquals(Assert.java:542)
	at www.logisense.com.cucumber.steps.common.CommonSteps.verify_status_code_is(CommonSteps.java:19)
	at ✽.Then verify status code is 400(features/wizard/wizardNewProductTypes&WorkingDatesNegative.feature:166)
</pre>
      </div>
    </div>
  </div>


        
        

        

        

      </div>
          <div class="step">
        
<div class="brief skipped">
  <span class="keyword indention">Then</span>
  <span class="name">verify the title is "One or more validation errors occurred."</span>
  
  <span class="lead-duration duration">000ms</span>

  </div>

        


        
        

        

        

      </div>
      </div>
</div>


    
  <div class="inner-level hooks-after">
        <div data-toggle="collapse" class=" collapsed  collapsable-control" data-target="#after-90">
      
<div class="brief passed">
  <span class="keyword indention">Hooks</span>
  <span class="name"></span>
  

       <i class="chevron fa fa-fw"></i>
  </div>

    </div>

    <div id="after-90" class="inner-level collapse collapsable-details ">
              <div class="hook">
          <div class="brief passed">
            <span class="keyword indention">After</span>
                          <span class="location name">CreateNewProductSteps.tearDown()</span>
                        
  <span class="lead-duration duration">000ms</span>

          </div>

                      

          
          

        </div>
          </div>
  </div>

  </div>
</div>

                      
<div class="element">
      <div class="indention">
      <a href="features-wizard-wizardNewProductTypes-WorkingDatesNegative-feature.html">View Feature</a> <i>productTypes and productWorkingDates are being tested with negative scenarios</i>
    </div>
  
  
<div class="tags indention">
       <a href="timeSlotsWithMissingEndTimeField.html">@timeSlotsWithMissingEndTimeField</a>
  </div>


    <span data-toggle="collapse" class=" collapsable-control" data-target="#element-91">
    
<div class="brief failed">
  <span class="keyword indention">Scenario</span>
  <span class="name">provider enters a data in timeSlots with missing endTime field</span>
  

       <i class="chevron fa fa-fw"></i>
  </div>

  </span>
  <div class="description indention"></div>

  <div id="element-91" class="collapse collapsable-details  in ">
    
  <div class="inner-level hooks-before">
        <div data-toggle="collapse" class=" collapsed  collapsable-control" data-target="#before-92">
      
<div class="brief passed">
  <span class="keyword indention">Hooks</span>
  <span class="name"></span>
  

       <i class="chevron fa fa-fw"></i>
  </div>

    </div>

    <div id="before-92" class="inner-level collapse collapsable-details ">
              <div class="hook">
          <div class="brief passed">
            <span class="keyword indention">Before</span>
                          <span class="location name">Log_In_Authorization.setUp()</span>
                        
  <span class="lead-duration duration">000ms</span>

          </div>

                      

          
          

        </div>
              <div class="hook">
          <div class="brief passed">
            <span class="keyword indention">Before</span>
                          <span class="location name">CreateNewProductSteps.setUp()</span>
                        
  <span class="lead-duration duration">037ms</span>

          </div>

                      

          
          

        </div>
              <div class="hook">
          <div class="brief passed">
            <span class="keyword indention">Before</span>
                          <span class="location name">WizardProductNegativeSteps.setUp()</span>
                        
  <span class="lead-duration duration">045ms</span>

          </div>

                      

          
          

        </div>
          </div>
  </div>


    
<div class="steps inner-level">
    <div data-toggle="collapse" class=" collapsable-control" data-target="#steps-93">
    
<div class="brief failed">
  <span class="keyword indention">Steps</span>
  <span class="name"></span>
  

       <i class="chevron fa fa-fw"></i>
  </div>

  </div>

  <div id="steps-93" class="inner-level collapse collapsable-details  in ">
          <div class="step">
        
<div class="brief passed">
  <span class="keyword indention">Given</span>
  <span class="name">productWorkingDates is set with following fields</span>
  
  <span class="lead-duration duration">000ms</span>

  </div>

        


                  <table class="step-arguments">
                          <tr>
                                  <td>fromDate</td>
                                  <td>toDate</td>
                                  <td>name</td>
                                  <td>strictHours</td>
                                  <td>deletedAt</td>
                                  <td>maxUsedTicketsQuantity</td>
                                  <td>errorCode</td>
                              </tr>
                          <tr>
                                  <td>2022-12-31</td>
                                  <td>2022-12-31</td>
                                  <td>1234</td>
                                  <td>false</td>
                                  <td>null</td>
                                  <td>0</td>
                                  <td>0</td>
                              </tr>
                      </table>
        
        

        

        

      </div>
          <div class="step">
        
<div class="brief passed">
  <span class="keyword indention">Given</span>
  <span class="name">timeSlots is set with the following fields</span>
  
  <span class="lead-duration duration">000ms</span>

  </div>

        


                  <table class="step-arguments">
                          <tr>
                                  <td>active</td>
                                  <td>startTime</td>
                                  <td>dayOfWeek</td>
                                  <td>duration</td>
                                  <td>quantity</td>
                                  <td>usedQuantity</td>
                              </tr>
                          <tr>
                                  <td>false</td>
                                  <td>09:00:00</td>
                                  <td>Monday</td>
                                  <td>01:00:00</td>
                                  <td>32</td>
                                  <td>0</td>
                              </tr>
                      </table>
        
        

        

        

      </div>
          <div class="step">
        
<div class="brief passed">
  <span class="keyword indention">Given</span>
  <span class="name">provider creates a new product</span>
  
  <span class="lead-duration duration">108ms</span>

  </div>

        


        
        

        

        

      </div>
          <div class="step">
        
<div class="brief failed">
  <span class="keyword indention">Then</span>
  <span class="name">verify status code is 400</span>
  
  <span class="lead-duration duration">004ms</span>

  </div>

        

  <div class="inner-level">
    <div class="message indention">
      <div data-toggle="collapse" class="collapsable-control" data-target="#msg-94">
          <a>Error message</a>
      </div>
      <div id="msg-94" class="collapse collapsable-details">
        <pre>java.lang.AssertionError: expected:<400> but was:<200>
	at org.junit.Assert.fail(Assert.java:88)
	at org.junit.Assert.failNotEquals(Assert.java:743)
	at org.junit.Assert.assertEquals(Assert.java:118)
	at org.junit.Assert.assertEquals(Assert.java:555)
	at org.junit.Assert.assertEquals(Assert.java:542)
	at www.logisense.com.cucumber.steps.common.CommonSteps.verify_status_code_is(CommonSteps.java:19)
	at ✽.Then verify status code is 400(features/wizard/wizardNewProductTypes&WorkingDatesNegative.feature:229)
</pre>
      </div>
    </div>
  </div>


        
        

        

        

      </div>
          <div class="step">
        
<div class="brief skipped">
  <span class="keyword indention">Then</span>
  <span class="name">verify the title is "One or more validation errors occurred."</span>
  
  <span class="lead-duration duration">000ms</span>

  </div>

        


        
        

        

        

      </div>
      </div>
</div>


    
  <div class="inner-level hooks-after">
        <div data-toggle="collapse" class=" collapsed  collapsable-control" data-target="#after-95">
      
<div class="brief passed">
  <span class="keyword indention">Hooks</span>
  <span class="name"></span>
  

       <i class="chevron fa fa-fw"></i>
  </div>

    </div>

    <div id="after-95" class="inner-level collapse collapsable-details ">
              <div class="hook">
          <div class="brief passed">
            <span class="keyword indention">After</span>
                          <span class="location name">CreateNewProductSteps.tearDown()</span>
                        
  <span class="lead-duration duration">000ms</span>

          </div>

                      

          
          

        </div>
          </div>
  </div>

  </div>
</div>

                      
<div class="element">
      <div class="indention">
      <a href="features-wizard-wizardNewProductTypes-WorkingDatesNegative-feature.html">View Feature</a> <i>productTypes and productWorkingDates are being tested with negative scenarios</i>
    </div>
  
  
<div class="tags indention">
       <a href="timeSlotsWithEmptyDayOfWeekField.html">@timeSlotsWithEmptyDayOfWeekField</a>
  </div>


    <span data-toggle="collapse" class=" collapsable-control" data-target="#element-96">
    
<div class="brief failed">
  <span class="keyword indention">Scenario</span>
  <span class="name">provider enters a data in timeSlots with empty  dayOfWeek field</span>
  

       <i class="chevron fa fa-fw"></i>
  </div>

  </span>
  <div class="description indention"></div>

  <div id="element-96" class="collapse collapsable-details  in ">
    
  <div class="inner-level hooks-before">
        <div data-toggle="collapse" class=" collapsed  collapsable-control" data-target="#before-97">
      
<div class="brief passed">
  <span class="keyword indention">Hooks</span>
  <span class="name"></span>
  

       <i class="chevron fa fa-fw"></i>
  </div>

    </div>

    <div id="before-97" class="inner-level collapse collapsable-details ">
              <div class="hook">
          <div class="brief passed">
            <span class="keyword indention">Before</span>
                          <span class="location name">Log_In_Authorization.setUp()</span>
                        
  <span class="lead-duration duration">000ms</span>

          </div>

                      

          
          

        </div>
              <div class="hook">
          <div class="brief passed">
            <span class="keyword indention">Before</span>
                          <span class="location name">CreateNewProductSteps.setUp()</span>
                        
  <span class="lead-duration duration">041ms</span>

          </div>

                      

          
          

        </div>
              <div class="hook">
          <div class="brief passed">
            <span class="keyword indention">Before</span>
                          <span class="location name">WizardProductNegativeSteps.setUp()</span>
                        
  <span class="lead-duration duration">041ms</span>

          </div>

                      

          
          

        </div>
          </div>
  </div>


    
<div class="steps inner-level">
    <div data-toggle="collapse" class=" collapsable-control" data-target="#steps-98">
    
<div class="brief failed">
  <span class="keyword indention">Steps</span>
  <span class="name"></span>
  

       <i class="chevron fa fa-fw"></i>
  </div>

  </div>

  <div id="steps-98" class="inner-level collapse collapsable-details  in ">
          <div class="step">
        
<div class="brief passed">
  <span class="keyword indention">Given</span>
  <span class="name">productWorkingDates is set with following fields</span>
  
  <span class="lead-duration duration">000ms</span>

  </div>

        


                  <table class="step-arguments">
                          <tr>
                                  <td>fromDate</td>
                                  <td>toDate</td>
                                  <td>name</td>
                                  <td>strictHours</td>
                                  <td>deletedAt</td>
                                  <td>maxUsedTicketsQuantity</td>
                                  <td>errorCode</td>
                              </tr>
                          <tr>
                                  <td>2022-12-31</td>
                                  <td>2022-12-31</td>
                                  <td>1234</td>
                                  <td>false</td>
                                  <td>null</td>
                                  <td>0</td>
                                  <td>0</td>
                              </tr>
                      </table>
        
        

        

        

      </div>
          <div class="step">
        
<div class="brief passed">
  <span class="keyword indention">Given</span>
  <span class="name">timeSlots is set with the following fields</span>
  
  <span class="lead-duration duration">000ms</span>

  </div>

        


                  <table class="step-arguments">
                          <tr>
                                  <td>active</td>
                                  <td>startTime</td>
                                  <td>endTime</td>
                                  <td>dayOfWeek</td>
                                  <td>duration</td>
                                  <td>quantity</td>
                                  <td>usedQuantity</td>
                              </tr>
                          <tr>
                                  <td>false</td>
                                  <td>09:00:00</td>
                                  <td>20:00:00</td>
                                  <td></td>
                                  <td>01:00:00</td>
                                  <td>32</td>
                                  <td>0</td>
                              </tr>
                      </table>
        
        

        

        

      </div>
          <div class="step">
        
<div class="brief passed">
  <span class="keyword indention">Given</span>
  <span class="name">provider creates a new product</span>
  
  <span class="lead-duration duration">217ms</span>

  </div>

        


        
        

        

        

      </div>
          <div class="step">
        
<div class="brief failed">
  <span class="keyword indention">Then</span>
  <span class="name">verify status code is 500</span>
  
  <span class="lead-duration duration">004ms</span>

  </div>

        

  <div class="inner-level">
    <div class="message indention">
      <div data-toggle="collapse" class="collapsable-control" data-target="#msg-99">
          <a>Error message</a>
      </div>
      <div id="msg-99" class="collapse collapsable-details">
        <pre>java.lang.AssertionError: expected:<500> but was:<200>
	at org.junit.Assert.fail(Assert.java:88)
	at org.junit.Assert.failNotEquals(Assert.java:743)
	at org.junit.Assert.assertEquals(Assert.java:118)
	at org.junit.Assert.assertEquals(Assert.java:555)
	at org.junit.Assert.assertEquals(Assert.java:542)
	at www.logisense.com.cucumber.steps.common.CommonSteps.verify_status_code_is(CommonSteps.java:19)
	at ✽.Then verify status code is 500(features/wizard/wizardNewProductTypes&WorkingDatesNegative.feature:265)
</pre>
      </div>
    </div>
  </div>


        
        

        

        

      </div>
          <div class="step">
        
<div class="brief skipped">
  <span class="keyword indention">Then</span>
  <span class="name">verify the title is "Internal Server Error"</span>
  
  <span class="lead-duration duration">000ms</span>

  </div>

        


        
        

        

        

      </div>
      </div>
</div>


    
  <div class="inner-level hooks-after">
        <div data-toggle="collapse" class=" collapsed  collapsable-control" data-target="#after-100">
      
<div class="brief passed">
  <span class="keyword indention">Hooks</span>
  <span class="name"></span>
  

       <i class="chevron fa fa-fw"></i>
  </div>

    </div>

    <div id="after-100" class="inner-level collapse collapsable-details ">
              <div class="hook">
          <div class="brief passed">
            <span class="keyword indention">After</span>
                          <span class="location name">CreateNewProductSteps.tearDown()</span>
                        
  <span class="lead-duration duration">000ms</span>

          </div>

                      

          
          

        </div>
          </div>
  </div>

  </div>
</div>

                      
<div class="element">
      <div class="indention">
      <a href="features-wizard-wizardNewProductTypes-WorkingDatesNegative-feature.html">View Feature</a> <i>productTypes and productWorkingDates are being tested with negative scenarios</i>
    </div>
  
  
<div class="tags indention">
       <a href="timeSlotsWithMissingDayOfWeekField.html">@timeSlotsWithMissingDayOfWeekField</a>
  </div>


    <span data-toggle="collapse" class=" collapsable-control" data-target="#element-101">
    
<div class="brief failed">
  <span class="keyword indention">Scenario</span>
  <span class="name">provider enters a data in timeSlots with missing  dayOfWeek field</span>
  

       <i class="chevron fa fa-fw"></i>
  </div>

  </span>
  <div class="description indention"></div>

  <div id="element-101" class="collapse collapsable-details  in ">
    
  <div class="inner-level hooks-before">
        <div data-toggle="collapse" class=" collapsed  collapsable-control" data-target="#before-102">
      
<div class="brief passed">
  <span class="keyword indention">Hooks</span>
  <span class="name"></span>
  

       <i class="chevron fa fa-fw"></i>
  </div>

    </div>

    <div id="before-102" class="inner-level collapse collapsable-details ">
              <div class="hook">
          <div class="brief passed">
            <span class="keyword indention">Before</span>
                          <span class="location name">Log_In_Authorization.setUp()</span>
                        
  <span class="lead-duration duration">000ms</span>

          </div>

                      

          
          

        </div>
              <div class="hook">
          <div class="brief passed">
            <span class="keyword indention">Before</span>
                          <span class="location name">CreateNewProductSteps.setUp()</span>
                        
  <span class="lead-duration duration">057ms</span>

          </div>

                      

          
          

        </div>
              <div class="hook">
          <div class="brief passed">
            <span class="keyword indention">Before</span>
                          <span class="location name">WizardProductNegativeSteps.setUp()</span>
                        
  <span class="lead-duration duration">049ms</span>

          </div>

                      

          
          

        </div>
          </div>
  </div>


    
<div class="steps inner-level">
    <div data-toggle="collapse" class=" collapsable-control" data-target="#steps-103">
    
<div class="brief failed">
  <span class="keyword indention">Steps</span>
  <span class="name"></span>
  

       <i class="chevron fa fa-fw"></i>
  </div>

  </div>

  <div id="steps-103" class="inner-level collapse collapsable-details  in ">
          <div class="step">
        
<div class="brief passed">
  <span class="keyword indention">Given</span>
  <span class="name">productWorkingDates is set with following fields</span>
  
  <span class="lead-duration duration">000ms</span>

  </div>

        


                  <table class="step-arguments">
                          <tr>
                                  <td>fromDate</td>
                                  <td>toDate</td>
                                  <td>name</td>
                                  <td>strictHours</td>
                                  <td>deletedAt</td>
                                  <td>maxUsedTicketsQuantity</td>
                                  <td>errorCode</td>
                              </tr>
                          <tr>
                                  <td>2022-12-31</td>
                                  <td>2022-12-31</td>
                                  <td>1234</td>
                                  <td>false</td>
                                  <td>null</td>
                                  <td>0</td>
                                  <td>0</td>
                              </tr>
                      </table>
        
        

        

        

      </div>
          <div class="step">
        
<div class="brief passed">
  <span class="keyword indention">Given</span>
  <span class="name">timeSlots is set with the following fields</span>
  
  <span class="lead-duration duration">000ms</span>

  </div>

        


                  <table class="step-arguments">
                          <tr>
                                  <td>active</td>
                                  <td>startTime</td>
                                  <td>endTime</td>
                                  <td>duration</td>
                                  <td>quantity</td>
                                  <td>usedQuantity</td>
                              </tr>
                          <tr>
                                  <td>false</td>
                                  <td>09:00:00</td>
                                  <td>20:00:00</td>
                                  <td>01:00:00</td>
                                  <td>32</td>
                                  <td>0</td>
                              </tr>
                      </table>
        
        

        

        

      </div>
          <div class="step">
        
<div class="brief passed">
  <span class="keyword indention">Given</span>
  <span class="name">provider creates a new product</span>
  
  <span class="lead-duration duration">070ms</span>

  </div>

        


        
        

        

        

      </div>
          <div class="step">
        
<div class="brief failed">
  <span class="keyword indention">Then</span>
  <span class="name">verify status code is 500</span>
  
  <span class="lead-duration duration">004ms</span>

  </div>

        

  <div class="inner-level">
    <div class="message indention">
      <div data-toggle="collapse" class="collapsable-control" data-target="#msg-104">
          <a>Error message</a>
      </div>
      <div id="msg-104" class="collapse collapsable-details">
        <pre>java.lang.AssertionError: expected:<500> but was:<200>
	at org.junit.Assert.fail(Assert.java:88)
	at org.junit.Assert.failNotEquals(Assert.java:743)
	at org.junit.Assert.assertEquals(Assert.java:118)
	at org.junit.Assert.assertEquals(Assert.java:555)
	at org.junit.Assert.assertEquals(Assert.java:542)
	at www.logisense.com.cucumber.steps.common.CommonSteps.verify_status_code_is(CommonSteps.java:19)
	at ✽.Then verify status code is 500(features/wizard/wizardNewProductTypes&WorkingDatesNegative.feature:278)
</pre>
      </div>
    </div>
  </div>


        
        

        

        

      </div>
          <div class="step">
        
<div class="brief skipped">
  <span class="keyword indention">Then</span>
  <span class="name">verify the title is "Internal Server Error"</span>
  
  <span class="lead-duration duration">000ms</span>

  </div>

        


        
        

        

        

      </div>
      </div>
</div>


    
  <div class="inner-level hooks-after">
        <div data-toggle="collapse" class=" collapsed  collapsable-control" data-target="#after-105">
      
<div class="brief passed">
  <span class="keyword indention">Hooks</span>
  <span class="name"></span>
  

       <i class="chevron fa fa-fw"></i>
  </div>

    </div>

    <div id="after-105" class="inner-level collapse collapsable-details ">
              <div class="hook">
          <div class="brief passed">
            <span class="keyword indention">After</span>
                          <span class="location name">CreateNewProductSteps.tearDown()</span>
                        
  <span class="lead-duration duration">000ms</span>

          </div>

                      

          
          

        </div>
          </div>
  </div>

  </div>
</div>

                      
<div class="element">
      <div class="indention">
      <a href="features-wizard-wizardNewProductTypes-WorkingDatesNegative-feature.html">View Feature</a> <i>productTypes and productWorkingDates are being tested with negative scenarios</i>
    </div>
  
  
<div class="tags indention">
       <a href="timeSlotsWithMissingDurationField.html">@timeSlotsWithMissingDurationField</a>
  </div>


    <span data-toggle="collapse" class=" collapsable-control" data-target="#element-106">
    
<div class="brief failed">
  <span class="keyword indention">Scenario</span>
  <span class="name">provider enters a data in timeSlots with missing  duration field</span>
  

       <i class="chevron fa fa-fw"></i>
  </div>

  </span>
  <div class="description indention"></div>

  <div id="element-106" class="collapse collapsable-details  in ">
    
  <div class="inner-level hooks-before">
        <div data-toggle="collapse" class=" collapsed  collapsable-control" data-target="#before-107">
      
<div class="brief passed">
  <span class="keyword indention">Hooks</span>
  <span class="name"></span>
  

       <i class="chevron fa fa-fw"></i>
  </div>

    </div>

    <div id="before-107" class="inner-level collapse collapsable-details ">
              <div class="hook">
          <div class="brief passed">
            <span class="keyword indention">Before</span>
                          <span class="location name">Log_In_Authorization.setUp()</span>
                        
  <span class="lead-duration duration">000ms</span>

          </div>

                      

          
          

        </div>
              <div class="hook">
          <div class="brief passed">
            <span class="keyword indention">Before</span>
                          <span class="location name">CreateNewProductSteps.setUp()</span>
                        
  <span class="lead-duration duration">041ms</span>

          </div>

                      

          
          

        </div>
              <div class="hook">
          <div class="brief passed">
            <span class="keyword indention">Before</span>
                          <span class="location name">WizardProductNegativeSteps.setUp()</span>
                        
  <span class="lead-duration duration">042ms</span>

          </div>

                      

          
          

        </div>
          </div>
  </div>


    
<div class="steps inner-level">
    <div data-toggle="collapse" class=" collapsable-control" data-target="#steps-108">
    
<div class="brief failed">
  <span class="keyword indention">Steps</span>
  <span class="name"></span>
  

       <i class="chevron fa fa-fw"></i>
  </div>

  </div>

  <div id="steps-108" class="inner-level collapse collapsable-details  in ">
          <div class="step">
        
<div class="brief passed">
  <span class="keyword indention">Given</span>
  <span class="name">productWorkingDates is set with following fields</span>
  
  <span class="lead-duration duration">000ms</span>

  </div>

        


                  <table class="step-arguments">
                          <tr>
                                  <td>fromDate</td>
                                  <td>toDate</td>
                                  <td>name</td>
                                  <td>strictHours</td>
                                  <td>deletedAt</td>
                                  <td>maxUsedTicketsQuantity</td>
                                  <td>errorCode</td>
                              </tr>
                          <tr>
                                  <td>2022-12-31</td>
                                  <td>2022-12-31</td>
                                  <td>1234</td>
                                  <td>false</td>
                                  <td>null</td>
                                  <td>0</td>
                                  <td>0</td>
                              </tr>
                      </table>
        
        

        

        

      </div>
          <div class="step">
        
<div class="brief passed">
  <span class="keyword indention">Given</span>
  <span class="name">timeSlots is set with the following fields</span>
  
  <span class="lead-duration duration">000ms</span>

  </div>

        


                  <table class="step-arguments">
                          <tr>
                                  <td>active</td>
                                  <td>startTime</td>
                                  <td>endTime</td>
                                  <td>dayOfWeek</td>
                                  <td>quantity</td>
                                  <td>usedQuantity</td>
                              </tr>
                          <tr>
                                  <td>false</td>
                                  <td>09:00:00</td>
                                  <td>20:00:00</td>
                                  <td>Monday</td>
                                  <td>32</td>
                                  <td>0</td>
                              </tr>
                      </table>
        
        

        

        

      </div>
          <div class="step">
        
<div class="brief passed">
  <span class="keyword indention">Given</span>
  <span class="name">provider creates a new product</span>
  
  <span class="lead-duration duration">167ms</span>

  </div>

        


        
        

        

        

      </div>
          <div class="step">
        
<div class="brief failed">
  <span class="keyword indention">Then</span>
  <span class="name">verify status code is 400</span>
  
  <span class="lead-duration duration">003ms</span>

  </div>

        

  <div class="inner-level">
    <div class="message indention">
      <div data-toggle="collapse" class="collapsable-control" data-target="#msg-109">
          <a>Error message</a>
      </div>
      <div id="msg-109" class="collapse collapsable-details">
        <pre>java.lang.AssertionError: expected:<400> but was:<200>
	at org.junit.Assert.fail(Assert.java:88)
	at org.junit.Assert.failNotEquals(Assert.java:743)
	at org.junit.Assert.assertEquals(Assert.java:118)
	at org.junit.Assert.assertEquals(Assert.java:555)
	at org.junit.Assert.assertEquals(Assert.java:542)
	at www.logisense.com.cucumber.steps.common.CommonSteps.verify_status_code_is(CommonSteps.java:19)
	at ✽.Then verify status code is 400(features/wizard/wizardNewProductTypes&WorkingDatesNegative.feature:328)
</pre>
      </div>
    </div>
  </div>


        
        

        

        

      </div>
          <div class="step">
        
<div class="brief skipped">
  <span class="keyword indention">Then</span>
  <span class="name">verify the title is "One or more validation errors occurred."</span>
  
  <span class="lead-duration duration">000ms</span>

  </div>

        


        
        

        

        

      </div>
      </div>
</div>


    
  <div class="inner-level hooks-after">
        <div data-toggle="collapse" class=" collapsed  collapsable-control" data-target="#after-110">
      
<div class="brief passed">
  <span class="keyword indention">Hooks</span>
  <span class="name"></span>
  

       <i class="chevron fa fa-fw"></i>
  </div>

    </div>

    <div id="after-110" class="inner-level collapse collapsable-details ">
              <div class="hook">
          <div class="brief passed">
            <span class="keyword indention">After</span>
                          <span class="location name">CreateNewProductSteps.tearDown()</span>
                        
  <span class="lead-duration duration">000ms</span>

          </div>

                      

          
          

        </div>
          </div>
  </div>

  </div>
</div>

                  </div>
          </div>
  </div>
</div>
<br>

<nav class="navbar navbar-default" id="footer">
  <div class="container-fluid">
    <p class="navbar-text navbar-right">
        <small>generate Cucumber HTML reports via:&nbsp;</small>
        <a class="navbar-link" href="https://github.com/jenkinsci/cucumber-reports-plugin">Jenkins Plugin</a> |
        <a class="navbar-link" href="https://github.com/damianszczepanik/cucumber-reporting">Standalone</a> |
        <a class="navbar-link" href="https://github.com/damianszczepanik/cucumber-sandwich">Sandwich</a> |
        <a class="navbar-link" href="https://github.com/damianszczepanik/maven-cucumber-reporting">Maven</a>
        &nbsp;&nbsp;
    </p>
  </div>
</nav>

</body>
</html>
