<?xml version="1.0" encoding="UTF-8"?>
<testsuite xmlns:xsi="http://www.w3.org/2001/XMLSchema-instance" xsi:noNamespaceSchemaLocation="https://maven.apache.org/surefire/maven-surefire-plugin/xsd/surefire-test-report.xsd" name="www.logisense.com.cucumber.testrunners.wizard.WizardNewProductRequestTest" time="43.21" tests="395" errors="0" skipped="18" failures="44">
  <properties>
[...]
</properties>
  <testcase name="Given product is set with the following fields" classname="Scenario: provider creates a new product" time="0"/>
  <testcase name="Scenario: provider creates a new product" classname="Scenario: provider creates a new product" time="0"/>
  <testcase name="Given productTypes is set with following fields" classname="Scenario: provider enters a data in productTypes" time="0"/>
  <testcase name="Scenario: provider enters a data in productTypes" classname="Scenario: provider enters a data in productTypes" time="0"/>
  <testcase name="Given productWorkingDates is set with following fields" classname="Scenario: provider enters a data in ProductWorkingDates" time="0"/>
  <testcase name="Scenario: provider enters a data in ProductWorkingDates" classname="Scenario: provider enters a data in ProductWorkingDates" time="0"/>
  <testcase name="Given timeSlots is set with the following fields" classname="Scenario: provider enters a data in timeSlots" time="0"/>
  <testcase name="Scenario: provider enters a data in timeSlots" classname="Scenario: provider enters a data in timeSlots" time="0"/>
  <testcase name="Given productRegions is set with the following fields" classname="Scenario: provider enters a data in ProductRegions" time="0"/>
  <testcase name="Scenario: provider enters a data in ProductRegions" classname="Scenario: provider enters a data in ProductRegions" time="0"/>
  <testcase name="Given productPrices is set with the following fields" classname="Scenario: provider enters a data in ProductPrices" time="0"/>
  <testcase name="Scenario: provider enters a data in ProductPrices" classname="Scenario: provider enters a data in ProductPrices" time="0"/>
  <testcase name="Then productPriceTypes is set with the following dates" classname="Scenario: provider enters a data in productPriceTypes" time="0"/>
  <testcase name="Scenario: provider enters a data in productPriceTypes" classname="Scenario: provider enters a data in productPriceTypes" time="0"/>
  <testcase name="Given productCustomerType is set with the following fields" classname="Scenario: provider enters a data in productCustomerType" time="0"/>
  <testcase name="Scenario: provider enters a data in productCustomerType" classname="Scenario: provider enters a data in productCustomerType" time="0"/>
  <testcase name="Given productCustomerTypes is set with following fields" classname="Scenario: provider enters a data in productCustomerTypes" time="0"/>
  <testcase name="Scenario: provider enters a data in productCustomerTypes" classname="Scenario: provider enters a data in productCustomerTypes" time="0"/>
  <testcase name="Given City is set with the following fields" classname="Scenario: provider enters a data in City" time="0"/>
  <testcase name="Scenario: provider enters a data in City" classname="Scenario: provider enters a data in City" time="0"/>
  <testcase name="Given productIncludedTags is set with the following fields" classname="Scenario: provider enters a data in productIncludedTags" time="0"/>
  <testcase name="Scenario: provider enters a data in productIncludedTags" classname="Scenario: provider enters a data in productIncludedTags" time="0"/>
  <testcase name="Given productExcludedTags is set with the following fields" classname="Scenario: provider enters a data in productExcludedTags" time="0"/>
  <testcase name="Scenario: provider enters a data in productExcludedTags" classname="Scenario: provider enters a data in productExcludedTags" time="0"/>
  <testcase name="Given productTags is set with the following fields" classname="Scenario: provider enters a data in productTags" time="0"/>
  <testcase name="Scenario: provider enters a data in productTags" classname="Scenario: provider enters a data in productTags" time="0"/>
  <testcase name="Given productVideos is set with the following fields" classname="Scenario: provider enters a data in product videos" time="0"/>
  <testcase name="Scenario: provider enters a data in product videos" classname="Scenario: provider enters a data in product videos" time="0"/>
  <testcase name="Given provider creates a new product" classname="Scenario: Provider creates a new product" time="0"/>
  <testcase name="Then verify status code is 200" classname="Scenario: Provider creates a new product" time="0"/>
  <testcase name="Scenario: Provider creates a new product" classname="Scenario: Provider creates a new product" time="0"/>
  <testcase name="Then verify that new product is set with following fields" classname="Scenario: verify that product has been created" time="0"/>
  <testcase name="Scenario: verify that product has been created" classname="Scenario: verify that product has been created" time="0"/>
  <testcase name="Given verify that ProductWorkingDates is set with following fields" classname="Scenario: verify that ProductWorkingDates has been created" time="0"/>
  <testcase name="Scenario: verify that ProductWorkingDates has been created" classname="Scenario: verify that ProductWorkingDates has been created" time="0"/>
  <testcase name="Given verify that timeSlots is set with following fields" classname="Scenario: verify that timeSlots has been created" time="0"/>
  <testcase name="Scenario: verify that timeSlots has been created" classname="Scenario: verify that timeSlots has been created" time="0"/>
  <testcase name="Given verify that productRegions is set with following fields" classname="Scenario: verify that productRegions have been created" time="0.008">
    <failure message="failure of regionName  expected:&lt;Eilat&gt; but was:&lt;null&gt;" type="java.lang.AssertionError"><![CDATA[java.lang.AssertionError: failure of regionName  expected:<Eilat> but was:<null>
]]></failure>
    <system-out><![CDATA[
  Scenario: verify that timeSlots has been created           &amp#27;[90m# features/wizard/wizardNewProduct.feature:106&amp#27;[0m
    &amp#27;[32mGiven &amp#27;[0m&amp#27;[32mverify that timeSlots is set with following fields&amp#27;[0m &amp#27;[90m# CreateNewProductSteps.verifyThatTimeSlotsIsSetWithFollowingFields(String,String>>)&amp#27;[0m
]]></system-out>
  </testcase>
  <testcase name="Scenario: verify that productRegions have been created" classname="Scenario: verify that productRegions have been created" time="0.008">
    <failure message="failure of regionName  expected:&lt;Eilat&gt; but was:&lt;null&gt;" type="java.lang.AssertionError"><![CDATA[java.lang.AssertionError: failure of regionName  expected:<Eilat> but was:<null>
]]></failure>
  </testcase>
  <testcase name="Given verify that productPrices is set with following field" classname="Scenario: verify that productPrices have been created" time="0"/>
  <testcase name="Scenario: verify that productPrices have been created" classname="Scenario: verify that productPrices have been created" time="0.008"/>
  <testcase name="Given verify that productPriceTypes is set with following fields" classname="Scenario: verify that productPriceTypes have been created" time="0"/>
  <testcase name="Scenario: verify that productPriceTypes have been created" classname="Scenario: verify that productPriceTypes have been created" time="0"/>
  <testcase name="Given verify that productCustomerType is set with following fields" classname="Scenario: verify that productCustomerType has been created" time="0"/>
  <testcase name="Scenario: verify that productCustomerType has been created" classname="Scenario: verify that productCustomerType has been created" time="0"/>
  <testcase name="Given verify that productCustomerTypes is set with following fields" classname="Scenario: verify that productCustomerTypes have been created" time="0"/>
  <testcase name="Scenario: verify that productCustomerTypes have been created" classname="Scenario: verify that productCustomerTypes have been created" time="0"/>
  <testcase name="Given verify that city is set with following fields" classname="Scenario: verify that city has been created" time="0"/>
  <testcase name="Scenario: verify that city has been created" classname="Scenario: verify that city has been created" time="0"/>
  <testcase name="Given verify that productIncludedTags is set with following fields" classname="Scenario: verify that productIncludedTags have been created" time="0">
    <failure message="failure of subTagName  expected:&lt;WiFi&gt; but was:&lt;null&gt;" type="java.lang.AssertionError"><![CDATA[java.lang.AssertionError: failure of subTagName  expected:<WiFi> but was:<null>
]]></failure>
    <system-out><![CDATA[
  Scenario: verify that city has been created           &amp#27;[90m# features/wizard/wizardNewProduct.feature:137&amp#27;[0m
    &amp#27;[32mGiven &amp#27;[0m&amp#27;[32mverify that city is set with following fields&amp#27;[0m &amp#27;[90m# CreateNewProductSteps.verifyThatCityIsSetWithFollowingFields(String,String>>)&amp#27;[0m
]]></system-out>
  </testcase>
  <testcase name="Scenario: verify that productIncludedTags have been created" classname="Scenario: verify that productIncludedTags have been created" time="0">
    <failure message="failure of subTagName  expected:&lt;WiFi&gt; but was:&lt;null&gt;" type="java.lang.AssertionError"><![CDATA[java.lang.AssertionError: failure of subTagName  expected:<WiFi> but was:<null>
]]></failure>
  </testcase>
  <testcase name="Given verify that productExcludedTags is set with following fields" classname="Scenario: verify that productExcludedTags have been created" time="0">
    <failure message="failure of subTagName  expected:&lt;Food&gt; but was:&lt;null&gt;" type="java.lang.AssertionError"><![CDATA[java.lang.AssertionError: failure of subTagName  expected:<Food> but was:<null>
]]></failure>
    <system-out><![CDATA[
  Scenario: verify that productIncludedTags have been created          &amp#27;[90m# features/wizard/wizardNewProduct.feature:142&amp#27;[0m
    &amp#27;[31mGiven &amp#27;[0m&amp#27;[31mverify that productIncludedTags is set with following fields&amp#27;[0m &amp#27;[90m# CreateNewProductSteps.verifyThatProductIncludedTagsIsSetWithFollowingFields(String,String>>)&amp#27;[0m
      &amp#27;[31mjava.lang.AssertionError: failure of subTagName  expected:<WiFi> but was:<null>
      	at org.junit.Assert.fail(Assert.java:88)
      	at org.junit.Assert.failNotEquals(Assert.java:743)
      	at org.junit.Assert.assertEquals(Assert.java:118)
      	at www.logisense.com.cucumber.steps.newProduct.CreateNewProductSteps.verifyThatProductIncludedTagsIsSetWithFollowingFields(CreateNewProductSteps.java:524)
      	at ?.Given verify that productIncludedTags is set with following fields(features/wizard/wizardNewProduct.feature:143)
      &amp#27;[0m
]]></system-out>
  </testcase>
  <testcase name="Scenario: verify that productExcludedTags have been created" classname="Scenario: verify that productExcludedTags have been created" time="0">
    <failure message="failure of subTagName  expected:&lt;Food&gt; but was:&lt;null&gt;" type="java.lang.AssertionError"><![CDATA[java.lang.AssertionError: failure of subTagName  expected:<Food> but was:<null>
]]></failure>
  </testcase>
  <testcase name="Given verify that productTags is set with following fields" classname="Scenario: verify that productTags has been created" time="0">
    <failure message="failure of subTagName  expected:&lt;Extreme&gt; but was:&lt;null&gt;" type="java.lang.AssertionError"><![CDATA[java.lang.AssertionError: failure of subTagName  expected:<Extreme> but was:<null>
]]></failure>
    <system-out><![CDATA[
  Scenario: verify that productExcludedTags have been created          &amp#27;[90m# features/wizard/wizardNewProduct.feature:147&amp#27;[0m
    &amp#27;[31mGiven &amp#27;[0m&amp#27;[31mverify that productExcludedTags is set with following fields&amp#27;[0m &amp#27;[90m# CreateNewProductSteps.verifyThatProductExcludedTagsIsSetWithFollowingFields(String,String>>)&amp#27;[0m
      &amp#27;[31mjava.lang.AssertionError: failure of subTagName  expected:<Food> but was:<null>
      	at org.junit.Assert.fail(Assert.java:88)
      	at org.junit.Assert.failNotEquals(Assert.java:743)
      	at org.junit.Assert.assertEquals(Assert.java:118)
      	at www.logisense.com.cucumber.steps.newProduct.CreateNewProductSteps.verifyThatProductExcludedTagsIsSetWithFollowingFields(CreateNewProductSteps.java:533)
      	at ?.Given verify that productExcludedTags is set with following fields(features/wizard/wizardNewProduct.feature:148)
      &amp#27;[0m
]]></system-out>
  </testcase>
  <testcase name="Scenario: verify that productTags has been created" classname="Scenario: verify that productTags has been created" time="0">
    <failure message="failure of subTagName  expected:&lt;Extreme&gt; but was:&lt;null&gt;" type="java.lang.AssertionError"><![CDATA[java.lang.AssertionError: failure of subTagName  expected:<Extreme> but was:<null>
]]></failure>
  </testcase>
  <testcase name="Given verify that productVideos is set with following fields" classname="Scenario: verify that productVideos have been created" time="0"/>
  <testcase name="Scenario: verify that productVideos have been created" classname="Scenario: verify that productVideos have been created" time="0"/>
  <testcase name="Given product is set with the following fields" classname="Scenario: Provider creates a new product with the same data" time="0"/>
  <testcase name="Given productVideos is set with the following fields" classname="Scenario: Provider creates a new product with the same data" time="0"/>
  <testcase name="Given provider creates a new product" classname="Scenario: Provider creates a new product with the same data" time="0"/>
  <testcase name="Then verify status code is 500" classname="Scenario: Provider creates a new product with the same data" time="0">
    <failure message="expected:&lt;500&gt; but was:&lt;200&gt;" type="java.lang.AssertionError"><![CDATA[java.lang.AssertionError: expected:<500> but was:<200>
]]></failure>
    <system-out><![CDATA[{
    "id": "Gaz735lV",
    "name": "AutoTest",
    "productTypeId": null,
    "active": true,
    "shortDescription": "Test For Automation 1",
    "fullDescription": "Automation for API in Postman",
    "mostPopular": null,
    "longitude": 456.456,
    "latitude": 3245678.5467,
    "calendarColor": "blue",
    "address": "Bishkek",
    "cityId": "QrO9wnae",
    "createdAt": "2021-06-16T11:24:03.581852",
    "productImages": [
        
    ],
    "productDocuments": [
        
    ],
    "productTypes": null,
    "productWorkingDates": [
        {
            "id": "Ybpv5BOJ",
            "productId": "Gaz735lV",
            "fromDate": "2021-05-27",
            "toDate": "2022-12-31",
            "name": "1234567sdfgh#$#%^%&",
            "strictHours": false,
            "timeSlots": [
                {
                    "id": "Yayq9zaW",
                    "productWorkingDateId": "Ybpv5BOJ",
                    "dayOfWeek": "Monday",
                    "startTime": "09:00:00",
                    "endTime": "20:00:00",
                    "duration": "01:00:00",
                    "quantity": 67,
                    "usedQuantity": 0,
                    "active": false,
                    "deletedAt": null
                }
            ],
            "deletedAt": null,
            "maxUsedTicketsQuantity": 0,
            "errorCode": 0
        }
    ],
    "productRegions": [
        {
            "id": "5bpJGVaV",
            "productId": "Gaz735lV",
            "regionId": "5bpJKaVE",
            "regionName": null
        }
    ],
    "productPrices": [
        {
            "id": "0GpbGXar",
            "productId": "Gaz735lV",
            "channelId": "5bpJKaVE",
            "fromDate": "2021-05-31T00:00:00",
            "toDate": "2022-12-31T00:00:00",
            "title": "API",
            "remarks": "Test",
            "officialPrice": 0,
            "currencyId": "5bpJKaVE",
            "quantityPerDay": 123,
            "autoConfirm": false,
            "pricePerPerson": false,
            "productPriceTypes": [
                {
                    "id": "M5l12VOW",
                    "productPriceId": "0GpbGXar",
                    "productCustomerTypeId": "5l1AkzlW",
                    "amount": 57,
                    "currencyId": "Belm3pnb",
                    "currencySymbol": null,
                    "isOfficial": true,
                    "productCustomerType": {
                        "id": "5l1AkzlW",
                        "productId": "yxl4wVaj",
                        "name": "?????"
                    }
                }
            ],
            "deletedAt": null
        }
    ],
    "productCustomerTypes": [
        {
            "id": "Yp6gzdaK",
            "productId": "Gaz735lV",
            "name": "API"
        },
        {
            "id": "wOXz1nao",
            "productId": "Gaz735lV",
            "name": "?????"
        },
        {
            "id": "YayqvYaW",
            "productId": "Gaz735lV",
            "name": "???"
        },
        {
            "id": "3pWo2Rp4",
            "productId": "Gaz735lV",
            "name": "?????"
        }
    ],
    "city": {
        "id": "QrO9wnae",
        "name": "Israel"
    },
    "productIncludedTags": [
        {
            "id": "r1lk0GO6",
            "productId": "Gaz735lV",
            "subTagId": "jLa3rjpz",
            "parentTagId": null,
            "subTagName": null
        }
    ],
    "productExcludedTags": [
        {
            "id": "KPleWVpv",
            "productId": "Gaz735lV",
            "subTagId": "4eO8gvlP",
            "parentTagId": null,
            "subTagName": null
        }
    ],
    "productTags": [
        {
            "id": "zpM6Eea6",
            "productId": "Gaz735lV",
            "subTagId": "qeaZMepd",
            "parentTagId": null,
            "subTagName": null
        }
    ],
    "productTranslations": null,
    "productVideos": [
        {
            "id": "KPleVNOv",
            "productId": "Gaz735lV",
            "path": "https://www.youtube.com/watch?v=u1yVCeXYya4&list=RDMMu1yVCeXYya4&start_radio=1"
        }
    ]
}
{
    "id": "Gaz735lV",
    "name": "AutoTest",
    "productTypeId": null,
    "active": true,
    "shortDescription": "Test For Automation 1",
    "fullDescription": "Automation for API in Postman",
    "mostPopular": null,
    "longitude": 456.456,
    "latitude": 3245678.5467,
    "calendarColor": "blue",
    "address": "Bishkek",
    "cityId": "QrO9wnae",
    "createdAt": "2021-06-16T11:24:03.581852",
    "productImages": [
        
    ],
    "productDocuments": [
        
    ],
    "productTypes": null,
    "productWorkingDates": [
        {
            "id": "Ybpv5BOJ",
            "productId": "Gaz735lV",
            "fromDate": "2021-05-27",
            "toDate": "2022-12-31",
            "name": "1234567sdfgh#$#%^%&",
            "strictHours": false,
            "timeSlots": [
                {
                    "id": "Yayq9zaW",
                    "productWorkingDateId": "Ybpv5BOJ",
                    "dayOfWeek": "Monday",
                    "startTime": "09:00:00",
                    "endTime": "20:00:00",
                    "duration": "01:00:00",
                    "quantity": 67,
                    "usedQuantity": 0,
                    "active": false,
                    "deletedAt": null
                }
            ],
            "deletedAt": null,
            "maxUsedTicketsQuantity": 0,
            "errorCode": 0
        }
    ],
    "productRegions": [
        {
            "id": "5bpJGVaV",
            "productId": "Gaz735lV",
            "regionId": "5bpJKaVE",
            "regionName": null
        }
    ],
    "productPrices": [
        {
            "id": "0GpbGXar",
            "productId": "Gaz735lV",
            "channelId": "5bpJKaVE",
            "fromDate": "2021-05-31T00:00:00",
            "toDate": "2022-12-31T00:00:00",
            "title": "API",
            "remarks": "Test",
            "officialPrice": 0,
            "currencyId": "5bpJKaVE",
            "quantityPerDay": 123,
            "autoConfirm": false,
            "pricePerPerson": false,
            "productPriceTypes": [
                {
                    "id": "M5l12VOW",
                    "productPriceId": "0GpbGXar",
                    "productCustomerTypeId": "5l1AkzlW",
                    "amount": 57,
                    "currencyId": "Belm3pnb",
                    "currencySymbol": null,
                    "isOfficial": true,
                    "productCustomerType": {
                        "id": "5l1AkzlW",
                        "productId": "yxl4wVaj",
                        "name": "?????"
                    }
                }
            ],
            "deletedAt": null
        }
    ],
    "productCustomerTypes": [
        {
            "id": "Yp6gzdaK",
            "productId": "Gaz735lV",
            "name": "API"
        },
        {
            "id": "wOXz1nao",
            "productId": "Gaz735lV",
            "name": "?????"
        },
        {
            "id": "YayqvYaW",
            "productId": "Gaz735lV",
            "name": "???"
        },
        {
            "id": "3pWo2Rp4",
            "productId": "Gaz735lV",
            "name": "?????"
        }
    ],
    "city": {
        "id": "QrO9wnae",
        "name": "Israel"
    },
    "productIncludedTags": [
        {
            "id": "r1lk0GO6",
            "productId": "Gaz735lV",
            "subTagId": "jLa3rjpz",
            "parentTagId": null,
            "subTagName": null
        }
    ],
    "productExcludedTags": [
        {
            "id": "KPleWVpv",
            "productId": "Gaz735lV",
            "subTagId": "4eO8gvlP",
            "parentTagId": null,
            "subTagName": null
        }
    ],
    "productTags": [
        {
            "id": "zpM6Eea6",
            "productId": "Gaz735lV",
            "subTagId": "qeaZMepd",
            "parentTagId": null,
            "subTagName": null
        }
    ],
    "productTranslations": null,
    "productVideos": [
        {
            "id": "KPleVNOv",
            "productId": "Gaz735lV",
            "path": "https://www.youtube.com/watch?v=u1yVCeXYya4&list=RDMMu1yVCeXYya4&start_radio=1"
        }
    ]
}
]]></system-out>
  </testcase>
  <testcase name="Scenario: Provider creates a new product with the same data" classname="Scenario: Provider creates a new product with the same data" time="0">
    <failure message="expected:&lt;500&gt; but was:&lt;200&gt;" type="java.lang.AssertionError"><![CDATA[java.lang.AssertionError: expected:<500> but was:<200>
]]></failure>
  </testcase>
  <testcase name="Then verify the title is &quot;Internal Server Error&quot;" classname="Scenario: Provider creates a new product with the same data" time="0">
    <skipped/>
  </testcase>
  <testcase name="Given product is set with the following fields" classname="Scenario: Provider creates a new product with missing name field" time="0"/>
  <testcase name="Given productVideos is set with the following fields" classname="Scenario: Provider creates a new product with missing name field" time="0"/>
  <testcase name="Given provider creates a new product" classname="Scenario: Provider creates a new product with missing name field" time="0"/>
  <testcase name="Then verify status code is 500" classname="Scenario: Provider creates a new product with missing name field" time="0"/>
  <testcase name="Then verify the title is &quot;Internal Server Error&quot;" classname="Scenario: Provider creates a new product with missing name field" time="0"/>
  <testcase name="Scenario: Provider creates a new product with missing name field" classname="Scenario: Provider creates a new product with missing name field" time="0"/>
  <testcase name="Given product is set with the following fields" classname="Scenario: Provider creates a new product with empty name field" time="0"/>
  <testcase name="Given productVideos is set with the following fields" classname="Scenario: Provider creates a new product with empty name field" time="0"/>
  <testcase name="Given provider creates a new product" classname="Scenario: Provider creates a new product with empty name field" time="0"/>
  <testcase name="Then verify status code is 400" classname="Scenario: Provider creates a new product with empty name field" time="0">
    <failure message="expected:&lt;400&gt; but was:&lt;200&gt;" type="java.lang.AssertionError"><![CDATA[java.lang.AssertionError: expected:<400> but was:<200>
]]></failure>
    <system-out><![CDATA[{
    "id": "PleoAopv",
    "name": "",
    "productTypeId": null,
    "active": true,
    "shortDescription": "Test For Automation 1",
    "fullDescription": "Automation for API in Postman",
    "mostPopular": null,
    "longitude": 456.456,
    "latitude": 3245678.5467,
    "calendarColor": "blue",
    "address": "Bishkek",
    "cityId": "5rO724l6",
    "createdAt": "2021-06-16T11:24:06.483465",
    "productImages": [
        
    ],
    "productDocuments": [
        
    ],
    "productTypes": null,
    "productWorkingDates": [
        {
            "id": "ozOPx8Oj",
            "productId": "PleoAopv",
            "fromDate": "2021-05-27",
            "toDate": "2022-12-31",
            "name": "1234567sdfgh#$#%^%&",
            "strictHours": false,
            "timeSlots": [
                {
                    "id": "3pWoLjp4",
                    "productWorkingDateId": "ozOPx8Oj",
                    "dayOfWeek": "Monday",
                    "startTime": "09:00:00",
                    "endTime": "20:00:00",
                    "duration": "01:00:00",
                    "quantity": 67,
                    "usedQuantity": 0,
                    "active": false,
                    "deletedAt": null
                }
            ],
            "deletedAt": null,
            "maxUsedTicketsQuantity": 0,
            "errorCode": 0
        }
    ],
    "productRegions": [
        {
            "id": "0WaN6oad",
            "productId": "PleoAopv",
            "regionId": "5bpJKaVE",
            "regionName": null
        }
    ],
    "productPrices": [
        {
            "id": "dzpMnea6",
            "productId": "PleoAopv",
            "channelId": "5bpJKaVE",
            "fromDate": "2021-05-31T00:00:00",
            "toDate": "2022-12-31T00:00:00",
            "title": "API",
            "remarks": "Test",
            "officialPrice": 0,
            "currencyId": "5bpJKaVE",
            "quantityPerDay": 123,
            "autoConfirm": false,
            "pricePerPerson": false,
            "productPriceTypes": [
                {
                    "id": "WYp65nOK",
                    "productPriceId": "dzpMnea6",
                    "productCustomerTypeId": "Gaz735lV",
                    "amount": 57,
                    "currencyId": "Belm3pnb",
                    "currencySymbol": null,
                    "isOfficial": true,
                    "productCustomerType": {
                        "id": "Gaz735lV",
                        "productId": "yxl4wVaj",
                        "name": "?????"
                    }
                }
            ],
            "deletedAt": null
        }
    ],
    "productCustomerTypes": [
        {
            "id": "8p0NP7lJ",
            "productId": "PleoAopv",
            "name": "API"
        },
        {
            "id": "PleoAopv",
            "productId": "PleoAopv",
            "name": "?????"
        },
        {
            "id": "ApRDZMlY",
            "productId": "PleoAopv",
            "name": "???"
        },
        {
            "id": "7OxM0Wp6",
            "productId": "PleoAopv",
            "name": "?????"
        }
    ],
    "city": {
        "id": "5rO724l6",
        "name": "Israel"
    },
    "productIncludedTags": [
        {
            "id": "zblBDDpR",
            "productId": "PleoAopv",
            "subTagId": "jLa3rjpz",
            "parentTagId": null,
            "subTagName": null
        }
    ],
    "productExcludedTags": [
        {
            "id": "vApRoVaY",
            "productId": "PleoAopv",
            "subTagId": "4eO8gvlP",
            "parentTagId": null,
            "subTagName": null
        }
    ],
    "productTags": [
        {
            "id": "ZOw7w3Ox",
            "productId": "PleoAopv",
            "subTagId": "qeaZMepd",
            "parentTagId": null,
            "subTagName": null
        }
    ],
    "productTranslations": null,
    "productVideos": [
        {
            "id": "vApR2dpY",
            "productId": "PleoAopv",
            "path": "https://www.youtube.com/watch?v=u1yVCeXYya4&list=RDMMu1yVCeXYya4&start_radio=1"
        }
    ]
}
{
    "id": "PleoAopv",
    "name": "",
    "productTypeId": null,
    "active": true,
    "shortDescription": "Test For Automation 1",
    "fullDescription": "Automation for API in Postman",
    "mostPopular": null,
    "longitude": 456.456,
    "latitude": 3245678.5467,
    "calendarColor": "blue",
    "address": "Bishkek",
    "cityId": "5rO724l6",
    "createdAt": "2021-06-16T11:24:06.483465",
    "productImages": [
        
    ],
    "productDocuments": [
        
    ],
    "productTypes": null,
    "productWorkingDates": [
        {
            "id": "ozOPx8Oj",
            "productId": "PleoAopv",
            "fromDate": "2021-05-27",
            "toDate": "2022-12-31",
            "name": "1234567sdfgh#$#%^%&",
            "strictHours": false,
            "timeSlots": [
                {
                    "id": "3pWoLjp4",
                    "productWorkingDateId": "ozOPx8Oj",
                    "dayOfWeek": "Monday",
                    "startTime": "09:00:00",
                    "endTime": "20:00:00",
                    "duration": "01:00:00",
                    "quantity": 67,
                    "usedQuantity": 0,
                    "active": false,
                    "deletedAt": null
                }
            ],
            "deletedAt": null,
            "maxUsedTicketsQuantity": 0,
            "errorCode": 0
        }
    ],
    "productRegions": [
        {
            "id": "0WaN6oad",
            "productId": "PleoAopv",
            "regionId": "5bpJKaVE",
            "regionName": null
        }
    ],
    "productPrices": [
        {
            "id": "dzpMnea6",
            "productId": "PleoAopv",
            "channelId": "5bpJKaVE",
            "fromDate": "2021-05-31T00:00:00",
            "toDate": "2022-12-31T00:00:00",
            "title": "API",
            "remarks": "Test",
            "officialPrice": 0,
            "currencyId": "5bpJKaVE",
            "quantityPerDay": 123,
            "autoConfirm": false,
            "pricePerPerson": false,
            "productPriceTypes": [
                {
                    "id": "WYp65nOK",
                    "productPriceId": "dzpMnea6",
                    "productCustomerTypeId": "Gaz735lV",
                    "amount": 57,
                    "currencyId": "Belm3pnb",
                    "currencySymbol": null,
                    "isOfficial": true,
                    "productCustomerType": {
                        "id": "Gaz735lV",
                        "productId": "yxl4wVaj",
                        "name": "?????"
                    }
                }
            ],
            "deletedAt": null
        }
    ],
    "productCustomerTypes": [
        {
            "id": "8p0NP7lJ",
            "productId": "PleoAopv",
            "name": "API"
        },
        {
            "id": "PleoAopv",
            "productId": "PleoAopv",
            "name": "?????"
        },
        {
            "id": "ApRDZMlY",
            "productId": "PleoAopv",
            "name": "???"
        },
        {
            "id": "7OxM0Wp6",
            "productId": "PleoAopv",
            "name": "?????"
        }
    ],
    "city": {
        "id": "5rO724l6",
        "name": "Israel"
    },
    "productIncludedTags": [
        {
            "id": "zblBDDpR",
            "productId": "PleoAopv",
            "subTagId": "jLa3rjpz",
            "parentTagId": null,
            "subTagName": null
        }
    ],
    "productExcludedTags": [
        {
            "id": "vApRoVaY",
            "productId": "PleoAopv",
            "subTagId": "4eO8gvlP",
            "parentTagId": null,
            "subTagName": null
        }
    ],
    "productTags": [
        {
            "id": "ZOw7w3Ox",
            "productId": "PleoAopv",
            "subTagId": "qeaZMepd",
            "parentTagId": null,
            "subTagName": null
        }
    ],
    "productTranslations": null,
    "productVideos": [
        {
            "id": "vApR2dpY",
            "productId": "PleoAopv",
            "path": "https://www.youtube.com/watch?v=u1yVCeXYya4&list=RDMMu1yVCeXYya4&start_radio=1"
        }
    ]
}
]]></system-out>
  </testcase>
  <testcase name="Scenario: Provider creates a new product with empty name field" classname="Scenario: Provider creates a new product with empty name field" time="0">
    <failure message="expected:&lt;400&gt; but was:&lt;200&gt;" type="java.lang.AssertionError"><![CDATA[java.lang.AssertionError: expected:<400> but was:<200>
]]></failure>
  </testcase>
  <testcase name="Then verify the title is &quot;One or more validation errors occurred.&quot;" classname="Scenario: Provider creates a new product with empty name field" time="0">
    <skipped/>
  </testcase>
  <testcase name="When product is set with the following fields" classname="Scenario: Provider creates a new product with missing shortDescription field" time="0"/>
  <testcase name="Given productVideos is set with the following fields" classname="Scenario: Provider creates a new product with missing shortDescription field" time="0"/>
  <testcase name="Given provider creates a new product" classname="Scenario: Provider creates a new product with missing shortDescription field" time="0"/>
  <testcase name="Then verify status code is 500" classname="Scenario: Provider creates a new product with missing shortDescription field" time="0">
    <failure message="expected:&lt;500&gt; but was:&lt;200&gt;" type="java.lang.AssertionError"><![CDATA[java.lang.AssertionError: expected:<500> but was:<200>
]]></failure>
    <system-out><![CDATA[{
    "id": "ApRDZMlY",
    "name": "AutoTest",
    "productTypeId": null,
    "active": true,
    "shortDescription": null,
    "fullDescription": "Automation for API in Postman",
    "mostPopular": null,
    "longitude": 456.456,
    "latitude": 3245678.5467,
    "calendarColor": "blue",
    "address": "Bishkek",
    "cityId": "JnlY9Nlz",
    "createdAt": "2021-06-16T11:24:06.850854",
    "productImages": [
        
    ],
    "productDocuments": [
        
    ],
    "productTypes": null,
    "productWorkingDates": [
        {
            "id": "VblV5waw",
            "productId": "ApRDZMlY",
            "fromDate": "2021-05-27",
            "toDate": "2022-12-31",
            "name": "1234567sdfgh#$#%^%&",
            "strictHours": false,
            "timeSlots": [
                {
                    "id": "xl4WNoaj",
                    "productWorkingDateId": "VblV5waw",
                    "dayOfWeek": "Monday",
                    "startTime": "09:00:00",
                    "endTime": "20:00:00",
                    "duration": "01:00:00",
                    "quantity": 67,
                    "usedQuantity": 0,
                    "active": false,
                    "deletedAt": null
                }
            ],
            "deletedAt": null,
            "maxUsedTicketsQuantity": 0,
            "errorCode": 0
        }
    ],
    "productRegions": [
        {
            "id": "52aAoDOZ",
            "productId": "ApRDZMlY",
            "regionId": "5bpJKaVE",
            "regionName": null
        }
    ],
    "productPrices": [
        {
            "id": "0ZOwr3lx",
            "productId": "ApRDZMlY",
            "channelId": "5bpJKaVE",
            "fromDate": "2021-05-31T00:00:00",
            "toDate": "2022-12-31T00:00:00",
            "title": "API",
            "remarks": "Test",
            "officialPrice": 0,
            "currencyId": "5bpJKaVE",
            "quantityPerDay": 123,
            "autoConfirm": false,
            "pricePerPerson": false,
            "productPriceTypes": [
                {
                    "id": "kwOXPkOo",
                    "productPriceId": "0ZOwr3lx",
                    "productCustomerTypeId": "dl2oPxOX",
                    "amount": 57,
                    "currencyId": "Belm3pnb",
                    "currencySymbol": null,
                    "isOfficial": true,
                    "productCustomerType": {
                        "id": "dl2oPxOX",
                        "productId": "yxl4wVaj",
                        "name": "?????"
                    }
                }
            ],
            "deletedAt": null
        }
    ],
    "productCustomerTypes": [
        {
            "id": "Jpgy9vlq",
            "productId": "ApRDZMlY",
            "name": "API"
        },
        {
            "id": "Gpbzm5pr",
            "productId": "ApRDZMlY",
            "name": "?????"
        },
        {
            "id": "zpM9JRp6",
            "productId": "ApRDZMlY",
            "name": "???"
        },
        {
            "id": "ZOwLzDpx",
            "productId": "ApRDZMlY",
            "name": "?????"
        }
    ],
    "city": {
        "id": "JnlY9Nlz",
        "name": "Israel"
    },
    "productIncludedTags": [
        {
            "id": "7WlqQelb",
            "productId": "ApRDZMlY",
            "subTagId": "jLa3rjpz",
            "parentTagId": null,
            "subTagName": null
        }
    ],
    "productExcludedTags": [
        {
            "id": "q7Ox10p6",
            "productId": "ApRDZMlY",
            "subTagId": "4eO8gvlP",
            "parentTagId": null,
            "subTagName": null
        }
    ],
    "productTags": [
        {
            "id": "Bl5B97OX",
            "productId": "ApRDZMlY",
            "subTagId": "qeaZMepd",
            "parentTagId": null,
            "subTagName": null
        }
    ],
    "productTranslations": null,
    "productVideos": [
        {
            "id": "q7OxqXp6",
            "productId": "ApRDZMlY",
            "path": "https://www.youtube.com/watch?v=u1yVCeXYya4&list=RDMMu1yVCeXYya4&start_radio=1"
        }
    ]
}
{
    "id": "ApRDZMlY",
    "name": "AutoTest",
    "productTypeId": null,
    "active": true,
    "shortDescription": null,
    "fullDescription": "Automation for API in Postman",
    "mostPopular": null,
    "longitude": 456.456,
    "latitude": 3245678.5467,
    "calendarColor": "blue",
    "address": "Bishkek",
    "cityId": "JnlY9Nlz",
    "createdAt": "2021-06-16T11:24:06.850854",
    "productImages": [
        
    ],
    "productDocuments": [
        
    ],
    "productTypes": null,
    "productWorkingDates": [
        {
            "id": "VblV5waw",
            "productId": "ApRDZMlY",
            "fromDate": "2021-05-27",
            "toDate": "2022-12-31",
            "name": "1234567sdfgh#$#%^%&",
            "strictHours": false,
            "timeSlots": [
                {
                    "id": "xl4WNoaj",
                    "productWorkingDateId": "VblV5waw",
                    "dayOfWeek": "Monday",
                    "startTime": "09:00:00",
                    "endTime": "20:00:00",
                    "duration": "01:00:00",
                    "quantity": 67,
                    "usedQuantity": 0,
                    "active": false,
                    "deletedAt": null
                }
            ],
            "deletedAt": null,
            "maxUsedTicketsQuantity": 0,
            "errorCode": 0
        }
    ],
    "productRegions": [
        {
            "id": "52aAoDOZ",
            "productId": "ApRDZMlY",
            "regionId": "5bpJKaVE",
            "regionName": null
        }
    ],
    "productPrices": [
        {
            "id": "0ZOwr3lx",
            "productId": "ApRDZMlY",
            "channelId": "5bpJKaVE",
            "fromDate": "2021-05-31T00:00:00",
            "toDate": "2022-12-31T00:00:00",
            "title": "API",
            "remarks": "Test",
            "officialPrice": 0,
            "currencyId": "5bpJKaVE",
            "quantityPerDay": 123,
            "autoConfirm": false,
            "pricePerPerson": false,
            "productPriceTypes": [
                {
                    "id": "kwOXPkOo",
                    "productPriceId": "0ZOwr3lx",
                    "productCustomerTypeId": "dl2oPxOX",
                    "amount": 57,
                    "currencyId": "Belm3pnb",
                    "currencySymbol": null,
                    "isOfficial": true,
                    "productCustomerType": {
                        "id": "dl2oPxOX",
                        "productId": "yxl4wVaj",
                        "name": "?????"
                    }
                }
            ],
            "deletedAt": null
        }
    ],
    "productCustomerTypes": [
        {
            "id": "Jpgy9vlq",
            "productId": "ApRDZMlY",
            "name": "API"
        },
        {
            "id": "Gpbzm5pr",
            "productId": "ApRDZMlY",
            "name": "?????"
        },
        {
            "id": "zpM9JRp6",
            "productId": "ApRDZMlY",
            "name": "???"
        },
        {
            "id": "ZOwLzDpx",
            "productId": "ApRDZMlY",
            "name": "?????"
        }
    ],
    "city": {
        "id": "JnlY9Nlz",
        "name": "Israel"
    },
    "productIncludedTags": [
        {
            "id": "7WlqQelb",
            "productId": "ApRDZMlY",
            "subTagId": "jLa3rjpz",
            "parentTagId": null,
            "subTagName": null
        }
    ],
    "productExcludedTags": [
        {
            "id": "q7Ox10p6",
            "productId": "ApRDZMlY",
            "subTagId": "4eO8gvlP",
            "parentTagId": null,
            "subTagName": null
        }
    ],
    "productTags": [
        {
            "id": "Bl5B97OX",
            "productId": "ApRDZMlY",
            "subTagId": "qeaZMepd",
            "parentTagId": null,
            "subTagName": null
        }
    ],
    "productTranslations": null,
    "productVideos": [
        {
            "id": "q7OxqXp6",
            "productId": "ApRDZMlY",
            "path": "https://www.youtube.com/watch?v=u1yVCeXYya4&list=RDMMu1yVCeXYya4&start_radio=1"
        }
    ]
}
]]></system-out>
  </testcase>
  <testcase name="Scenario: Provider creates a new product with missing shortDescription field" classname="Scenario: Provider creates a new product with missing shortDescription field" time="0">
    <failure message="expected:&lt;500&gt; but was:&lt;200&gt;" type="java.lang.AssertionError"><![CDATA[java.lang.AssertionError: expected:<500> but was:<200>
]]></failure>
  </testcase>
  <testcase name="Then verify the title is &quot;Internal Server Error&quot;" classname="Scenario: Provider creates a new product with missing shortDescription field" time="0">
    <skipped/>
  </testcase>
  <testcase name="When product is set with the following fields" classname="Scenario: Provider creates a new product with missing fullDescription field" time="0"/>
  <testcase name="Given productVideos is set with the following fields" classname="Scenario: Provider creates a new product with missing fullDescription field" time="0"/>
  <testcase name="Given provider creates a new product" classname="Scenario: Provider creates a new product with missing fullDescription field" time="0"/>
  <testcase name="Then verify status code is 500" classname="Scenario: Provider creates a new product with missing fullDescription field" time="0">
    <failure message="expected:&lt;500&gt; but was:&lt;200&gt;" type="java.lang.AssertionError"><![CDATA[java.lang.AssertionError: expected:<500> but was:<200>
]]></failure>
    <system-out><![CDATA[{
    "id": "7OxM0Wp6",
    "name": "AutoTest",
    "productTypeId": null,
    "active": true,
    "shortDescription": "Test For Automation 1",
    "fullDescription": null,
    "mostPopular": null,
    "longitude": 456.456,
    "latitude": 3245678.5467,
    "calendarColor": "blue",
    "address": "Bishkek",
    "cityId": "kMaG1zOD",
    "createdAt": "2021-06-16T11:24:07.030909",
    "productImages": [
        
    ],
    "productDocuments": [
        
    ],
    "productTypes": null,
    "productWorkingDates": [
        {
            "id": "4waDK0p3",
            "productId": "7OxM0Wp6",
            "fromDate": "2021-05-27",
            "toDate": "2022-12-31",
            "name": "1234567sdfgh#$#%^%&",
            "strictHours": false,
            "timeSlots": [
                {
                    "id": "Gaz7ZElV",
                    "productWorkingDateId": "4waDK0p3",
                    "dayOfWeek": "Monday",
                    "startTime": "09:00:00",
                    "endTime": "20:00:00",
                    "duration": "01:00:00",
                    "quantity": 67,
                    "usedQuantity": 0,
                    "active": false,
                    "deletedAt": null
                }
            ],
            "deletedAt": null,
            "maxUsedTicketsQuantity": 0,
            "errorCode": 0
        }
    ],
    "productRegions": [
        {
            "id": "Q4aLdKan",
            "productId": "7OxM0Wp6",
            "regionId": "5bpJKaVE",
            "regionName": null
        }
    ],
    "productPrices": [
        {
            "id": "bBl5R7OX",
            "productId": "7OxM0Wp6",
            "channelId": "5bpJKaVE",
            "fromDate": "2021-05-31T00:00:00",
            "toDate": "2022-12-31T00:00:00",
            "title": "API",
            "remarks": "Test",
            "officialPrice": 0,
            "currencyId": "5bpJKaVE",
            "quantityPerDay": 123,
            "autoConfirm": false,
            "pricePerPerson": false,
            "productPriceTypes": [
                {
                    "id": "PYayQDaW",
                    "productPriceId": "bBl5R7OX",
                    "productCustomerTypeId": "Bl51P9lX",
                    "amount": 57,
                    "currencyId": "Belm3pnb",
                    "currencySymbol": null,
                    "isOfficial": true,
                    "productCustomerType": {
                        "id": "Bl51P9lX",
                        "productId": "yxl4wVaj",
                        "name": "?????"
                    }
                }
            ],
            "deletedAt": null
        }
    ],
    "productCustomerTypes": [
        {
            "id": "bpvjrqpJ",
            "productId": "7OxM0Wp6",
            "name": "API"
        },
        {
            "id": "zOPeLLpj",
            "productId": "7OxM0Wp6",
            "name": "?????"
        },
        {
            "id": "blVXWYpw",
            "productId": "7OxM0Wp6",
            "name": "???"
        },
        {
            "id": "waD3vEp3",
            "productId": "7OxM0Wp6",
            "name": "?????"
        }
    ],
    "city": {
        "id": "kMaG1zOD",
        "name": "Israel"
    },
    "productIncludedTags": [
        {
            "id": "GrOE6qpY",
            "productId": "7OxM0Wp6",
            "subTagId": "jLa3rjpz",
            "parentTagId": null,
            "subTagName": null
        }
    ],
    "productExcludedTags": [
        {
            "id": "Kdl2dnpX",
            "productId": "7OxM0Wp6",
            "subTagId": "4eO8gvlP",
            "parentTagId": null,
            "subTagName": null
        }
    ],
    "productTags": [
        {
            "id": "bpvA3ZOJ",
            "productId": "7OxM0Wp6",
            "subTagId": "qeaZMepd",
            "parentTagId": null,
            "subTagName": null
        }
    ],
    "productTranslations": null,
    "productVideos": [
        {
            "id": "Kdl2NAlX",
            "productId": "7OxM0Wp6",
            "path": "https://www.youtube.com/watch?v=u1yVCeXYya4&list=RDMMu1yVCeXYya4&start_radio=1"
        }
    ]
}
{
    "id": "7OxM0Wp6",
    "name": "AutoTest",
    "productTypeId": null,
    "active": true,
    "shortDescription": "Test For Automation 1",
    "fullDescription": null,
    "mostPopular": null,
    "longitude": 456.456,
    "latitude": 3245678.5467,
    "calendarColor": "blue",
    "address": "Bishkek",
    "cityId": "kMaG1zOD",
    "createdAt": "2021-06-16T11:24:07.030909",
    "productImages": [
        
    ],
    "productDocuments": [
        
    ],
    "productTypes": null,
    "productWorkingDates": [
        {
            "id": "4waDK0p3",
            "productId": "7OxM0Wp6",
            "fromDate": "2021-05-27",
            "toDate": "2022-12-31",
            "name": "1234567sdfgh#$#%^%&",
            "strictHours": false,
            "timeSlots": [
                {
                    "id": "Gaz7ZElV",
                    "productWorkingDateId": "4waDK0p3",
                    "dayOfWeek": "Monday",
                    "startTime": "09:00:00",
                    "endTime": "20:00:00",
                    "duration": "01:00:00",
                    "quantity": 67,
                    "usedQuantity": 0,
                    "active": false,
                    "deletedAt": null
                }
            ],
            "deletedAt": null,
            "maxUsedTicketsQuantity": 0,
            "errorCode": 0
        }
    ],
    "productRegions": [
        {
            "id": "Q4aLdKan",
            "productId": "7OxM0Wp6",
            "regionId": "5bpJKaVE",
            "regionName": null
        }
    ],
    "productPrices": [
        {
            "id": "bBl5R7OX",
            "productId": "7OxM0Wp6",
            "channelId": "5bpJKaVE",
            "fromDate": "2021-05-31T00:00:00",
            "toDate": "2022-12-31T00:00:00",
            "title": "API",
            "remarks": "Test",
            "officialPrice": 0,
            "currencyId": "5bpJKaVE",
            "quantityPerDay": 123,
            "autoConfirm": false,
            "pricePerPerson": false,
            "productPriceTypes": [
                {
                    "id": "PYayQDaW",
                    "productPriceId": "bBl5R7OX",
                    "productCustomerTypeId": "Bl51P9lX",
                    "amount": 57,
                    "currencyId": "Belm3pnb",
                    "currencySymbol": null,
                    "isOfficial": true,
                    "productCustomerType": {
                        "id": "Bl51P9lX",
                        "productId": "yxl4wVaj",
                        "name": "?????"
                    }
                }
            ],
            "deletedAt": null
        }
    ],
    "productCustomerTypes": [
        {
            "id": "bpvjrqpJ",
            "productId": "7OxM0Wp6",
            "name": "API"
        },
        {
            "id": "zOPeLLpj",
            "productId": "7OxM0Wp6",
            "name": "?????"
        },
        {
            "id": "blVXWYpw",
            "productId": "7OxM0Wp6",
            "name": "???"
        },
        {
            "id": "waD3vEp3",
            "productId": "7OxM0Wp6",
            "name": "?????"
        }
    ],
    "city": {
        "id": "kMaG1zOD",
        "name": "Israel"
    },
    "productIncludedTags": [
        {
            "id": "GrOE6qpY",
            "productId": "7OxM0Wp6",
            "subTagId": "jLa3rjpz",
            "parentTagId": null,
            "subTagName": null
        }
    ],
    "productExcludedTags": [
        {
            "id": "Kdl2dnpX",
            "productId": "7OxM0Wp6",
            "subTagId": "4eO8gvlP",
            "parentTagId": null,
            "subTagName": null
        }
    ],
    "productTags": [
        {
            "id": "bpvA3ZOJ",
            "productId": "7OxM0Wp6",
            "subTagId": "qeaZMepd",
            "parentTagId": null,
            "subTagName": null
        }
    ],
    "productTranslations": null,
    "productVideos": [
        {
            "id": "Kdl2NAlX",
            "productId": "7OxM0Wp6",
            "path": "https://www.youtube.com/watch?v=u1yVCeXYya4&list=RDMMu1yVCeXYya4&start_radio=1"
        }
    ]
}
]]></system-out>
  </testcase>
  <testcase name="Scenario: Provider creates a new product with missing fullDescription field" classname="Scenario: Provider creates a new product with missing fullDescription field" time="0">
    <failure message="expected:&lt;500&gt; but was:&lt;200&gt;" type="java.lang.AssertionError"><![CDATA[java.lang.AssertionError: expected:<500> but was:<200>
]]></failure>
  </testcase>
  <testcase name="Then verify the title is &quot;Internal Server Error&quot;" classname="Scenario: Provider creates a new product with missing fullDescription field" time="0">
    <skipped/>
  </testcase>
  <testcase name="Given product is set with the following fields" classname="Scenario: Provider creates a new product with empty shortDescription field" time="0"/>
  <testcase name="Given productVideos is set with the following fields" classname="Scenario: Provider creates a new product with empty shortDescription field" time="0"/>
  <testcase name="Given provider creates a new product" classname="Scenario: Provider creates a new product with empty shortDescription field" time="0"/>
  <testcase name="Then verify status code is 500" classname="Scenario: Provider creates a new product with empty shortDescription field" time="0">
    <failure message="expected:&lt;500&gt; but was:&lt;200&gt;" type="java.lang.AssertionError"><![CDATA[java.lang.AssertionError: expected:<500> but was:<200>
]]></failure>
    <system-out><![CDATA[{
    "id": "dl2oPxOX",
    "name": "AutoTest",
    "productTypeId": null,
    "active": true,
    "shortDescription": "",
    "fullDescription": "Automation for API in Postman",
    "mostPopular": null,
    "longitude": 456.456,
    "latitude": 3245678.5467,
    "calendarColor": "blue",
    "address": "Bishkek",
    "cityId": "oylKe1p8",
    "createdAt": "2021-06-16T11:24:07.195526",
    "productImages": [
        
    ],
    "productDocuments": [
        
    ],
    "productTypes": null,
    "productWorkingDates": [
        {
            "id": "jLa3bZpz",
            "productId": "dl2oPxOX",
            "fromDate": "2021-05-27",
            "toDate": "2022-12-31",
            "name": "1234567sdfgh#$#%^%&",
            "strictHours": false,
            "timeSlots": [
                {
                    "id": "8p0NVxlJ",
                    "productWorkingDateId": "jLa3bZpz",
                    "dayOfWeek": "Monday",
                    "startTime": "09:00:00",
                    "endTime": "20:00:00",
                    "duration": "01:00:00",
                    "quantity": 67,
                    "usedQuantity": 0,
                    "active": false,
                    "deletedAt": null
                }
            ],
            "deletedAt": null,
            "maxUsedTicketsQuantity": 0,
            "errorCode": 0
        }
    ],
    "productRegions": [
        {
            "id": "QrO92Ape",
            "productId": "dl2oPxOX",
            "regionId": "5bpJKaVE",
            "regionName": null
        }
    ],
    "productPrices": [
        {
            "id": "YbpvVZpJ",
            "productId": "dl2oPxOX",
            "channelId": "5bpJKaVE",
            "fromDate": "2021-05-31T00:00:00",
            "toDate": "2022-12-31T00:00:00",
            "title": "API",
            "remarks": "Test",
            "officialPrice": 0,
            "currencyId": "5bpJKaVE",
            "quantityPerDay": 123,
            "autoConfirm": false,
            "pricePerPerson": false,
            "productPriceTypes": [
                {
                    "id": "D3pWvdO4",
                    "productPriceId": "YbpvVZpJ",
                    "productCustomerTypeId": "La3rXqpz",
                    "amount": 57,
                    "currencyId": "Belm3pnb",
                    "currencySymbol": null,
                    "isOfficial": true,
                    "productCustomerType": {
                        "id": "La3rXqpz",
                        "productId": "yxl4wVaj",
                        "name": "?????"
                    }
                }
            ],
            "deletedAt": null
        }
    ],
    "productCustomerTypes": [
        {
            "id": "eO8gz3lP",
            "productId": "dl2oPxOX",
            "name": "API"
        },
        {
            "id": "4lrWb9Od",
            "productId": "dl2oPxOX",
            "name": "?????"
        },
        {
            "id": "dOnnBZOV",
            "productId": "dl2oPxOX",
            "name": "???"
        },
        {
            "id": "jpjPYDlM",
            "productId": "dl2oPxOX",
            "name": "?????"
        }
    ],
    "city": {
        "id": "oylKe1p8",
        "name": "Israel"
    },
    "productIncludedTags": [
        {
            "id": "q1lo0wO7",
            "productId": "dl2oPxOX",
            "subTagId": "jLa3rjpz",
            "parentTagId": null,
            "subTagName": null
        }
    ],
    "productExcludedTags": [
        {
            "id": "BJpgzbOq",
            "productId": "dl2oPxOX",
            "subTagId": "4eO8gvlP",
            "parentTagId": null,
            "subTagName": null
        }
    ],
    "productTags": [
        {
            "id": "zOPq2Ypj",
            "productId": "dl2oPxOX",
            "subTagId": "qeaZMepd",
            "parentTagId": null,
            "subTagName": null
        }
    ],
    "productTranslations": null,
    "productVideos": [
        {
            "id": "BJpgdqaq",
            "productId": "dl2oPxOX",
            "path": "https://www.youtube.com/watch?v=u1yVCeXYya4&list=RDMMu1yVCeXYya4&start_radio=1"
        }
    ]
}
{
    "id": "dl2oPxOX",
    "name": "AutoTest",
    "productTypeId": null,
    "active": true,
    "shortDescription": "",
    "fullDescription": "Automation for API in Postman",
    "mostPopular": null,
    "longitude": 456.456,
    "latitude": 3245678.5467,
    "calendarColor": "blue",
    "address": "Bishkek",
    "cityId": "oylKe1p8",
    "createdAt": "2021-06-16T11:24:07.195526",
    "productImages": [
        
    ],
    "productDocuments": [
        
    ],
    "productTypes": null,
    "productWorkingDates": [
        {
            "id": "jLa3bZpz",
            "productId": "dl2oPxOX",
            "fromDate": "2021-05-27",
            "toDate": "2022-12-31",
            "name": "1234567sdfgh#$#%^%&",
            "strictHours": false,
            "timeSlots": [
                {
                    "id": "8p0NVxlJ",
                    "productWorkingDateId": "jLa3bZpz",
                    "dayOfWeek": "Monday",
                    "startTime": "09:00:00",
                    "endTime": "20:00:00",
                    "duration": "01:00:00",
                    "quantity": 67,
                    "usedQuantity": 0,
                    "active": false,
                    "deletedAt": null
                }
            ],
            "deletedAt": null,
            "maxUsedTicketsQuantity": 0,
            "errorCode": 0
        }
    ],
    "productRegions": [
        {
            "id": "QrO92Ape",
            "productId": "dl2oPxOX",
            "regionId": "5bpJKaVE",
            "regionName": null
        }
    ],
    "productPrices": [
        {
            "id": "YbpvVZpJ",
            "productId": "dl2oPxOX",
            "channelId": "5bpJKaVE",
            "fromDate": "2021-05-31T00:00:00",
            "toDate": "2022-12-31T00:00:00",
            "title": "API",
            "remarks": "Test",
            "officialPrice": 0,
            "currencyId": "5bpJKaVE",
            "quantityPerDay": 123,
            "autoConfirm": false,
            "pricePerPerson": false,
            "productPriceTypes": [
                {
                    "id": "D3pWvdO4",
                    "productPriceId": "YbpvVZpJ",
                    "productCustomerTypeId": "La3rXqpz",
                    "amount": 57,
                    "currencyId": "Belm3pnb",
                    "currencySymbol": null,
                    "isOfficial": true,
                    "productCustomerType": {
                        "id": "La3rXqpz",
                        "productId": "yxl4wVaj",
                        "name": "?????"
                    }
                }
            ],
            "deletedAt": null
        }
    ],
    "productCustomerTypes": [
        {
            "id": "eO8gz3lP",
            "productId": "dl2oPxOX",
            "name": "API"
        },
        {
            "id": "4lrWb9Od",
            "productId": "dl2oPxOX",
            "name": "?????"
        },
        {
            "id": "dOnnBZOV",
            "productId": "dl2oPxOX",
            "name": "???"
        },
        {
            "id": "jpjPYDlM",
            "productId": "dl2oPxOX",
            "name": "?????"
        }
    ],
    "city": {
        "id": "oylKe1p8",
        "name": "Israel"
    },
    "productIncludedTags": [
        {
            "id": "q1lo0wO7",
            "productId": "dl2oPxOX",
            "subTagId": "jLa3rjpz",
            "parentTagId": null,
            "subTagName": null
        }
    ],
    "productExcludedTags": [
        {
            "id": "BJpgzbOq",
            "productId": "dl2oPxOX",
            "subTagId": "4eO8gvlP",
            "parentTagId": null,
            "subTagName": null
        }
    ],
    "productTags": [
        {
            "id": "zOPq2Ypj",
            "productId": "dl2oPxOX",
            "subTagId": "qeaZMepd",
            "parentTagId": null,
            "subTagName": null
        }
    ],
    "productTranslations": null,
    "productVideos": [
        {
            "id": "BJpgdqaq",
            "productId": "dl2oPxOX",
            "path": "https://www.youtube.com/watch?v=u1yVCeXYya4&list=RDMMu1yVCeXYya4&start_radio=1"
        }
    ]
}
]]></system-out>
  </testcase>
  <testcase name="Scenario: Provider creates a new product with empty shortDescription field" classname="Scenario: Provider creates a new product with empty shortDescription field" time="0">
    <failure message="expected:&lt;500&gt; but was:&lt;200&gt;" type="java.lang.AssertionError"><![CDATA[java.lang.AssertionError: expected:<500> but was:<200>
]]></failure>
  </testcase>
  <testcase name="Then verify the title is &quot;Internal Server Error&quot;" classname="Scenario: Provider creates a new product with empty shortDescription field" time="0">
    <skipped/>
  </testcase>
  <testcase name="Given product is set with the following fields" classname="Scenario: Provider creates a new product with empty fullDescription field" time="0"/>
  <testcase name="Given productVideos is set with the following fields" classname="Scenario: Provider creates a new product with empty fullDescription field" time="0"/>
  <testcase name="Given provider creates a new product" classname="Scenario: Provider creates a new product with empty fullDescription field" time="0"/>
  <testcase name="Then verify status code is 500" classname="Scenario: Provider creates a new product with empty fullDescription field" time="0">
    <failure message="expected:&lt;500&gt; but was:&lt;200&gt;" type="java.lang.AssertionError"><![CDATA[java.lang.AssertionError: expected:<500> but was:<200>
]]></failure>
    <system-out><![CDATA[{
    "id": "Jpgy9vlq",
    "name": "AutoTest",
    "productTypeId": null,
    "active": true,
    "shortDescription": "Test For Automation 1",
    "fullDescription": "",
    "mostPopular": null,
    "longitude": 456.456,
    "latitude": 3245678.5467,
    "calendarColor": "blue",
    "address": "Bishkek",
    "cityId": "1dpdwzO7",
    "createdAt": "2021-06-16T11:24:07.363192",
    "productImages": [
        
    ],
    "productDocuments": [
        
    ],
    "productTypes": null,
    "productWorkingDates": [
        {
            "id": "4eO8P5OP",
            "productId": "Jpgy9vlq",
            "fromDate": "2021-05-27",
            "toDate": "2022-12-31",
            "name": "1234567sdfgh#$#%^%&",
            "strictHours": false,
            "timeSlots": [
                {
                    "id": "Pleozzpv",
                    "productWorkingDateId": "4eO8P5OP",
                    "dayOfWeek": "Monday",
                    "startTime": "09:00:00",
                    "endTime": "20:00:00",
                    "duration": "01:00:00",
                    "quantity": 67,
                    "usedQuantity": 0,
                    "active": false,
                    "deletedAt": null
                }
            ],
            "deletedAt": null,
            "maxUsedTicketsQuantity": 0,
            "errorCode": 0
        }
    ],
    "productRegions": [
        {
            "id": "qeaZb7ad",
            "productId": "Jpgy9vlq",
            "regionId": "5bpJKaVE",
            "regionName": null
        }
    ],
    "productPrices": [
        {
            "id": "ozOPnYaj",
            "productId": "Jpgy9vlq",
            "channelId": "5bpJKaVE",
            "fromDate": "2021-05-31T00:00:00",
            "toDate": "2022-12-31T00:00:00",
            "title": "API",
            "remarks": "Test",
            "officialPrice": 0,
            "currencyId": "5bpJKaVE",
            "quantityPerDay": 123,
            "autoConfirm": false,
            "pricePerPerson": false,
            "productPriceTypes": [
                {
                    "id": "yxl4MPOj",
                    "productPriceId": "ozOPnYaj",
                    "productCustomerTypeId": "1lkVGZa6",
                    "amount": 57,
                    "currencyId": "Belm3pnb",
                    "currencySymbol": null,
                    "isOfficial": true,
                    "productCustomerType": {
                        "id": "1lkVGZa6",
                        "productId": "yxl4wVaj",
                        "name": "?????"
                    }
                }
            ],
            "deletedAt": null
        }
    ],
    "productCustomerTypes": [
        {
            "id": "blB7vxOR",
            "productId": "Jpgy9vlq",
            "name": "API"
        },
        {
            "id": "WlqMy5lb",
            "productId": "Jpgy9vlq",
            "name": "?????"
        },
        {
            "id": "rOEEvmOY",
            "productId": "Jpgy9vlq",
            "name": "???"
        },
        {
            "id": "1lonjAa7",
            "productId": "Jpgy9vlq",
            "name": "?????"
        }
    ],
    "city": {
        "id": "1dpdwzO7",
        "name": "Israel"
    },
    "productIncludedTags": [
        {
            "id": "LbaQA3aA",
            "productId": "Jpgy9vlq",
            "subTagId": "jLa3rjpz",
            "parentTagId": null,
            "subTagName": null
        }
    ],
    "productExcludedTags": [
        {
            "id": "0Gpb6Lpr",
            "productId": "Jpgy9vlq",
            "subTagId": "4eO8gvlP",
            "parentTagId": null,
            "subTagName": null
        }
    ],
    "productTags": [
        {
            "id": "blVmb2aw",
            "productId": "Jpgy9vlq",
            "subTagId": "qeaZMepd",
            "parentTagId": null,
            "subTagName": null
        }
    ],
    "productTranslations": null,
    "productVideos": [
        {
            "id": "0GpbqAOr",
            "productId": "Jpgy9vlq",
            "path": "https://www.youtube.com/watch?v=u1yVCeXYya4&list=RDMMu1yVCeXYya4&start_radio=1"
        }
    ]
}
{
    "id": "Jpgy9vlq",
    "name": "AutoTest",
    "productTypeId": null,
    "active": true,
    "shortDescription": "Test For Automation 1",
    "fullDescription": "",
    "mostPopular": null,
    "longitude": 456.456,
    "latitude": 3245678.5467,
    "calendarColor": "blue",
    "address": "Bishkek",
    "cityId": "1dpdwzO7",
    "createdAt": "2021-06-16T11:24:07.363192",
    "productImages": [
        
    ],
    "productDocuments": [
        
    ],
    "productTypes": null,
    "productWorkingDates": [
        {
            "id": "4eO8P5OP",
            "productId": "Jpgy9vlq",
            "fromDate": "2021-05-27",
            "toDate": "2022-12-31",
            "name": "1234567sdfgh#$#%^%&",
            "strictHours": false,
            "timeSlots": [
                {
                    "id": "Pleozzpv",
                    "productWorkingDateId": "4eO8P5OP",
                    "dayOfWeek": "Monday",
                    "startTime": "09:00:00",
                    "endTime": "20:00:00",
                    "duration": "01:00:00",
                    "quantity": 67,
                    "usedQuantity": 0,
                    "active": false,
                    "deletedAt": null
                }
            ],
            "deletedAt": null,
            "maxUsedTicketsQuantity": 0,
            "errorCode": 0
        }
    ],
    "productRegions": [
        {
            "id": "qeaZb7ad",
            "productId": "Jpgy9vlq",
            "regionId": "5bpJKaVE",
            "regionName": null
        }
    ],
    "productPrices": [
        {
            "id": "ozOPnYaj",
            "productId": "Jpgy9vlq",
            "channelId": "5bpJKaVE",
            "fromDate": "2021-05-31T00:00:00",
            "toDate": "2022-12-31T00:00:00",
            "title": "API",
            "remarks": "Test",
            "officialPrice": 0,
            "currencyId": "5bpJKaVE",
            "quantityPerDay": 123,
            "autoConfirm": false,
            "pricePerPerson": false,
            "productPriceTypes": [
                {
                    "id": "yxl4MPOj",
                    "productPriceId": "ozOPnYaj",
                    "productCustomerTypeId": "1lkVGZa6",
                    "amount": 57,
                    "currencyId": "Belm3pnb",
                    "currencySymbol": null,
                    "isOfficial": true,
                    "productCustomerType": {
                        "id": "1lkVGZa6",
                        "productId": "yxl4wVaj",
                        "name": "?????"
                    }
                }
            ],
            "deletedAt": null
        }
    ],
    "productCustomerTypes": [
        {
            "id": "blB7vxOR",
            "productId": "Jpgy9vlq",
            "name": "API"
        },
        {
            "id": "WlqMy5lb",
            "productId": "Jpgy9vlq",
            "name": "?????"
        },
        {
            "id": "rOEEvmOY",
            "productId": "Jpgy9vlq",
            "name": "???"
        },
        {
            "id": "1lonjAa7",
            "productId": "Jpgy9vlq",
            "name": "?????"
        }
    ],
    "city": {
        "id": "1dpdwzO7",
        "name": "Israel"
    },
    "productIncludedTags": [
        {
            "id": "LbaQA3aA",
            "productId": "Jpgy9vlq",
            "subTagId": "jLa3rjpz",
            "parentTagId": null,
            "subTagName": null
        }
    ],
    "productExcludedTags": [
        {
            "id": "0Gpb6Lpr",
            "productId": "Jpgy9vlq",
            "subTagId": "4eO8gvlP",
            "parentTagId": null,
            "subTagName": null
        }
    ],
    "productTags": [
        {
            "id": "blVmb2aw",
            "productId": "Jpgy9vlq",
            "subTagId": "qeaZMepd",
            "parentTagId": null,
            "subTagName": null
        }
    ],
    "productTranslations": null,
    "productVideos": [
        {
            "id": "0GpbqAOr",
            "productId": "Jpgy9vlq",
            "path": "https://www.youtube.com/watch?v=u1yVCeXYya4&list=RDMMu1yVCeXYya4&start_radio=1"
        }
    ]
}
]]></system-out>
  </testcase>
  <testcase name="Scenario: Provider creates a new product with empty fullDescription field" classname="Scenario: Provider creates a new product with empty fullDescription field" time="0">
    <failure message="expected:&lt;500&gt; but was:&lt;200&gt;" type="java.lang.AssertionError"><![CDATA[java.lang.AssertionError: expected:<500> but was:<200>
]]></failure>
  </testcase>
  <testcase name="Then verify the title is &quot;Internal Server Error&quot;" classname="Scenario: Provider creates a new product with empty fullDescription field" time="0">
    <skipped/>
  </testcase>
  <testcase name="Given product is set with the following fields" classname="Scenario: Provider creates a new product with empty address field" time="0"/>
  <testcase name="Given productVideos is set with the following fields" classname="Scenario: Provider creates a new product with empty address field" time="0"/>
  <testcase name="Given provider creates a new product" classname="Scenario: Provider creates a new product with empty address field" time="0"/>
  <testcase name="Then verify status code is 500" classname="Scenario: Provider creates a new product with empty address field" time="0">
    <failure message="expected:&lt;500&gt; but was:&lt;200&gt;" type="java.lang.AssertionError"><![CDATA[java.lang.AssertionError: expected:<500> but was:<200>
]]></failure>
    <system-out><![CDATA[{
    "id": "Gpbzm5pr",
    "name": "AutoTest",
    "productTypeId": null,
    "active": true,
    "shortDescription": "Test For Automation 1",
    "fullDescription": "Automation for API in Postman",
    "mostPopular": null,
    "longitude": 456.456,
    "latitude": 3245678.5467,
    "calendarColor": "blue",
    "address": "",
    "cityId": "M5l1dRaW",
    "createdAt": "2021-06-16T11:24:07.527571",
    "productImages": [
        
    ],
    "productDocuments": [
        
    ],
    "productTypes": null,
    "productWorkingDates": [
        {
            "id": "N4lrgdOd",
            "productId": "Gpbzm5pr",
            "fromDate": "2021-05-27",
            "toDate": "2022-12-31",
            "name": "1234567sdfgh#$#%^%&",
            "strictHours": false,
            "timeSlots": [
                {
                    "id": "ApRDQ9lY",
                    "productWorkingDateId": "N4lrgdOd",
                    "dayOfWeek": "Monday",
                    "startTime": "09:00:00",
                    "endTime": "20:00:00",
                    "duration": "01:00:00",
                    "quantity": 67,
                    "usedQuantity": 0,
                    "active": false,
                    "deletedAt": null
                }
            ],
            "deletedAt": null,
            "maxUsedTicketsQuantity": 0,
            "errorCode": 0
        }
    ],
    "productRegions": [
        {
            "id": "5rO7vBl6",
            "productId": "Gpbzm5pr",
            "regionId": "5bpJKaVE",
            "regionName": null
        }
    ],
    "productPrices": [
        {
            "id": "VblVn2lw",
            "productId": "Gpbzm5pr",
            "channelId": "5bpJKaVE",
            "fromDate": "2021-05-31T00:00:00",
            "toDate": "2022-12-31T00:00:00",
            "title": "API",
            "remarks": "Test",
            "officialPrice": 0,
            "currencyId": "5bpJKaVE",
            "quantityPerDay": 123,
            "autoConfirm": false,
            "pricePerPerson": false,
            "productPriceTypes": [
                {
                    "id": "nGazmzpV",
                    "productPriceId": "VblVn2lw",
                    "productCustomerTypeId": "baQk9EOA",
                    "amount": 57,
                    "currencyId": "Belm3pnb",
                    "currencySymbol": null,
                    "isOfficial": true,
                    "productCustomerType": {
                        "id": "baQk9EOA",
                        "productId": "yxl4wVaj",
                        "name": "?????"
                    }
                }
            ],
            "deletedAt": null
        }
    ],
    "productCustomerTypes": [
        {
            "id": "elm3yKpn",
            "productId": "Gpbzm5pr",
            "name": "API"
        },
        {
            "id": "bpJRvApV",
            "productId": "Gpbzm5pr",
            "name": "?????"
        },
        {
            "id": "WaNXNQOd",
            "productId": "Gpbzm5pr",
            "name": "???"
        },
        {
            "id": "2aAgvzOZ",
            "productId": "Gpbzm5pr",
            "name": "?????"
        }
    ],
    "city": {
        "id": "M5l1dRaW",
        "name": "Israel"
    },
    "productIncludedTags": [
        {
            "id": "BelmV9On",
            "productId": "Gpbzm5pr",
            "subTagId": "jLa3rjpz",
            "parentTagId": null,
            "subTagName": null
        }
    ],
    "productExcludedTags": [
        {
            "id": "dzpMjBa6",
            "productId": "Gpbzm5pr",
            "subTagId": "4eO8gvlP",
            "parentTagId": null,
            "subTagName": null
        }
    ],
    "productTags": [
        {
            "id": "waD1ddl3",
            "productId": "Gpbzm5pr",
            "subTagId": "qeaZMepd",
            "parentTagId": null,
            "subTagName": null
        }
    ],
    "productTranslations": null,
    "productVideos": [
        {
            "id": "dzpME1p6",
            "productId": "Gpbzm5pr",
            "path": "https://www.youtube.com/watch?v=u1yVCeXYya4&list=RDMMu1yVCeXYya4&start_radio=1"
        }
    ]
}
{
    "id": "Gpbzm5pr",
    "name": "AutoTest",
    "productTypeId": null,
    "active": true,
    "shortDescription": "Test For Automation 1",
    "fullDescription": "Automation for API in Postman",
    "mostPopular": null,
    "longitude": 456.456,
    "latitude": 3245678.5467,
    "calendarColor": "blue",
    "address": "",
    "cityId": "M5l1dRaW",
    "createdAt": "2021-06-16T11:24:07.527571",
    "productImages": [
        
    ],
    "productDocuments": [
        
    ],
    "productTypes": null,
    "productWorkingDates": [
        {
            "id": "N4lrgdOd",
            "productId": "Gpbzm5pr",
            "fromDate": "2021-05-27",
            "toDate": "2022-12-31",
            "name": "1234567sdfgh#$#%^%&",
            "strictHours": false,
            "timeSlots": [
                {
                    "id": "ApRDQ9lY",
                    "productWorkingDateId": "N4lrgdOd",
                    "dayOfWeek": "Monday",
                    "startTime": "09:00:00",
                    "endTime": "20:00:00",
                    "duration": "01:00:00",
                    "quantity": 67,
                    "usedQuantity": 0,
                    "active": false,
                    "deletedAt": null
                }
            ],
            "deletedAt": null,
            "maxUsedTicketsQuantity": 0,
            "errorCode": 0
        }
    ],
    "productRegions": [
        {
            "id": "5rO7vBl6",
            "productId": "Gpbzm5pr",
            "regionId": "5bpJKaVE",
            "regionName": null
        }
    ],
    "productPrices": [
        {
            "id": "VblVn2lw",
            "productId": "Gpbzm5pr",
            "channelId": "5bpJKaVE",
            "fromDate": "2021-05-31T00:00:00",
            "toDate": "2022-12-31T00:00:00",
            "title": "API",
            "remarks": "Test",
            "officialPrice": 0,
            "currencyId": "5bpJKaVE",
            "quantityPerDay": 123,
            "autoConfirm": false,
            "pricePerPerson": false,
            "productPriceTypes": [
                {
                    "id": "nGazmzpV",
                    "productPriceId": "VblVn2lw",
                    "productCustomerTypeId": "baQk9EOA",
                    "amount": 57,
                    "currencyId": "Belm3pnb",
                    "currencySymbol": null,
                    "isOfficial": true,
[...]
  <testcase name="Given product is set with the following fields" classname="Scenario: provider enters a data in productPrices with empty  title field" time="0"/>
  <testcase name="Given productVideos is set with the following fields" classname="Scenario: provider enters a data in productPrices with empty  title field" time="0"/>
  <testcase name="Given productPrices is set with the following fields" classname="Scenario: provider enters a data in productPrices with empty  title field" time="0"/>
  <testcase name="Given provider creates a new product" classname="Scenario: provider enters a data in productPrices with empty  title field" time="0"/>
  <testcase name="Then verify status code is 400" classname="Scenario: provider enters a data in productPrices with empty  title field" time="0">
    <failure message="expected:&lt;400&gt; but was:&lt;200&gt;" type="java.lang.AssertionError"><![CDATA[java.lang.AssertionError: expected:<400> but was:<200>
]]></failure>
    <system-out><![CDATA[{
    "id": "jpjPYDlM",
    "name": "AutoTest",
    "productTypeId": null,
    "active": true,
    "shortDescription": "Test For Automation 1",
    "fullDescription": "Automation for API in Postman",
    "mostPopular": null,
    "longitude": 456.456,
    "latitude": 3245678.5467,
    "calendarColor": "blue",
    "address": "Bishkek",
    "cityId": "BJpg3epq",
    "createdAt": "2021-06-16T11:24:14.747598",
    "productImages": [
        
    ],
    "productDocuments": [
        
    ],
    "productTypes": null,
    "productWorkingDates": [
        {
            "id": "0WaNeopd",
            "productId": "jpjPYDlM",
            "fromDate": "2022-12-31",
            "toDate": "2022-12-31",
            "name": "1234",
            "strictHours": false,
            "timeSlots": [
                {
                    "id": "blVXGEpw",
                    "productWorkingDateId": "0WaNeopd",
                    "dayOfWeek": "Monday",
                    "startTime": "09:00:00",
                    "endTime": "20:00:00",
                    "duration": "00:00:00",
                    "quantity": 32,
                    "usedQuantity": 0,
                    "active": false,
                    "deletedAt": null
                }
            ],
            "deletedAt": null,
            "maxUsedTicketsQuantity": 0,
            "errorCode": 0
        }
    ],
    "productRegions": [
        {
            "id": "nGazmzpV",
            "productId": "jpjPYDlM",
            "regionId": "5bpJKaVE",
            "regionName": null
        }
    ],
    "productPrices": [
        {
            "id": "LbaQnQlA",
            "productId": "jpjPYDlM",
            "channelId": "LbaQGOAx",
            "fromDate": "2021-05-31T00:00:00",
            "toDate": "2022-12-31T00:00:00",
            "title": "",
            "remarks": "Test",
            "officialPrice": 0,
            "currencyId": "5bpJKaVE",
            "quantityPerDay": 123,
            "autoConfirm": false,
            "pricePerPerson": false,
            "productPriceTypes": [
                {
                    "id": "bBl5wRpX",
                    "productPriceId": "LbaQnQlA",
                    "productCustomerTypeId": "2aAgMDOZ",
                    "amount": 57,
                    "currencyId": "Belm3pnb",
                    "currencySymbol": null,
                    "isOfficial": true,
                    "productCustomerType": {
                        "id": "2aAgMDOZ",
                        "productId": "yxl4wVaj",
                        "name": "?????"
                    }
                }
            ],
            "deletedAt": null
        }
    ],
    "productCustomerTypes": [
        {
            "id": "4aLL4Kan",
            "productId": "jpjPYDlM",
            "name": "API"
        },
        {
            "id": "rO98EAle",
            "productId": "jpjPYDlM",
            "name": "?????"
        },
        {
            "id": "eaZLV7Od",
            "productId": "jpjPYDlM",
            "name": "???"
        },
        {
            "id": "rO7nyBl6",
            "productId": "jpjPYDlM",
            "name": "?????"
        }
    ],
    "city": {
        "id": "BJpg3epq",
        "name": "Israel"
    },
    "productIncludedTags": [
        {
            "id": "M5l10MaW",
            "productId": "jpjPYDlM",
            "subTagId": "jLa3rjpz",
            "parentTagId": null,
            "subTagName": null
        }
    ],
    "productExcludedTags": [
        {
            "id": "r1lkQJp6",
            "productId": "jpjPYDlM",
            "subTagId": "4eO8gvlP",
            "parentTagId": null,
            "subTagName": null
        }
    ],
    "productTags": [
        {
            "id": "baQroQlA",
            "productId": "jpjPYDlM",
            "subTagId": "qeaZMepd",
            "parentTagId": null,
            "subTagName": null
        }
    ],
    "productTranslations": null,
    "productVideos": [
        {
            "id": "EjpjoKaM",
            "productId": "jpjPYDlM",
            "path": "https://www.youtube.com/watch?v=u1yVCeXYya4&list=RDMMu1yVCeXYya4&start_radio=1"
        }
    ]
}
{
    "id": "jpjPYDlM",
    "name": "AutoTest",
    "productTypeId": null,
    "active": true,
    "shortDescription": "Test For Automation 1",
    "fullDescription": "Automation for API in Postman",
    "mostPopular": null,
    "longitude": 456.456,
    "latitude": 3245678.5467,
    "calendarColor": "blue",
    "address": "Bishkek",
    "cityId": "BJpg3epq",
    "createdAt": "2021-06-16T11:24:14.747598",
    "productImages": [
        
    ],
    "productDocuments": [
        
    ],
    "productTypes": null,
    "productWorkingDates": [
        {
            "id": "0WaNeopd",
            "productId": "jpjPYDlM",
            "fromDate": "2022-12-31",
            "toDate": "2022-12-31",
            "name": "1234",
            "strictHours": false,
            "timeSlots": [
                {
                    "id": "blVXGEpw",
                    "productWorkingDateId": "0WaNeopd",
                    "dayOfWeek": "Monday",
                    "startTime": "09:00:00",
                    "endTime": "20:00:00",
                    "duration": "00:00:00",
                    "quantity": 32,
                    "usedQuantity": 0,
                    "active": false,
                    "deletedAt": null
                }
            ],
            "deletedAt": null,
            "maxUsedTicketsQuantity": 0,
            "errorCode": 0
        }
    ],
    "productRegions": [
        {
            "id": "nGazmzpV",
            "productId": "jpjPYDlM",
            "regionId": "5bpJKaVE",
            "regionName": null
        }
    ],
    "productPrices": [
        {
            "id": "LbaQnQlA",
            "productId": "jpjPYDlM",
            "channelId": "LbaQGOAx",
            "fromDate": "2021-05-31T00:00:00",
            "toDate": "2022-12-31T00:00:00",
            "title": "",
            "remarks": "Test",
            "officialPrice": 0,
            "currencyId": "5bpJKaVE",
            "quantityPerDay": 123,
            "autoConfirm": false,
            "pricePerPerson": false,
            "productPriceTypes": [
                {
                    "id": "bBl5wRpX",
                    "productPriceId": "LbaQnQlA",
                    "productCustomerTypeId": "2aAgMDOZ",
                    "amount": 57,
                    "currencyId": "Belm3pnb",
                    "currencySymbol": null,
                    "isOfficial": true,
                    "productCustomerType": {
                        "id": "2aAgMDOZ",
                        "productId": "yxl4wVaj",
                        "name": "?????"
                    }
                }
            ],
            "deletedAt": null
        }
    ],
    "productCustomerTypes": [
        {
            "id": "4aLL4Kan",
            "productId": "jpjPYDlM",
            "name": "API"
        },
        {
            "id": "rO98EAle",
            "productId": "jpjPYDlM",
            "name": "?????"
        },
        {
            "id": "eaZLV7Od",
            "productId": "jpjPYDlM",
            "name": "???"
        },
        {
            "id": "rO7nyBl6",
            "productId": "jpjPYDlM",
            "name": "?????"
        }
    ],
    "city": {
        "id": "BJpg3epq",
        "name": "Israel"
    },
    "productIncludedTags": [
        {
            "id": "M5l10MaW",
            "productId": "jpjPYDlM",
            "subTagId": "jLa3rjpz",
            "parentTagId": null,
            "subTagName": null
        }
    ],
    "productExcludedTags": [
        {
            "id": "r1lkQJp6",
            "productId": "jpjPYDlM",
            "subTagId": "4eO8gvlP",
            "parentTagId": null,
            "subTagName": null
        }
    ],
    "productTags": [
        {
            "id": "baQroQlA",
            "productId": "jpjPYDlM",
            "subTagId": "qeaZMepd",
            "parentTagId": null,
            "subTagName": null
        }
    ],
    "productTranslations": null,
    "productVideos": [
        {
            "id": "EjpjoKaM",
            "productId": "jpjPYDlM",
            "path": "https://www.youtube.com/watch?v=u1yVCeXYya4&list=RDMMu1yVCeXYya4&start_radio=1"
        }
    ]
}
]]></system-out>
  </testcase>
  <testcase name="Scenario: provider enters a data in productPrices with empty  title field" classname="Scenario: provider enters a data in productPrices with empty  title field" time="0">
    <failure message="expected:&lt;400&gt; but was:&lt;200&gt;" type="java.lang.AssertionError"><![CDATA[java.lang.AssertionError: expected:<400> but was:<200>
]]></failure>
  </testcase>
  <testcase name="Then verify the title is &quot;One or more validation errors occurred.&quot;" classname="Scenario: provider enters a data in productPrices with empty  title field" time="0">
    <skipped/>
  </testcase>
  <testcase name="Given product is set with the following fields" classname="Scenario: provider enters a data in productPrices with missing  title field" time="0"/>
  <testcase name="Given productVideos is set with the following fields" classname="Scenario: provider enters a data in productPrices with missing  title field" time="0"/>
  <testcase name="Given productPrices is set with the following fields" classname="Scenario: provider enters a data in productPrices with missing  title field" time="0"/>
  <testcase name="Given provider creates a new product" classname="Scenario: provider enters a data in productPrices with missing  title field" time="0"/>
  <testcase name="Then verify status code is 400" classname="Scenario: provider enters a data in productPrices with missing  title field" time="0">
    <failure message="expected:&lt;400&gt; but was:&lt;200&gt;" type="java.lang.AssertionError"><![CDATA[java.lang.AssertionError: expected:<400> but was:<200>
]]></failure>
    <system-out><![CDATA[{
    "id": "1lkVGZa6",
    "name": "AutoTest",
    "productTypeId": null,
    "active": true,
    "shortDescription": "Test For Automation 1",
    "fullDescription": "Automation for API in Postman",
    "mostPopular": null,
    "longitude": 456.456,
    "latitude": 3245678.5467,
    "calendarColor": "blue",
    "address": "Bishkek",
    "cityId": "0Gpb2Rpr",
    "createdAt": "2021-06-16T11:24:14.958635",
    "productImages": [
        
    ],
    "productDocuments": [
        
    ],
    "productTypes": null,
    "productWorkingDates": [
        {
            "id": "52aA7DOZ",
            "productId": "1lkVGZa6",
            "fromDate": "2022-12-31",
            "toDate": "2022-12-31",
            "name": "1234",
            "strictHours": false,
            "timeSlots": [
                {
                    "id": "waD3j3p3",
                    "productWorkingDateId": "52aA7DOZ",
                    "dayOfWeek": "Monday",
                    "startTime": "09:00:00",
                    "endTime": "20:00:00",
                    "duration": "00:00:00",
                    "quantity": 32,
                    "usedQuantity": 0,
                    "active": false,
                    "deletedAt": null
                }
            ],
            "deletedAt": null,
            "maxUsedTicketsQuantity": 0,
            "errorCode": 0
        }
    ],
    "productRegions": [
        {
            "id": "k8p0x0pJ",
            "productId": "1lkVGZa6",
            "regionId": "5bpJKaVE",
            "regionName": null
        }
    ],
    "productPrices": [
        {
            "id": "BelmjjOn",
            "productId": "1lkVGZa6",
            "channelId": "LbaQGOAx",
            "fromDate": "2021-05-31T00:00:00",
            "toDate": "2022-12-31T00:00:00",
            "title": null,
            "remarks": "Test",
            "officialPrice": 0,
            "currencyId": "5bpJKaVE",
            "quantityPerDay": 123,
            "autoConfirm": false,
            "pricePerPerson": false,
            "productPriceTypes": [
                {
                    "id": "Ybpv5BOJ",
                    "productPriceId": "BelmjjOn",
                    "productCustomerTypeId": "nlYxoxaz",
                    "amount": 57,
                    "currencyId": "Belm3pnb",
                    "currencySymbol": null,
                    "isOfficial": true,
                    "productCustomerType": {
                        "id": "nlYxoxaz",
                        "productId": "yxl4wVaj",
                        "name": "?????"
                    }
                }
            ],
            "deletedAt": null
        }
    ],
    "productCustomerTypes": [
        {
            "id": "MaGEbyOD",
            "productId": "1lkVGZa6",
            "name": "API"
        },
        {
            "id": "ylKd3VO8",
            "productId": "1lkVGZa6",
            "name": "?????"
        },
        {
            "id": "dpd5BYa7",
            "productId": "1lkVGZa6",
            "name": "???"
        },
        {
            "id": "5l1ArVlW",
            "productId": "1lkVGZa6",
            "name": "?????"
        }
    ],
    "city": {
        "id": "0Gpb2Rpr",
        "name": "Israel"
    },
    "productIncludedTags": [
        {
            "id": "WYp6E0OK",
            "productId": "1lkVGZa6",
            "subTagId": "jLa3rjpz",
            "parentTagId": null,
            "subTagName": null
        }
    ],
    "productExcludedTags": [
        {
            "id": "zblB80pR",
            "productId": "1lkVGZa6",
            "subTagId": "4eO8gvlP",
            "parentTagId": null,
            "subTagName": null
        }
    ],
    "productTags": [
        {
            "id": "elmvdjOn",
            "productId": "1lkVGZa6",
            "subTagId": "qeaZMepd",
            "parentTagId": null,
            "subTagName": null
        }
    ],
    "productTranslations": null,
    "productVideos": [
        {
            "id": "r1lk3El6",
            "productId": "1lkVGZa6",
            "path": "https://www.youtube.com/watch?v=u1yVCeXYya4&list=RDMMu1yVCeXYya4&start_radio=1"
        }
    ]
}
{
    "id": "1lkVGZa6",
    "name": "AutoTest",
    "productTypeId": null,
    "active": true,
    "shortDescription": "Test For Automation 1",
    "fullDescription": "Automation for API in Postman",
    "mostPopular": null,
    "longitude": 456.456,
    "latitude": 3245678.5467,
    "calendarColor": "blue",
    "address": "Bishkek",
    "cityId": "0Gpb2Rpr",
    "createdAt": "2021-06-16T11:24:14.958635",
    "productImages": [
        
    ],
    "productDocuments": [
        
    ],
    "productTypes": null,
    "productWorkingDates": [
        {
            "id": "52aA7DOZ",
            "productId": "1lkVGZa6",
            "fromDate": "2022-12-31",
            "toDate": "2022-12-31",
            "name": "1234",
            "strictHours": false,
            "timeSlots": [
                {
                    "id": "waD3j3p3",
                    "productWorkingDateId": "52aA7DOZ",
                    "dayOfWeek": "Monday",
                    "startTime": "09:00:00",
                    "endTime": "20:00:00",
                    "duration": "00:00:00",
                    "quantity": 32,
                    "usedQuantity": 0,
                    "active": false,
                    "deletedAt": null
                }
            ],
            "deletedAt": null,
            "maxUsedTicketsQuantity": 0,
            "errorCode": 0
        }
    ],
    "productRegions": [
        {
            "id": "k8p0x0pJ",
            "productId": "1lkVGZa6",
            "regionId": "5bpJKaVE",
            "regionName": null
        }
    ],
    "productPrices": [
        {
            "id": "BelmjjOn",
            "productId": "1lkVGZa6",
            "channelId": "LbaQGOAx",
            "fromDate": "2021-05-31T00:00:00",
            "toDate": "2022-12-31T00:00:00",
            "title": null,
            "remarks": "Test",
            "officialPrice": 0,
            "currencyId": "5bpJKaVE",
            "quantityPerDay": 123,
            "autoConfirm": false,
            "pricePerPerson": false,
            "productPriceTypes": [
                {
                    "id": "Ybpv5BOJ",
                    "productPriceId": "BelmjjOn",
                    "productCustomerTypeId": "nlYxoxaz",
                    "amount": 57,
                    "currencyId": "Belm3pnb",
                    "currencySymbol": null,
                    "isOfficial": true,
                    "productCustomerType": {
                        "id": "nlYxoxaz",
                        "productId": "yxl4wVaj",
                        "name": "?????"
                    }
                }
            ],
            "deletedAt": null
        }
    ],
    "productCustomerTypes": [
        {
            "id": "MaGEbyOD",
            "productId": "1lkVGZa6",
            "name": "API"
        },
        {
            "id": "ylKd3VO8",
            "productId": "1lkVGZa6",
            "name": "?????"
        },
        {
            "id": "dpd5BYa7",
            "productId": "1lkVGZa6",
            "name": "???"
        },
        {
            "id": "5l1ArVlW",
            "productId": "1lkVGZa6",
            "name": "?????"
        }
    ],
    "city": {
        "id": "0Gpb2Rpr",
        "name": "Israel"
    },
    "productIncludedTags": [
        {
            "id": "WYp6E0OK",
            "productId": "1lkVGZa6",
            "subTagId": "jLa3rjpz",
            "parentTagId": null,
            "subTagName": null
        }
    ],
    "productExcludedTags": [
        {
            "id": "zblB80pR",
            "productId": "1lkVGZa6",
            "subTagId": "4eO8gvlP",
            "parentTagId": null,
            "subTagName": null
        }
    ],
    "productTags": [
        {
            "id": "elmvdjOn",
            "productId": "1lkVGZa6",
            "subTagId": "qeaZMepd",
            "parentTagId": null,
            "subTagName": null
        }
    ],
    "productTranslations": null,
    "productVideos": [
        {
            "id": "r1lk3El6",
            "productId": "1lkVGZa6",
            "path": "https://www.youtube.com/watch?v=u1yVCeXYya4&list=RDMMu1yVCeXYya4&start_radio=1"
        }
    ]
}
]]></system-out>
  </testcase>
  <testcase name="Scenario: provider enters a data in productPrices with missing  title field" classname="Scenario: provider enters a data in productPrices with missing  title field" time="0">
    <failure message="expected:&lt;400&gt; but was:&lt;200&gt;" type="java.lang.AssertionError"><![CDATA[java.lang.AssertionError: expected:<400> but was:<200>
]]></failure>
  </testcase>
  <testcase name="Then verify the title is &quot;One or more validation errors occurred.&quot;" classname="Scenario: provider enters a data in productPrices with missing  title field" time="0">
    <skipped/>
  </testcase>
</testsuite>