<?xml version="1.0" encoding="UTF-8"?>
<testsuite xmlns:xsi="http://www.w3.org/2001/XMLSchema-instance" xsi:noNamespaceSchemaLocation="https://maven.apache.org/surefire/maven-surefire-plugin/xsd/surefire-test-report.xsd" name="www.logisense.com.cucumber.testrunners.wizard.WizardNewProductRequestTest" time="71.368" tests="416" errors="0" skipped="21" failures="50">
  <properties>
[...]
</properties>
  <testcase name="Given product is set with the following fields" classname="Scenario: provider creates a new product" time="0.008"/>
  <testcase name="Scenario: provider creates a new product" classname="Scenario: provider creates a new product" time="0.008"/>
  <testcase name="Given productTypes is set with following fields" classname="Scenario: provider enters a data in productTypes" time="0"/>
  <testcase name="Scenario: provider enters a data in productTypes" classname="Scenario: provider enters a data in productTypes" time="0"/>
  <testcase name="Given productWorkingDates is set with following fields" classname="Scenario: provider enters a data in ProductWorkingDates" time="0"/>
  <testcase name="Scenario: provider enters a data in ProductWorkingDates" classname="Scenario: provider enters a data in ProductWorkingDates" time="0"/>
  <testcase name="Given timeSlots is set with the following fields" classname="Scenario: provider enters a data in timeSlots" time="0"/>
  <testcase name="Scenario: provider enters a data in timeSlots" classname="Scenario: provider enters a data in timeSlots" time="0"/>
  <testcase name="Given productRegions is set with the following fields" classname="Scenario: provider enters a data in ProductRegions" time="0"/>
  <testcase name="Scenario: provider enters a data in ProductRegions" classname="Scenario: provider enters a data in ProductRegions" time="0"/>
  <testcase name="Given productPrices is set with the following fields" classname="Scenario: provider enters a data in ProductPrices" time="0"/>
  <testcase name="Scenario: provider enters a data in ProductPrices" classname="Scenario: provider enters a data in ProductPrices" time="0"/>
  <testcase name="Then productPriceTypes is set with the following dates" classname="Scenario: provider enters a data in productPriceTypes" time="0"/>
  <testcase name="Scenario: provider enters a data in productPriceTypes" classname="Scenario: provider enters a data in productPriceTypes" time="0"/>
  <testcase name="Given productCustomerType is set with the following fields" classname="Scenario: provider enters a data in productCustomerType" time="0"/>
  <testcase name="Scenario: provider enters a data in productCustomerType" classname="Scenario: provider enters a data in productCustomerType" time="0"/>
  <testcase name="Given productCustomerTypes is set with following fields" classname="Scenario: provider enters a data in productCustomerTypes" time="0"/>
  <testcase name="Scenario: provider enters a data in productCustomerTypes" classname="Scenario: provider enters a data in productCustomerTypes" time="0"/>
  <testcase name="Given City is set with the following fields" classname="Scenario: provider enters a data in City" time="0"/>
  <testcase name="Scenario: provider enters a data in City" classname="Scenario: provider enters a data in City" time="0"/>
  <testcase name="Given productIncludedTags is set with the following fields" classname="Scenario: provider enters a data in productIncludedTags" time="0"/>
  <testcase name="Scenario: provider enters a data in productIncludedTags" classname="Scenario: provider enters a data in productIncludedTags" time="0"/>
  <testcase name="Given productExcludedTags is set with the following fields" classname="Scenario: provider enters a data in productExcludedTags" time="0"/>
  <testcase name="Scenario: provider enters a data in productExcludedTags" classname="Scenario: provider enters a data in productExcludedTags" time="0"/>
  <testcase name="Given productTags is set with the following fields" classname="Scenario: provider enters a data in productTags" time="0.008"/>
  <testcase name="Scenario: provider enters a data in productTags" classname="Scenario: provider enters a data in productTags" time="0.008"/>
  <testcase name="Given productVideos is set with the following fields" classname="Scenario: provider enters a data in product videos" time="0"/>
  <testcase name="Scenario: provider enters a data in product videos" classname="Scenario: provider enters a data in product videos" time="0"/>
  <testcase name="Given provider creates a new product" classname="Scenario: Provider creates a new product" time="0"/>
  <testcase name="Then verify status code is 200" classname="Scenario: Provider creates a new product" time="0"/>
  <testcase name="Scenario: Provider creates a new product" classname="Scenario: Provider creates a new product" time="0"/>
  <testcase name="Then verify that new product is set with following fields" classname="Scenario: verify that product has been created" time="0"/>
  <testcase name="Scenario: verify that product has been created" classname="Scenario: verify that product has been created" time="0"/>
  <testcase name="Given verify that ProductWorkingDates is set with following fields" classname="Scenario: verify that ProductWorkingDates has been created" time="0"/>
  <testcase name="Scenario: verify that ProductWorkingDates has been created" classname="Scenario: verify that ProductWorkingDates has been created" time="0"/>
  <testcase name="Given verify that timeSlots is set with following fields" classname="Scenario: verify that timeSlots has been created" time="0"/>
  <testcase name="Scenario: verify that timeSlots has been created" classname="Scenario: verify that timeSlots has been created" time="0"/>
  <testcase name="Given verify that productRegions is set with following fields" classname="Scenario: verify that productRegions have been created" time="0.008">
    <failure message="failure of regionName  expected:&lt;Eilat&gt; but was:&lt;null&gt;" type="java.lang.AssertionError"><![CDATA[java.lang.AssertionError: failure of regionName  expected:<Eilat> but was:<null>
]]></failure>
    <system-out><![CDATA[
  Scenario: verify that timeSlots has been created           &amp#27;[90m# features/wizard/wizardNewProduct.feature:106&amp#27;[0m
    &amp#27;[32mGiven &amp#27;[0m&amp#27;[32mverify that timeSlots is set with following fields&amp#27;[0m &amp#27;[90m# CreateNewProductSteps.verifyThatTimeSlotsIsSetWithFollowingFields(String,String>>)&amp#27;[0m
]]></system-out>
  </testcase>
  <testcase name="Scenario: verify that productRegions have been created" classname="Scenario: verify that productRegions have been created" time="0.008">
    <failure message="failure of regionName  expected:&lt;Eilat&gt; but was:&lt;null&gt;" type="java.lang.AssertionError"><![CDATA[java.lang.AssertionError: failure of regionName  expected:<Eilat> but was:<null>
]]></failure>
  </testcase>
  <testcase name="Given verify that productPrices is set with following field" classname="Scenario: verify that productPrices have been created" time="0"/>
  <testcase name="Scenario: verify that productPrices have been created" classname="Scenario: verify that productPrices have been created" time="0"/>
  <testcase name="Given verify that productPriceTypes is set with following fields" classname="Scenario: verify that productPriceTypes have been created" time="0"/>
  <testcase name="Scenario: verify that productPriceTypes have been created" classname="Scenario: verify that productPriceTypes have been created" time="0"/>
  <testcase name="Given verify that productCustomerType is set with following fields" classname="Scenario: verify that productCustomerType has been created" time="0"/>
  <testcase name="Scenario: verify that productCustomerType has been created" classname="Scenario: verify that productCustomerType has been created" time="0"/>
  <testcase name="Given verify that productCustomerTypes is set with following fields" classname="Scenario: verify that productCustomerTypes have been created" time="0"/>
  <testcase name="Scenario: verify that productCustomerTypes have been created" classname="Scenario: verify that productCustomerTypes have been created" time="0"/>
  <testcase name="Given verify that city is set with following fields" classname="Scenario: verify that city has been created" time="0"/>
  <testcase name="Scenario: verify that city has been created" classname="Scenario: verify that city has been created" time="0"/>
  <testcase name="Given verify that productIncludedTags is set with following fields" classname="Scenario: verify that productIncludedTags have been created" time="0">
    <failure message="failure of subTagName  expected:&lt;WiFi&gt; but was:&lt;null&gt;" type="java.lang.AssertionError"><![CDATA[java.lang.AssertionError: failure of subTagName  expected:<WiFi> but was:<null>
]]></failure>
    <system-out><![CDATA[
  Scenario: verify that city has been created           &amp#27;[90m# features/wizard/wizardNewProduct.feature:137&amp#27;[0m
    &amp#27;[32mGiven &amp#27;[0m&amp#27;[32mverify that city is set with following fields&amp#27;[0m &amp#27;[90m# CreateNewProductSteps.verifyThatCityIsSetWithFollowingFields(String,String>>)&amp#27;[0m
]]></system-out>
  </testcase>
  <testcase name="Scenario: verify that productIncludedTags have been created" classname="Scenario: verify that productIncludedTags have been created" time="0">
    <failure message="failure of subTagName  expected:&lt;WiFi&gt; but was:&lt;null&gt;" type="java.lang.AssertionError"><![CDATA[java.lang.AssertionError: failure of subTagName  expected:<WiFi> but was:<null>
]]></failure>
  </testcase>
  <testcase name="Given verify that productExcludedTags is set with following fields" classname="Scenario: verify that productExcludedTags have been created" time="0">
    <failure message="failure of subTagName  expected:&lt;Food&gt; but was:&lt;null&gt;" type="java.lang.AssertionError"><![CDATA[java.lang.AssertionError: failure of subTagName  expected:<Food> but was:<null>
]]></failure>
    <system-out><![CDATA[
  Scenario: verify that productIncludedTags have been created          &amp#27;[90m# features/wizard/wizardNewProduct.feature:142&amp#27;[0m
    &amp#27;[31mGiven &amp#27;[0m&amp#27;[31mverify that productIncludedTags is set with following fields&amp#27;[0m &amp#27;[90m# CreateNewProductSteps.verifyThatProductIncludedTagsIsSetWithFollowingFields(String,String>>)&amp#27;[0m
      &amp#27;[31mjava.lang.AssertionError: failure of subTagName  expected:<WiFi> but was:<null>
      	at org.junit.Assert.fail(Assert.java:88)
      	at org.junit.Assert.failNotEquals(Assert.java:743)
      	at org.junit.Assert.assertEquals(Assert.java:118)
      	at www.logisense.com.cucumber.steps.newProduct.CreateNewProductSteps.verifyThatProductIncludedTagsIsSetWithFollowingFields(CreateNewProductSteps.java:521)
      	at ?.Given verify that productIncludedTags is set with following fields(features/wizard/wizardNewProduct.feature:143)
      &amp#27;[0m
]]></system-out>
  </testcase>
  <testcase name="Scenario: verify that productExcludedTags have been created" classname="Scenario: verify that productExcludedTags have been created" time="0">
    <failure message="failure of subTagName  expected:&lt;Food&gt; but was:&lt;null&gt;" type="java.lang.AssertionError"><![CDATA[java.lang.AssertionError: failure of subTagName  expected:<Food> but was:<null>
]]></failure>
  </testcase>
  <testcase name="Given verify that productTags is set with following fields" classname="Scenario: verify that productTags has been created" time="0">
    <failure message="failure of subTagName  expected:&lt;Extreme&gt; but was:&lt;null&gt;" type="java.lang.AssertionError"><![CDATA[java.lang.AssertionError: failure of subTagName  expected:<Extreme> but was:<null>
]]></failure>
    <system-out><![CDATA[
  Scenario: verify that productExcludedTags have been created          &amp#27;[90m# features/wizard/wizardNewProduct.feature:147&amp#27;[0m
    &amp#27;[31mGiven &amp#27;[0m&amp#27;[31mverify that productExcludedTags is set with following fields&amp#27;[0m &amp#27;[90m# CreateNewProductSteps.verifyThatProductExcludedTagsIsSetWithFollowingFields(String,String>>)&amp#27;[0m
      &amp#27;[31mjava.lang.AssertionError: failure of subTagName  expected:<Food> but was:<null>
      	at org.junit.Assert.fail(Assert.java:88)
      	at org.junit.Assert.failNotEquals(Assert.java:743)
      	at org.junit.Assert.assertEquals(Assert.java:118)
      	at www.logisense.com.cucumber.steps.newProduct.CreateNewProductSteps.verifyThatProductExcludedTagsIsSetWithFollowingFields(CreateNewProductSteps.java:530)
      	at ?.Given verify that productExcludedTags is set with following fields(features/wizard/wizardNewProduct.feature:148)
      &amp#27;[0m
]]></system-out>
  </testcase>
  <testcase name="Scenario: verify that productTags has been created" classname="Scenario: verify that productTags has been created" time="0">
    <failure message="failure of subTagName  expected:&lt;Extreme&gt; but was:&lt;null&gt;" type="java.lang.AssertionError"><![CDATA[java.lang.AssertionError: failure of subTagName  expected:<Extreme> but was:<null>
]]></failure>
  </testcase>
  <testcase name="Given verify that productVideos is set with following fields" classname="Scenario: verify that productVideos have been created" time="0"/>
  <testcase name="Scenario: verify that productVideos have been created" classname="Scenario: verify that productVideos have been created" time="0"/>
  <testcase name="Given product is set with the following fields" classname="Scenario: Provider creates a new product with the same data" time="0"/>
  <testcase name="Given productVideos is set with the following fields" classname="Scenario: Provider creates a new product with the same data" time="0"/>
  <testcase name="Given provider creates a new product" classname="Scenario: Provider creates a new product with the same data" time="0"/>
  <testcase name="Then verify status code is 500" classname="Scenario: Provider creates a new product with the same data" time="0">
    <failure message="expected:&lt;500&gt; but was:&lt;200&gt;" type="java.lang.AssertionError"><![CDATA[java.lang.AssertionError: expected:<500> but was:<200>
]]></failure>
    <system-out><![CDATA[{
    "id": "MaGEqyOD",
    "name": "AutoTest",
    "productTypeId": null,
    "active": true,
    "shortDescription": "Test For Automation 1",
    "fullDescription": "Automation for API in Postman",
    "mostPopular": null,
    "longitude": 456.456,
    "latitude": 3245678.5467,
    "calendarColor": "blue",
    "address": "Bishkek",
    "cityId": "YayqqkaW",
    "createdAt": "2021-06-28T06:54:07.594108",
    "productImages": [
        
    ],
    "productDocuments": [
        
    ],
    "productTypes": null,
    "productWorkingDates": [
        {
            "id": "7WlqkMpb",
            "productId": "MaGEqyOD",
            "fromDate": "2021-05-27",
            "toDate": "2022-12-31",
            "name": "1234567sdfgh#$#%^%&",
            "strictHours": false,
            "timeSlots": [
                {
                    "id": "zOPeXzpj",
                    "productWorkingDateId": "7WlqkMpb",
                    "dayOfWeek": "Monday",
                    "startTime": "09:00:00",
                    "endTime": "20:00:00",
                    "duration": "01:00:00",
                    "quantity": 67,
                    "usedQuantity": 0,
                    "active": false,
                    "deletedAt": null
                }
            ],
            "deletedAt": null,
            "maxUsedTicketsQuantity": 0,
            "errorCode": 0
        }
    ],
    "productRegions": [
        {
            "id": "jLa3jYpz",
            "productId": "MaGEqyOD",
            "regionId": "5bpJKaVE",
            "regionName": null
        }
    ],
    "productPrices": [
        {
            "id": "kMaG84lD",
            "productId": "MaGEqyOD",
            "channelId": "5bpJKaVE",
            "fromDate": "2021-05-31T00:00:00",
            "toDate": "2022-12-31T00:00:00",
            "title": "API",
            "remarks": "Test",
            "officialPrice": 0,
            "currencyId": "5bpJKaVE",
            "quantityPerDay": 123,
            "autoConfirm": false,
            "pricePerPerson": false,
            "productPriceTypes": [
                {
                    "id": "k8p0R8lJ",
                    "productPriceId": "kMaG84lD",
                    "productCustomerTypeId": "4lrWyROd",
                    "amount": 57,
                    "currencyId": "Belm3pnb",
                    "currencySymbol": null,
                    "isOfficial": true,
                    "productCustomerType": {
                        "id": "4lrWyROd",
                        "productId": "yxl4wVaj",
                        "name": "?????"
                    }
                }
            ],
            "deletedAt": null
        }
    ],
    "productCustomerTypes": [
        {
            "id": "dOnndnOV",
            "productId": "MaGEqyOD",
            "name": "API"
        },
        {
            "id": "jpjP7elM",
            "productId": "MaGEqyOD",
            "name": "?????"
        },
        {
            "id": "1lkVY5a6",
            "productId": "MaGEqyOD",
            "name": "???"
        },
        {
            "id": "blB74GOR",
            "productId": "MaGEqyOD",
            "name": "?????"
        }
    ],
    "city": {
        "id": "YayqqkaW",
        "name": "Israel"
    },
    "productIncludedTags": [
        {
            "id": "k8p03YOJ",
            "productId": "MaGEqyOD",
            "subTagId": "jLa3rjpz",
            "parentTagId": null,
            "subTagName": null
        }
    ],
    "productExcludedTags": [
        {
            "id": "52aAeGaZ",
            "productId": "MaGEqyOD",
            "subTagId": "4eO8gvlP",
            "parentTagId": null,
            "subTagName": null
        }
    ],
    "productTags": [
        {
            "id": "WlqbL3Ob",
            "productId": "MaGEqyOD",
            "subTagId": "qeaZMepd",
            "parentTagId": null,
            "subTagName": null
        }
    ],
    "productTranslations": null,
    "productVideos": [
        {
            "id": "bBl5E1lX",
            "productId": "MaGEqyOD",
            "path": "https://www.youtube.com/watch?v=u1yVCeXYya4&list=RDMMu1yVCeXYya4&start_radio=1"
        }
    ]
}
{
    "id": "MaGEqyOD",
    "name": "AutoTest",
    "productTypeId": null,
    "active": true,
    "shortDescription": "Test For Automation 1",
    "fullDescription": "Automation for API in Postman",
    "mostPopular": null,
    "longitude": 456.456,
    "latitude": 3245678.5467,
    "calendarColor": "blue",
    "address": "Bishkek",
    "cityId": "YayqqkaW",
    "createdAt": "2021-06-28T06:54:07.594108",
    "productImages": [
        
    ],
    "productDocuments": [
        
    ],
    "productTypes": null,
    "productWorkingDates": [
        {
            "id": "7WlqkMpb",
            "productId": "MaGEqyOD",
            "fromDate": "2021-05-27",
            "toDate": "2022-12-31",
            "name": "1234567sdfgh#$#%^%&",
            "strictHours": false,
            "timeSlots": [
                {
                    "id": "zOPeXzpj",
                    "productWorkingDateId": "7WlqkMpb",
                    "dayOfWeek": "Monday",
                    "startTime": "09:00:00",
                    "endTime": "20:00:00",
                    "duration": "01:00:00",
                    "quantity": 67,
                    "usedQuantity": 0,
                    "active": false,
                    "deletedAt": null
                }
            ],
            "deletedAt": null,
            "maxUsedTicketsQuantity": 0,
            "errorCode": 0
        }
    ],
    "productRegions": [
        {
            "id": "jLa3jYpz",
            "productId": "MaGEqyOD",
            "regionId": "5bpJKaVE",
            "regionName": null
        }
    ],
    "productPrices": [
        {
            "id": "kMaG84lD",
            "productId": "MaGEqyOD",
            "channelId": "5bpJKaVE",
            "fromDate": "2021-05-31T00:00:00",
            "toDate": "2022-12-31T00:00:00",
            "title": "API",
            "remarks": "Test",
            "officialPrice": 0,
            "currencyId": "5bpJKaVE",
            "quantityPerDay": 123,
            "autoConfirm": false,
            "pricePerPerson": false,
            "productPriceTypes": [
                {
                    "id": "k8p0R8lJ",
                    "productPriceId": "kMaG84lD",
                    "productCustomerTypeId": "4lrWyROd",
                    "amount": 57,
                    "currencyId": "Belm3pnb",
                    "currencySymbol": null,
                    "isOfficial": true,
                    "productCustomerType": {
                        "id": "4lrWyROd",
                        "productId": "yxl4wVaj",
                        "name": "?????"
                    }
                }
            ],
            "deletedAt": null
        }
    ],
    "productCustomerTypes": [
        {
            "id": "dOnndnOV",
            "productId": "MaGEqyOD",
            "name": "API"
        },
        {
            "id": "jpjP7elM",
            "productId": "MaGEqyOD",
            "name": "?????"
        },
        {
            "id": "1lkVY5a6",
            "productId": "MaGEqyOD",
            "name": "???"
        },
        {
            "id": "blB74GOR",
            "productId": "MaGEqyOD",
            "name": "?????"
        }
    ],
    "city": {
        "id": "YayqqkaW",
        "name": "Israel"
    },
    "productIncludedTags": [
        {
            "id": "k8p03YOJ",
            "productId": "MaGEqyOD",
            "subTagId": "jLa3rjpz",
            "parentTagId": null,
            "subTagName": null
        }
    ],
    "productExcludedTags": [
        {
            "id": "52aAeGaZ",
            "productId": "MaGEqyOD",
            "subTagId": "4eO8gvlP",
            "parentTagId": null,
            "subTagName": null
        }
    ],
    "productTags": [
        {
            "id": "WlqbL3Ob",
            "productId": "MaGEqyOD",
            "subTagId": "qeaZMepd",
            "parentTagId": null,
            "subTagName": null
        }
    ],
    "productTranslations": null,
    "productVideos": [
        {
            "id": "bBl5E1lX",
            "productId": "MaGEqyOD",
            "path": "https://www.youtube.com/watch?v=u1yVCeXYya4&list=RDMMu1yVCeXYya4&start_radio=1"
        }
    ]
}
]]></system-out>
  </testcase>
  <testcase name="Scenario: Provider creates a new product with the same data" classname="Scenario: Provider creates a new product with the same data" time="0">
    <failure message="expected:&lt;500&gt; but was:&lt;200&gt;" type="java.lang.AssertionError"><![CDATA[java.lang.AssertionError: expected:<500> but was:<200>
]]></failure>
  </testcase>
  <testcase name="Then verify the title is &quot;Internal Server Error&quot;" classname="Scenario: Provider creates a new product with the same data" time="0">
    <skipped/>
  </testcase>
  <testcase name="Given product is set with the following fields" classname="Scenario: Provider creates a new product with missing name field" time="0"/>
  <testcase name="Given productVideos is set with the following fields" classname="Scenario: Provider creates a new product with missing name field" time="0"/>
  <testcase name="Given provider creates a new product" classname="Scenario: Provider creates a new product with missing name field" time="0"/>
  <testcase name="Then verify status code is 500" classname="Scenario: Provider creates a new product with missing name field" time="0"/>
  <testcase name="Then verify the title is &quot;Internal Server Error&quot;" classname="Scenario: Provider creates a new product with missing name field" time="0"/>
  <testcase name="Scenario: Provider creates a new product with missing name field" classname="Scenario: Provider creates a new product with missing name field" time="0"/>
  <testcase name="Given product is set with the following fields" classname="Scenario: Provider creates a new product with empty name field" time="0"/>
  <testcase name="Given productVideos is set with the following fields" classname="Scenario: Provider creates a new product with empty name field" time="0"/>
  <testcase name="Given provider creates a new product" classname="Scenario: Provider creates a new product with empty name field" time="0"/>
  <testcase name="Then verify status code is 400" classname="Scenario: Provider creates a new product with empty name field" time="0">
    <failure message="expected:&lt;400&gt; but was:&lt;200&gt;" type="java.lang.AssertionError"><![CDATA[java.lang.AssertionError: expected:<400> but was:<200>
]]></failure>
    <system-out><![CDATA[{
    "id": "dpd5ZYa7",
    "name": "",
    "productTypeId": null,
    "active": true,
    "shortDescription": "Test For Automation 1",
    "fullDescription": "Automation for API in Postman",
    "mostPopular": null,
    "longitude": 456.456,
    "latitude": 3245678.5467,
    "calendarColor": "blue",
    "address": "Bishkek",
    "cityId": "xl4WWGaj",
    "createdAt": "2021-06-28T06:54:10.52308",
    "productImages": [
        
    ],
    "productDocuments": [
        
    ],
    "productTypes": null,
    "productWorkingDates": [
        {
            "id": "GrOEXKlY",
            "productId": "dpd5ZYa7",
            "fromDate": "2021-05-27",
            "toDate": "2022-12-31",
            "name": "1234567sdfgh#$#%^%&",
            "strictHours": false,
            "timeSlots": [
                {
                    "id": "blVXeVpw",
                    "productWorkingDateId": "GrOEXKlY",
                    "dayOfWeek": "Monday",
                    "startTime": "09:00:00",
                    "endTime": "20:00:00",
                    "duration": "01:00:00",
                    "quantity": 67,
                    "usedQuantity": 0,
                    "active": false,
                    "deletedAt": null
                }
            ],
            "deletedAt": null,
            "maxUsedTicketsQuantity": 0,
            "errorCode": 0
        }
    ],
    "productRegions": [
        {
            "id": "4eO8jLaP",
            "productId": "dpd5ZYa7",
            "regionId": "5bpJKaVE",
            "regionName": null
        }
    ],
    "productPrices": [
        {
            "id": "oylK8eO8",
            "productId": "dpd5ZYa7",
            "channelId": "5bpJKaVE",
            "fromDate": "2021-05-31T00:00:00",
            "toDate": "2022-12-31T00:00:00",
            "title": "API",
            "remarks": "Test",
            "officialPrice": 0,
            "currencyId": "5bpJKaVE",
            "quantityPerDay": 123,
            "autoConfirm": false,
            "pricePerPerson": false,
            "productPriceTypes": [
                {
                    "id": "KPleLNav",
                    "productPriceId": "oylK8eO8",
                    "productCustomerTypeId": "rOEEeROY",
                    "amount": 57,
                    "currencyId": "Belm3pnb",
                    "currencySymbol": null,
                    "isOfficial": true,
                    "productCustomerType": {
                        "id": "rOEEeROY",
                        "productId": "yxl4wVaj",
                        "name": "?????"
                    }
                }
            ],
            "deletedAt": null
        }
    ],
    "productCustomerTypes": [
        {
            "id": "1lon14a7",
            "productId": "dpd5ZYa7",
            "name": "API"
        },
        {
            "id": "baQk7ROA",
            "productId": "dpd5ZYa7",
            "name": "?????"
        },
        {
            "id": "elm3Kdpn",
            "productId": "dpd5ZYa7",
            "name": "???"
        },
        {
            "id": "bpJRmDpV",
            "productId": "dpd5ZYa7",
            "name": "?????"
        }
    ],
    "city": {
        "id": "xl4WWGaj",
        "name": "Israel"
    },
    "productIncludedTags": [
        {
            "id": "KPle6yOv",
            "productId": "dpd5ZYa7",
            "subTagId": "jLa3rjpz",
            "parentTagId": null,
            "subTagName": null
        }
    ],
    "productExcludedTags": [
        {
            "id": "Q4aL9yln",
            "productId": "dpd5ZYa7",
            "subTagId": "4eO8gvlP",
            "parentTagId": null,
            "subTagName": null
        }
    ],
    "productTags": [
        {
            "id": "rOEKo9aY",
            "productId": "dpd5ZYa7",
            "subTagId": "qeaZMepd",
            "parentTagId": null,
            "subTagName": null
        }
    ],
    "productTranslations": null,
    "productVideos": [
        {
            "id": "YbpvLAlJ",
            "productId": "dpd5ZYa7",
            "path": "https://www.youtube.com/watch?v=u1yVCeXYya4&list=RDMMu1yVCeXYya4&start_radio=1"
        }
    ]
}
{
    "id": "dpd5ZYa7",
    "name": "",
    "productTypeId": null,
    "active": true,
    "shortDescription": "Test For Automation 1",
    "fullDescription": "Automation for API in Postman",
    "mostPopular": null,
    "longitude": 456.456,
    "latitude": 3245678.5467,
    "calendarColor": "blue",
    "address": "Bishkek",
    "cityId": "xl4WWGaj",
    "createdAt": "2021-06-28T06:54:10.52308",
    "productImages": [
        
    ],
    "productDocuments": [
        
    ],
    "productTypes": null,
    "productWorkingDates": [
        {
            "id": "GrOEXKlY",
            "productId": "dpd5ZYa7",
            "fromDate": "2021-05-27",
            "toDate": "2022-12-31",
            "name": "1234567sdfgh#$#%^%&",
            "strictHours": false,
            "timeSlots": [
                {
                    "id": "blVXeVpw",
                    "productWorkingDateId": "GrOEXKlY",
                    "dayOfWeek": "Monday",
                    "startTime": "09:00:00",
                    "endTime": "20:00:00",
                    "duration": "01:00:00",
                    "quantity": 67,
                    "usedQuantity": 0,
                    "active": false,
                    "deletedAt": null
                }
            ],
            "deletedAt": null,
            "maxUsedTicketsQuantity": 0,
            "errorCode": 0
        }
    ],
    "productRegions": [
        {
            "id": "4eO8jLaP",
            "productId": "dpd5ZYa7",
            "regionId": "5bpJKaVE",
            "regionName": null
        }
    ],
    "productPrices": [
        {
            "id": "oylK8eO8",
            "productId": "dpd5ZYa7",
            "channelId": "5bpJKaVE",
            "fromDate": "2021-05-31T00:00:00",
            "toDate": "2022-12-31T00:00:00",
            "title": "API",
            "remarks": "Test",
            "officialPrice": 0,
            "currencyId": "5bpJKaVE",
            "quantityPerDay": 123,
            "autoConfirm": false,
            "pricePerPerson": false,
            "productPriceTypes": [
                {
                    "id": "KPleLNav",
                    "productPriceId": "oylK8eO8",
                    "productCustomerTypeId": "rOEEeROY",
                    "amount": 57,
                    "currencyId": "Belm3pnb",
                    "currencySymbol": null,
                    "isOfficial": true,
                    "productCustomerType": {
                        "id": "rOEEeROY",
                        "productId": "yxl4wVaj",
                        "name": "?????"
                    }
                }
            ],
            "deletedAt": null
        }
    ],
    "productCustomerTypes": [
        {
            "id": "1lon14a7",
            "productId": "dpd5ZYa7",
            "name": "API"
        },
        {
            "id": "baQk7ROA",
            "productId": "dpd5ZYa7",
            "name": "?????"
        },
        {
            "id": "elm3Kdpn",
            "productId": "dpd5ZYa7",
            "name": "???"
        },
        {
            "id": "bpJRmDpV",
            "productId": "dpd5ZYa7",
            "name": "?????"
        }
    ],
    "city": {
        "id": "xl4WWGaj",
        "name": "Israel"
    },
    "productIncludedTags": [
        {
            "id": "KPle6yOv",
            "productId": "dpd5ZYa7",
            "subTagId": "jLa3rjpz",
            "parentTagId": null,
            "subTagName": null
        }
    ],
    "productExcludedTags": [
        {
            "id": "Q4aL9yln",
            "productId": "dpd5ZYa7",
            "subTagId": "4eO8gvlP",
            "parentTagId": null,
            "subTagName": null
        }
    ],
    "productTags": [
        {
            "id": "rOEKo9aY",
            "productId": "dpd5ZYa7",
            "subTagId": "qeaZMepd",
            "parentTagId": null,
            "subTagName": null
        }
    ],
    "productTranslations": null,
    "productVideos": [
        {
            "id": "YbpvLAlJ",
            "productId": "dpd5ZYa7",
            "path": "https://www.youtube.com/watch?v=u1yVCeXYya4&list=RDMMu1yVCeXYya4&start_radio=1"
        }
    ]
}
]]></system-out>
  </testcase>
  <testcase name="Scenario: Provider creates a new product with empty name field" classname="Scenario: Provider creates a new product with empty name field" time="0">
    <failure message="expected:&lt;400&gt; but was:&lt;200&gt;" type="java.lang.AssertionError"><![CDATA[java.lang.AssertionError: expected:<400> but was:<200>
]]></failure>
  </testcase>
  <testcase name="Then verify the title is &quot;One or more validation errors occurred.&quot;" classname="Scenario: Provider creates a new product with empty name field" time="0">
    <skipped/>
  </testcase>
  <testcase name="When product is set with the following fields" classname="Scenario: Provider creates a new product with missing shortDescription field" time="0"/>
  <testcase name="Given productVideos is set with the following fields" classname="Scenario: Provider creates a new product with missing shortDescription field" time="0"/>
  <testcase name="Given provider creates a new product" classname="Scenario: Provider creates a new product with missing shortDescription field" time="0"/>
  <testcase name="Then verify status code is 500" classname="Scenario: Provider creates a new product with missing shortDescription field" time="0">
    <failure message="expected:&lt;500&gt; but was:&lt;200&gt;" type="java.lang.AssertionError"><![CDATA[java.lang.AssertionError: expected:<500> but was:<200>
]]></failure>
    <system-out><![CDATA[{
    "id": "5l1AoVlW",
    "name": "AutoTest",
    "productTypeId": null,
    "active": true,
    "shortDescription": null,
    "fullDescription": "Automation for API in Postman",
    "mostPopular": null,
    "longitude": 456.456,
    "latitude": 3245678.5467,
    "calendarColor": "blue",
    "address": "Bishkek",
    "cityId": "Gaz77VlV",
    "createdAt": "2021-06-28T06:54:10.810637",
    "productImages": [
        
    ],
    "productDocuments": [
        
    ],
    "productTypes": null,
    "productWorkingDates": [
        {
            "id": "q1loBda7",
            "productId": "5l1AoVlW",
            "fromDate": "2021-05-27",
            "toDate": "2022-12-31",
            "name": "1234567sdfgh#$#%^%&",
            "strictHours": false,
            "timeSlots": [
                {
                    "id": "waD3Nmp3",
                    "productWorkingDateId": "q1loBda7",
                    "dayOfWeek": "Monday",
                    "startTime": "09:00:00",
                    "endTime": "20:00:00",
                    "duration": "01:00:00",
                    "quantity": 67,
                    "usedQuantity": 0,
                    "active": false,
                    "deletedAt": null
                }
            ],
            "deletedAt": null,
            "maxUsedTicketsQuantity": 0,
            "errorCode": 0
        }
    ],
    "productRegions": [
        {
            "id": "N4lrAJad",
            "productId": "5l1AoVlW",
            "regionId": "5bpJKaVE",
            "regionName": null
        }
    ],
    "productPrices": [
        {
            "id": "1dpdgvO7",
            "productId": "5l1AoVlW",
            "channelId": "5bpJKaVE",
            "fromDate": "2021-05-31T00:00:00",
            "toDate": "2022-12-31T00:00:00",
            "title": "API",
            "remarks": "Test",
            "officialPrice": 0,
            "currencyId": "5bpJKaVE",
            "quantityPerDay": 123,
            "autoConfirm": false,
            "pricePerPerson": false,
            "productPriceTypes": [
                {
                    "id": "vApRedOY",
                    "productPriceId": "1dpdgvO7",
                    "productCustomerTypeId": "WaNXLNOd",
                    "amount": 57,
                    "currencyId": "Belm3pnb",
                    "currencySymbol": null,
                    "isOfficial": true,
                    "productCustomerType": {
                        "id": "WaNXLNOd",
                        "productId": "yxl4wVaj",
                        "name": "?????"
                    }
                }
            ],
            "deletedAt": null
        }
    ],
    "productCustomerTypes": [
        {
            "id": "2aAgWMOZ",
            "productId": "5l1AoVlW",
            "name": "API"
        },
        {
            "id": "4aLLNban",
            "productId": "5l1AoVlW",
            "name": "?????"
        },
        {
            "id": "rO98Ynle",
            "productId": "5l1AoVlW",
            "name": "???"
        },
        {
            "id": "eaZLWNOd",
            "productId": "5l1AoVlW",
            "name": "?????"
        }
    ],
    "city": {
        "id": "Gaz77VlV",
        "name": "Israel"
    },
    "productIncludedTags": [
        {
            "id": "vApRBvpY",
            "productId": "5l1AoVlW",
            "subTagId": "jLa3rjpz",
            "parentTagId": null,
            "subTagName": null
        }
    ],
    "productExcludedTags": [
        {
            "id": "QrO91BOe",
            "productId": "5l1AoVlW",
            "subTagId": "4eO8gvlP",
            "parentTagId": null,
            "subTagName": null
        }
    ],
    "productTags": [
        {
            "id": "1lozNja7",
            "productId": "5l1AoVlW",
            "subTagId": "qeaZMepd",
            "parentTagId": null,
            "subTagName": null
        }
    ],
    "productTranslations": null,
    "productVideos": [
        {
            "id": "ozOPNEaj",
            "productId": "5l1AoVlW",
            "path": "https://www.youtube.com/watch?v=u1yVCeXYya4&list=RDMMu1yVCeXYya4&start_radio=1"
        }
    ]
}
{
    "id": "5l1AoVlW",
    "name": "AutoTest",
    "productTypeId": null,
    "active": true,
    "shortDescription": null,
    "fullDescription": "Automation for API in Postman",
    "mostPopular": null,
    "longitude": 456.456,
    "latitude": 3245678.5467,
    "calendarColor": "blue",
    "address": "Bishkek",
    "cityId": "Gaz77VlV",
    "createdAt": "2021-06-28T06:54:10.810637",
    "productImages": [
        
    ],
    "productDocuments": [
        
    ],
    "productTypes": null,
    "productWorkingDates": [
        {
            "id": "q1loBda7",
            "productId": "5l1AoVlW",
            "fromDate": "2021-05-27",
            "toDate": "2022-12-31",
            "name": "1234567sdfgh#$#%^%&",
            "strictHours": false,
            "timeSlots": [
                {
                    "id": "waD3Nmp3",
                    "productWorkingDateId": "q1loBda7",
                    "dayOfWeek": "Monday",
                    "startTime": "09:00:00",
                    "endTime": "20:00:00",
                    "duration": "01:00:00",
                    "quantity": 67,
                    "usedQuantity": 0,
                    "active": false,
                    "deletedAt": null
                }
            ],
            "deletedAt": null,
            "maxUsedTicketsQuantity": 0,
            "errorCode": 0
        }
    ],
    "productRegions": [
        {
            "id": "N4lrAJad",
            "productId": "5l1AoVlW",
            "regionId": "5bpJKaVE",
            "regionName": null
        }
    ],
    "productPrices": [
        {
            "id": "1dpdgvO7",
            "productId": "5l1AoVlW",
            "channelId": "5bpJKaVE",
            "fromDate": "2021-05-31T00:00:00",
            "toDate": "2022-12-31T00:00:00",
            "title": "API",
            "remarks": "Test",
            "officialPrice": 0,
            "currencyId": "5bpJKaVE",
            "quantityPerDay": 123,
            "autoConfirm": false,
            "pricePerPerson": false,
            "productPriceTypes": [
                {
                    "id": "vApRedOY",
                    "productPriceId": "1dpdgvO7",
                    "productCustomerTypeId": "WaNXLNOd",
                    "amount": 57,
                    "currencyId": "Belm3pnb",
                    "currencySymbol": null,
                    "isOfficial": true,
                    "productCustomerType": {
                        "id": "WaNXLNOd",
                        "productId": "yxl4wVaj",
                        "name": "?????"
                    }
                }
            ],
            "deletedAt": null
        }
    ],
    "productCustomerTypes": [
        {
            "id": "2aAgWMOZ",
            "productId": "5l1AoVlW",
            "name": "API"
        },
        {
            "id": "4aLLNban",
            "productId": "5l1AoVlW",
            "name": "?????"
        },
        {
            "id": "rO98Ynle",
            "productId": "5l1AoVlW",
            "name": "???"
        },
        {
            "id": "eaZLWNOd",
            "productId": "5l1AoVlW",
            "name": "?????"
        }
    ],
    "city": {
        "id": "Gaz77VlV",
        "name": "Israel"
    },
    "productIncludedTags": [
        {
            "id": "vApRBvpY",
            "productId": "5l1AoVlW",
            "subTagId": "jLa3rjpz",
            "parentTagId": null,
            "subTagName": null
        }
    ],
    "productExcludedTags": [
        {
            "id": "QrO91BOe",
            "productId": "5l1AoVlW",
            "subTagId": "4eO8gvlP",
            "parentTagId": null,
            "subTagName": null
        }
    ],
    "productTags": [
        {
            "id": "1lozNja7",
            "productId": "5l1AoVlW",
            "subTagId": "qeaZMepd",
            "parentTagId": null,
            "subTagName": null
        }
    ],
    "productTranslations": null,
    "productVideos": [
        {
            "id": "ozOPNEaj",
            "productId": "5l1AoVlW",
            "path": "https://www.youtube.com/watch?v=u1yVCeXYya4&list=RDMMu1yVCeXYya4&start_radio=1"
        }
    ]
}
]]></system-out>
  </testcase>
  <testcase name="Scenario: Provider creates a new product with missing shortDescription field" classname="Scenario: Provider creates a new product with missing shortDescription field" time="0.008">
    <failure message="expected:&lt;500&gt; but was:&lt;200&gt;" type="java.lang.AssertionError"><![CDATA[java.lang.AssertionError: expected:<500> but was:<200>
]]></failure>
  </testcase>
  <testcase name="Then verify the title is &quot;Internal Server Error&quot;" classname="Scenario: Provider creates a new product with missing shortDescription field" time="0">
    <skipped/>
  </testcase>
  <testcase name="When product is set with the following fields" classname="Scenario: Provider creates a new product with missing fullDescription field" time="0"/>
  <testcase name="Given productVideos is set with the following fields" classname="Scenario: Provider creates a new product with missing fullDescription field" time="0"/>
  <testcase name="Given provider creates a new product" classname="Scenario: Provider creates a new product with missing fullDescription field" time="0"/>
  <testcase name="Then verify status code is 500" classname="Scenario: Provider creates a new product with missing fullDescription field" time="0">
    <failure message="expected:&lt;500&gt; but was:&lt;200&gt;" type="java.lang.AssertionError"><![CDATA[java.lang.AssertionError: expected:<500> but was:<200>
]]></failure>
    <system-out><![CDATA[{
    "id": "Yp6gMnaK",
    "name": "AutoTest",
    "productTypeId": null,
    "active": true,
    "shortDescription": "Test For Automation 1",
    "fullDescription": null,
    "mostPopular": null,
    "longitude": 456.456,
    "latitude": 3245678.5467,
    "calendarColor": "blue",
    "address": "Bishkek",
    "cityId": "8p0NNylJ",
    "createdAt": "2021-06-28T06:54:11.145518",
    "productImages": [
        
    ],
    "productDocuments": [
        
    ],
    "productTypes": null,
    "productWorkingDates": [
        {
            "id": "LbaQMeaA",
            "productId": "Yp6gMnaK",
            "fromDate": "2021-05-27",
            "toDate": "2022-12-31",
            "name": "1234567sdfgh#$#%^%&",
            "strictHours": false,
            "timeSlots": [
                {
                    "id": "La3rMYpz",
                    "productWorkingDateId": "LbaQMeaA",
                    "dayOfWeek": "Monday",
                    "startTime": "09:00:00",
                    "endTime": "20:00:00",
                    "duration": "01:00:00",
                    "quantity": 67,
                    "usedQuantity": 0,
                    "active": false,
                    "deletedAt": null
                }
            ],
            "deletedAt": null,
            "maxUsedTicketsQuantity": 0,
            "errorCode": 0
        }
    ],
    "productRegions": [
        {
            "id": "PdOnQAlV",
            "productId": "Yp6gMnaK",
            "regionId": "5bpJKaVE",
            "regionName": null
        }
    ],
    "productPrices": [
        {
            "id": "M5l18AaW",
            "productId": "Yp6gMnaK",
            "channelId": "5bpJKaVE",
            "fromDate": "2021-05-31T00:00:00",
            "toDate": "2022-12-31T00:00:00",
            "title": "API",
            "remarks": "Test",
            "officialPrice": 0,
            "currencyId": "5bpJKaVE",
            "quantityPerDay": 123,
            "autoConfirm": false,
            "pricePerPerson": false,
            "productPriceTypes": [
                {
                    "id": "q7Ox2Xa6",
                    "productPriceId": "M5l18AaW",
                    "productCustomerTypeId": "rO7nZ4l6",
                    "amount": 57,
                    "currencyId": "Belm3pnb",
                    "currencySymbol": null,
                    "isOfficial": true,
                    "productCustomerType": {
                        "id": "rO7nZ4l6",
                        "productId": "yxl4wVaj",
                        "name": "?????"
                    }
                }
            ],
            "deletedAt": null
        }
    ],
    "productCustomerTypes": [
        {
            "id": "nlYxyNaz",
            "productId": "Yp6gMnaK",
            "name": "API"
        },
        {
            "id": "MaGExzOD",
            "productId": "Yp6gMnaK",
            "name": "?????"
        },
        {
            "id": "ylKdJ1O8",
            "productId": "Yp6gMnaK",
            "name": "???"
        },
        {
            "id": "dpd5Jza7",
            "productId": "Yp6gMnaK",
            "name": "?????"
        }
    ],
    "city": {
        "id": "8p0NNylJ",
        "name": "Israel"
    },
    "productIncludedTags": [
        {
            "id": "q7OxNwa6",
            "productId": "Yp6gMnaK",
            "subTagId": "jLa3rjpz",
            "parentTagId": null,
            "subTagName": null
        }
    ],
    "productExcludedTags": [
        {
            "id": "qeaZ0eOd",
            "productId": "Yp6gMnaK",
            "subTagId": "4eO8gvlP",
            "parentTagId": null,
            "subTagName": null
        }
    ],
    "productTags": [
        {
            "id": "baQr3AlA",
            "productId": "Yp6gMnaK",
            "subTagId": "qeaZMepd",
            "parentTagId": null,
            "subTagName": null
        }
    ],
    "productTranslations": null,
    "productVideos": [
        {
            "id": "VblVYMaw",
            "productId": "Yp6gMnaK",
            "path": "https://www.youtube.com/watch?v=u1yVCeXYya4&list=RDMMu1yVCeXYya4&start_radio=1"
        }
    ]
}
{
    "id": "Yp6gMnaK",
    "name": "AutoTest",
    "productTypeId": null,
    "active": true,
    "shortDescription": "Test For Automation 1",
    "fullDescription": null,
    "mostPopular": null,
    "longitude": 456.456,
    "latitude": 3245678.5467,
    "calendarColor": "blue",
    "address": "Bishkek",
    "cityId": "8p0NNylJ",
    "createdAt": "2021-06-28T06:54:11.145518",
    "productImages": [
        
    ],
    "productDocuments": [
        
    ],
    "productTypes": null,
    "productWorkingDates": [
        {
            "id": "LbaQMeaA",
            "productId": "Yp6gMnaK",
            "fromDate": "2021-05-27",
            "toDate": "2022-12-31",
            "name": "1234567sdfgh#$#%^%&",
            "strictHours": false,
            "timeSlots": [
                {
                    "id": "La3rMYpz",
                    "productWorkingDateId": "LbaQMeaA",
                    "dayOfWeek": "Monday",
                    "startTime": "09:00:00",
                    "endTime": "20:00:00",
                    "duration": "01:00:00",
                    "quantity": 67,
                    "usedQuantity": 0,
                    "active": false,
                    "deletedAt": null
                }
            ],
            "deletedAt": null,
            "maxUsedTicketsQuantity": 0,
            "errorCode": 0
        }
    ],
    "productRegions": [
        {
            "id": "PdOnQAlV",
            "productId": "Yp6gMnaK",
            "regionId": "5bpJKaVE",
            "regionName": null
        }
    ],
    "productPrices": [
        {
            "id": "M5l18AaW",
            "productId": "Yp6gMnaK",
            "channelId": "5bpJKaVE",
            "fromDate": "2021-05-31T00:00:00",
            "toDate": "2022-12-31T00:00:00",
            "title": "API",
            "remarks": "Test",
            "officialPrice": 0,
            "currencyId": "5bpJKaVE",
            "quantityPerDay": 123,
            "autoConfirm": false,
            "pricePerPerson": false,
            "productPriceTypes": [
                {
                    "id": "q7Ox2Xa6",
                    "productPriceId": "M5l18AaW",
                    "productCustomerTypeId": "rO7nZ4l6",
                    "amount": 57,
                    "currencyId": "Belm3pnb",
                    "currencySymbol": null,
                    "isOfficial": true,
                    "productCustomerType": {
                        "id": "rO7nZ4l6",
                        "productId": "yxl4wVaj",
                        "name": "?????"
                    }
                }
            ],
            "deletedAt": null
        }
    ],
    "productCustomerTypes": [
        {
            "id": "nlYxyNaz",
            "productId": "Yp6gMnaK",
            "name": "API"
        },
        {
            "id": "MaGExzOD",
            "productId": "Yp6gMnaK",
            "name": "?????"
        },
        {
            "id": "ylKdJ1O8",
            "productId": "Yp6gMnaK",
            "name": "???"
        },
        {
            "id": "dpd5Jza7",
            "productId": "Yp6gMnaK",
            "name": "?????"
        }
    ],
    "city": {
        "id": "8p0NNylJ",
        "name": "Israel"
    },
    "productIncludedTags": [
        {
            "id": "q7OxNwa6",
            "productId": "Yp6gMnaK",
            "subTagId": "jLa3rjpz",
            "parentTagId": null,
            "subTagName": null
        }
    ],
    "productExcludedTags": [
        {
            "id": "qeaZ0eOd",
            "productId": "Yp6gMnaK",
            "subTagId": "4eO8gvlP",
            "parentTagId": null,
            "subTagName": null
        }
    ],
    "productTags": [
        {
            "id": "baQr3AlA",
            "productId": "Yp6gMnaK",
            "subTagId": "qeaZMepd",
            "parentTagId": null,
            "subTagName": null
        }
    ],
    "productTranslations": null,
    "productVideos": [
        {
            "id": "VblVYMaw",
            "productId": "Yp6gMnaK",
            "path": "https://www.youtube.com/watch?v=u1yVCeXYya4&list=RDMMu1yVCeXYya4&start_radio=1"
        }
    ]
}
]]></system-out>
  </testcase>
  <testcase name="Scenario: Provider creates a new product with missing fullDescription field" classname="Scenario: Provider creates a new product with missing fullDescription field" time="0">
    <failure message="expected:&lt;500&gt; but was:&lt;200&gt;" type="java.lang.AssertionError"><![CDATA[java.lang.AssertionError: expected:<500> but was:<200>
]]></failure>
  </testcase>
  <testcase name="Then verify the title is &quot;Internal Server Error&quot;" classname="Scenario: Provider creates a new product with missing fullDescription field" time="0">
    <skipped/>
  </testcase>
  <testcase name="Given product is set with the following fields" classname="Scenario: Provider creates a new product with empty shortDescription field" time="0"/>
  <testcase name="Given productVideos is set with the following fields" classname="Scenario: Provider creates a new product with empty shortDescription field" time="0"/>
  <testcase name="Given provider creates a new product" classname="Scenario: Provider creates a new product with empty shortDescription field" time="0"/>
  <testcase name="Then verify status code is 500" classname="Scenario: Provider creates a new product with empty shortDescription field" time="0">
    <failure message="expected:&lt;500&gt; but was:&lt;200&gt;" type="java.lang.AssertionError"><![CDATA[java.lang.AssertionError: expected:<500> but was:<200>
]]></failure>
    <system-out><![CDATA[{
    "id": "wOXzYkao",
    "name": "AutoTest",
    "productTypeId": null,
    "active": true,
    "shortDescription": "",
    "fullDescription": "Automation for API in Postman",
    "mostPopular": null,
    "longitude": 456.456,
    "latitude": 3245678.5467,
    "calendarColor": "blue",
    "address": "Bishkek",
    "cityId": "Pleoorpv",
    "createdAt": "2021-06-28T06:54:11.439951",
    "productImages": [
        
    ],
    "productDocuments": [
        
    ],
    "productTypes": null,
    "productWorkingDates": [
        {
            "id": "Belmkqpn",
            "productId": "wOXzYkao",
            "fromDate": "2021-05-27",
            "toDate": "2022-12-31",
            "name": "1234567sdfgh#$#%^%&",
            "strictHours": false,
            "timeSlots": [
                {
                    "id": "eO8gVLlP",
                    "productWorkingDateId": "Belmkqpn",
                    "dayOfWeek": "Monday",
                    "startTime": "09:00:00",
                    "endTime": "20:00:00",
                    "duration": "01:00:00",
                    "quantity": 67,
                    "usedQuantity": 0,
                    "active": false,
                    "deletedAt": null
                }
            ],
            "deletedAt": null,
            "maxUsedTicketsQuantity": 0,
            "errorCode": 0
        }
    ],
    "productRegions": [
        {
            "id": "EjpjvKpM",
            "productId": "wOXzYkao",
            "regionId": "5bpJKaVE",
            "regionName": null
        }
    ],
    "productPrices": [
        {
            "id": "WYp6AYOK",
            "productId": "wOXzYkao",
            "channelId": "5bpJKaVE",
            "fromDate": "2021-05-31T00:00:00",
            "toDate": "2022-12-31T00:00:00",
            "title": "API",
            "remarks": "Test",
            "officialPrice": 0,
            "currencyId": "5bpJKaVE",
            "quantityPerDay": 123,
            "autoConfirm": false,
            "pricePerPerson": false,
            "productPriceTypes": [
                {
                    "id": "Kdl22AlX",
                    "productPriceId": "WYp6AYOK",
                    "productCustomerTypeId": "5l1AmRlW",
                    "amount": 57,
                    "currencyId": "Belm3pnb",
                    "currencySymbol": null,
                    "isOfficial": true,
                    "productCustomerType": {
                        "id": "5l1AmRlW",
                        "productId": "yxl4wVaj",
                        "name": "?????"
                    }
                }
            ],
            "deletedAt": null
        }
    ],
    "productCustomerTypes": [
        {
            "id": "Yp6g98aK",
            "productId": "wOXzYkao",
            "name": "API"
        },
        {
            "id": "wOXzXoao",
            "productId": "wOXzYkao",
            "name": "?????"
        },
        {
            "id": "YayqxraW",
            "productId": "wOXzYkao",
            "name": "???"
        },
        {
            "id": "3pWo66p4",
            "productId": "wOXzYkao",
            "name": "?????"
        }
    ],
    "city": {
        "id": "Pleoorpv",
        "name": "Israel"
    },
    "productIncludedTags": [
        {
            "id": "Kdl23GOX",
            "productId": "wOXzYkao",
            "subTagId": "jLa3rjpz",
            "parentTagId": null,
            "subTagName": null
        }
    ],
    "productExcludedTags": [
        {
            "id": "5rO7K0O6",
            "productId": "wOXzYkao",
            "subTagId": "4eO8gvlP",
            "parentTagId": null,
            "subTagName": null
        }
    ],
    "productTags": [
        {
            "id": "elmvmeOn",
            "productId": "wOXzYkao",
            "subTagId": "qeaZMepd",
            "parentTagId": null,
            "subTagName": null
        }
    ],
    "productTranslations": null,
    "productVideos": [
        {
            "id": "4waDBJO3",
            "productId": "wOXzYkao",
            "path": "https://www.youtube.com/watch?v=u1yVCeXYya4&list=RDMMu1yVCeXYya4&start_radio=1"
        }
    ]
}
{
    "id": "wOXzYkao",
    "name": "AutoTest",
    "productTypeId": null,
    "active": true,
    "shortDescription": "",
    "fullDescription": "Automation for API in Postman",
    "mostPopular": null,
    "longitude": 456.456,
    "latitude": 3245678.5467,
    "calendarColor": "blue",
    "address": "Bishkek",
    "cityId": "Pleoorpv",
    "createdAt": "2021-06-28T06:54:11.439951",
    "productImages": [
        
    ],
    "productDocuments": [
        
    ],
    "productTypes": null,
    "productWorkingDates": [
        {
            "id": "Belmkqpn",
            "productId": "wOXzYkao",
            "fromDate": "2021-05-27",
            "toDate": "2022-12-31",
            "name": "1234567sdfgh#$#%^%&",
            "strictHours": false,
            "timeSlots": [
                {
                    "id": "eO8gVLlP",
                    "productWorkingDateId": "Belmkqpn",
                    "dayOfWeek": "Monday",
                    "startTime": "09:00:00",
                    "endTime": "20:00:00",
                    "duration": "01:00:00",
                    "quantity": 67,
                    "usedQuantity": 0,
                    "active": false,
                    "deletedAt": null
                }
            ],
            "deletedAt": null,
            "maxUsedTicketsQuantity": 0,
            "errorCode": 0
        }
    ],
    "productRegions": [
        {
            "id": "EjpjvKpM",
            "productId": "wOXzYkao",
            "regionId": "5bpJKaVE",
            "regionName": null
        }
    ],
    "productPrices": [
        {
            "id": "WYp6AYOK",
            "productId": "wOXzYkao",
            "channelId": "5bpJKaVE",
            "fromDate": "2021-05-31T00:00:00",
            "toDate": "2022-12-31T00:00:00",
            "title": "API",
            "remarks": "Test",
            "officialPrice": 0,
            "currencyId": "5bpJKaVE",
            "quantityPerDay": 123,
            "autoConfirm": false,
            "pricePerPerson": false,
            "productPriceTypes": [
                {
                    "id": "Kdl22AlX",
                    "productPriceId": "WYp6AYOK",
                    "productCustomerTypeId": "5l1AmRlW",
                    "amount": 57,
                    "currencyId": "Belm3pnb",
                    "currencySymbol": null,
                    "isOfficial": true,
                    "productCustomerType": {
                        "id": "5l1AmRlW",
                        "productId": "yxl4wVaj",
                        "name": "?????"
                    }
                }
            ],
            "deletedAt": null
        }
    ],
    "productCustomerTypes": [
        {
            "id": "Yp6g98aK",
            "productId": "wOXzYkao",
            "name": "API"
        },
        {
            "id": "wOXzXoao",
            "productId": "wOXzYkao",
            "name": "?????"
        },
        {
            "id": "YayqxraW",
            "productId": "wOXzYkao",
            "name": "???"
        },
        {
            "id": "3pWo66p4",
            "productId": "wOXzYkao",
            "name": "?????"
        }
    ],
    "city": {
        "id": "Pleoorpv",
        "name": "Israel"
    },
    "productIncludedTags": [
        {
            "id": "Kdl23GOX",
            "productId": "wOXzYkao",
            "subTagId": "jLa3rjpz",
            "parentTagId": null,
            "subTagName": null
        }
    ],
    "productExcludedTags": [
        {
            "id": "5rO7K0O6",
            "productId": "wOXzYkao",
            "subTagId": "4eO8gvlP",
            "parentTagId": null,
            "subTagName": null
        }
    ],
    "productTags": [
        {
            "id": "elmvmeOn",
            "productId": "wOXzYkao",
            "subTagId": "qeaZMepd",
            "parentTagId": null,
            "subTagName": null
        }
    ],
    "productTranslations": null,
    "productVideos": [
        {
            "id": "4waDBJO3",
            "productId": "wOXzYkao",
            "path": "https://www.youtube.com/watch?v=u1yVCeXYya4&list=RDMMu1yVCeXYya4&start_radio=1"
        }
    ]
}
]]></system-out>
  </testcase>
  <testcase name="Scenario: Provider creates a new product with empty shortDescription field" classname="Scenario: Provider creates a new product with empty shortDescription field" time="0">
    <failure message="expected:&lt;500&gt; but was:&lt;200&gt;" type="java.lang.AssertionError"><![CDATA[java.lang.AssertionError: expected:<500> but was:<200>
]]></failure>
  </testcase>
  <testcase name="Then verify the title is &quot;Internal Server Error&quot;" classname="Scenario: Provider creates a new product with empty shortDescription field" time="0">
    <skipped/>
  </testcase>
  <testcase name="Given product is set with the following fields" classname="Scenario: Provider creates a new product with empty fullDescription field" time="0"/>
  <testcase name="Given productVideos is set with the following fields" classname="Scenario: Provider creates a new product with empty fullDescription field" time="0"/>
  <testcase name="Given provider creates a new product" classname="Scenario: Provider creates a new product with empty fullDescription field" time="0"/>
  <testcase name="Then verify status code is 500" classname="Scenario: Provider creates a new product with empty fullDescription field" time="0">
    <failure message="expected:&lt;500&gt; but was:&lt;200&gt;" type="java.lang.AssertionError"><![CDATA[java.lang.AssertionError: expected:<500> but was:<200>
]]></failure>
    <system-out><![CDATA[{
    "id": "Yayq0DaW",
    "name": "AutoTest",
    "productTypeId": null,
    "active": true,
    "shortDescription": "Test For Automation 1",
    "fullDescription": "",
    "mostPopular": null,
    "longitude": 456.456,
    "latitude": 3245678.5467,
    "calendarColor": "blue",
    "address": "Bishkek",
    "cityId": "ApRDD5lY",
    "createdAt": "2021-06-28T06:54:11.835345",
    "productImages": [
        
    ],
    "productDocuments": [
        
    ],
    "productTypes": null,
    "productWorkingDates": [
        {
            "id": "5bpJ07lV",
            "productId": "Yayq0DaW",
            "fromDate": "2021-05-27",
            "toDate": "2022-12-31",
            "name": "1234567sdfgh#$#%^%&",
            "strictHours": false,
            "timeSlots": [
                {
                    "id": "4lrW7JOd",
                    "productWorkingDateId": "5bpJ07lV",
                    "dayOfWeek": "Monday",
                    "startTime": "09:00:00",
                    "endTime": "20:00:00",
                    "duration": "01:00:00",
                    "quantity": 67,
                    "usedQuantity": 0,
                    "active": false,
                    "deletedAt": null
                }
            ],
            "deletedAt": null,
            "maxUsedTicketsQuantity": 0,
            "errorCode": 0
        }
    ],
    "productRegions": [
        {
            "id": "r1lkPEO6",
            "productId": "Yayq0DaW",
            "regionId": "5bpJKaVE",
            "regionName": null
        }
    ],
    "productPrices": [
        {
            "id": "kwOXwqlo",
            "productId": "Yayq0DaW",
            "channelId": "5bpJKaVE",
            "fromDate": "2021-05-31T00:00:00",
            "toDate": "2022-12-31T00:00:00",
            "title": "API",
            "remarks": "Test",
            "officialPrice": 0,
            "currencyId": "5bpJKaVE",
            "quantityPerDay": 123,
            "autoConfirm": false,
            "pricePerPerson": false,
            "productPriceTypes": [
                {
                    "id": "BJpgZqOq",
                    "productPriceId": "kwOXwqlo",
                    "productCustomerTypeId": "xl4WA7aj",
                    "amount": 57,
                    "currencyId": "Belm3pnb",
                    "currencySymbol": null,
                    "isOfficial": true,
                    "productCustomerType": {
                        "id": "xl4WA7aj",
                        "productId": "yxl4wVaj",
                        "name": "?????"
                    }
                }
            ],
            "deletedAt": null
        }
    ],
    "productCustomerTypes": [
        {
            "id": "Gaz72WlV",
            "productId": "Yayq0DaW",
            "name": "API"
        },
        {
            "id": "8p0NQJlJ",
            "productId": "Yayq0DaW",
            "name": "?????"
        },
        {
            "id": "PleoNjpv",
            "productId": "Yayq0DaW",
            "name": "???"
        },
        {
            "id": "ApRDYklY",
            "productId": "Yayq0DaW",
            "name": "?????"
        }
    ],
    "city": {
        "id": "ApRDD5lY",
        "name": "Israel"
    },
    "productIncludedTags": [
        {
            "id": "BJpgwdpq",
            "productId": "Yayq0DaW",
            "subTagId": "jLa3rjpz",
            "parentTagId": null,
            "subTagName": null
        }
    ],
    "productExcludedTags": [
        {
            "id": "JnlYz6Oz",
            "productId": "Yayq0DaW",
            "subTagId": "4eO8gvlP",
            "parentTagId": null,
            "subTagName": null
        }
    ],
    "productTags": [
        {
            "id": "bpJK6qaV",
            "productId": "Yayq0DaW",
            "subTagId": "qeaZMepd",
            "parentTagId": null,
            "subTagName": null
        }
    ],
    "productTranslations": null,
    "productVideos": [
        {
            "id": "jLa302lz",
            "productId": "Yayq0DaW",
            "path": "https://www.youtube.com/watch?v=u1yVCeXYya4&list=RDMMu1yVCeXYya4&start_radio=1"
        }
    ]
}
{
    "id": "Yayq0DaW",
    "name": "AutoTest",
    "productTypeId": null,
    "active": true,
    "shortDescription": "Test For Automation 1",
    "fullDescription": "",
    "mostPopular": null,
    "longitude": 456.456,
    "latitude": 3245678.5467,
    "calendarColor": "blue",
    "address": "Bishkek",
    "cityId": "ApRDD5lY",
    "createdAt": "2021-06-28T06:54:11.835345",
    "productImages": [
        
    ],
    "productDocuments": [
        
    ],
    "productTypes": null,
    "productWorkingDates": [
        {
            "id": "5bpJ07lV",
            "productId": "Yayq0DaW",
            "fromDate": "2021-05-27",
            "toDate": "2022-12-31",
            "name": "1234567sdfgh#$#%^%&",
            "strictHours": false,
            "timeSlots": [
                {
                    "id": "4lrW7JOd",
                    "productWorkingDateId": "5bpJ07lV",
                    "dayOfWeek": "Monday",
                    "startTime": "09:00:00",
                    "endTime": "20:00:00",
                    "duration": "01:00:00",
                    "quantity": 67,
                    "usedQuantity": 0,
                    "active": false,
                    "deletedAt": null
                }
            ],
            "deletedAt": null,
            "maxUsedTicketsQuantity": 0,
            "errorCode": 0
        }
    ],
    "productRegions": [
        {
            "id": "r1lkPEO6",
            "productId": "Yayq0DaW",
            "regionId": "5bpJKaVE",
            "regionName": null
        }
    ],
    "productPrices": [
        {
            "id": "kwOXwqlo",
            "productId": "Yayq0DaW",
            "channelId": "5bpJKaVE",
            "fromDate": "2021-05-31T00:00:00",
            "toDate": "2022-12-31T00:00:00",
            "title": "API",
            "remarks": "Test",
            "officialPrice": 0,
            "currencyId": "5bpJKaVE",
            "quantityPerDay": 123,
            "autoConfirm": false,
            "pricePerPerson": false,
            "productPriceTypes": [
                {
                    "id": "BJpgZqOq",
                    "productPriceId": "kwOXwqlo",
                    "productCustomerTypeId": "xl4WA7aj",
                    "amount": 57,
                    "currencyId": "Belm3pnb",
                    "currencySymbol": null,
                    "isOfficial": true,
                    "productCustomerType": {
                        "id": "xl4WA7aj",
                        "productId": "yxl4wVaj",
                        "name": "?????"
                    }
                }
            ],
            "deletedAt": null
        }
    ],
    "productCustomerTypes": [
        {
            "id": "Gaz72WlV",
            "productId": "Yayq0DaW",
            "name": "API"
        },
        {
            "id": "8p0NQJlJ",
            "productId": "Yayq0DaW",
            "name": "?????"
        },
        {
            "id": "PleoNjpv",
            "productId": "Yayq0DaW",
            "name": "???"
        },
        {
            "id": "ApRDYklY",
            "productId": "Yayq0DaW",
            "name": "?????"
        }
    ],
    "city": {
        "id": "ApRDD5lY",
        "name": "Israel"
    },
    "productIncludedTags": [
        {
            "id": "BJpgwdpq",
            "productId": "Yayq0DaW",
            "subTagId": "jLa3rjpz",
            "parentTagId": null,
            "subTagName": null
        }
    ],
    "productExcludedTags": [
        {
            "id": "JnlYz6Oz",
            "productId": "Yayq0DaW",
            "subTagId": "4eO8gvlP",
            "parentTagId": null,
            "subTagName": null
        }
    ],
    "productTags": [
        {
            "id": "bpJK6qaV",
            "productId": "Yayq0DaW",
            "subTagId": "qeaZMepd",
            "parentTagId": null,
            "subTagName": null
        }
    ],
    "productTranslations": null,
    "productVideos": [
        {
            "id": "jLa302lz",
            "productId": "Yayq0DaW",
            "path": "https://www.youtube.com/watch?v=u1yVCeXYya4&list=RDMMu1yVCeXYya4&start_radio=1"
        }
    ]
}
]]></system-out>
  </testcase>
  <testcase name="Scenario: Provider creates a new product with empty fullDescription field" classname="Scenario: Provider creates a new product with empty fullDescription field" time="0">
    <failure message="expected:&lt;500&gt; but was:&lt;200&gt;" type="java.lang.AssertionError"><![CDATA[java.lang.AssertionError: expected:<500> but was:<200>
]]></failure>
  </testcase>
  <testcase name="Then verify the title is &quot;Internal Server Error&quot;" classname="Scenario: Provider creates a new product with empty fullDescription field" time="0">
    <skipped/>
  </testcase>
  <testcase name="Given product is set with the following fields" classname="Scenario: Provider creates a new product with empty address field" time="0"/>
  <testcase name="Given productVideos is set with the following fields" classname="Scenario: Provider creates a new product with empty address field" time="0"/>
  <testcase name="Given provider creates a new product" classname="Scenario: Provider creates a new product with empty address field" time="0"/>
  <testcase name="Then verify status code is 500" classname="Scenario: Provider creates a new product with empty address field" time="0">
    <failure message="expected:&lt;500&gt; but was:&lt;200&gt;" type="java.lang.AssertionError"><![CDATA[java.lang.AssertionError: expected:<500> but was:<200>
]]></failure>
    <system-out><![CDATA[{
    "id": "3pWo7dp4",
    "name": "AutoTest",
    "productTypeId": null,
    "active": true,
    "shortDescription": "Test For Automation 1",
    "fullDescription": "Automation for API in Postman",
    "mostPopular": null,
    "longitude": 456.456,
    "latitude": 3245678.5467,
    "calendarColor": "blue",
    "address": "",
    "cityId": "7OxMMgp6",
    "createdAt": "2021-06-28T06:54:12.087839",
    "productImages": [
        
    ],
    "productDocuments": [
        
    ],
    "productTypes": null,
    "productWorkingDates": [
        {
            "id": "0WaN20ad",
            "productId": "3pWo7dp4",
            "fromDate": "2021-05-27",
            "toDate": "2022-12-31",
            "name": "1234567sdfgh#$#%^%&",
            "strictHours": false,
            "timeSlots": [
                {
                    "id": "dOnnAAOV",
                    "productWorkingDateId": "0WaN20ad",
                    "dayOfWeek": "Monday",
                    "startTime": "09:00:00",
                    "endTime": "20:00:00",
                    "duration": "01:00:00",
                    "quantity": 67,
                    "usedQuantity": 0,
                    "active": false,
                    "deletedAt": null
                }
            ],
            "deletedAt": null,
            "maxUsedTicketsQuantity": 0,
            "errorCode": 0
        }
    ],
    "productRegions": [
        {
            "id": "zblBLKpR",
            "productId": "3pWo7dp4",
            "regionId": "5bpJKaVE",
            "regionName": null
        }
    ],
    "productPrices": [
        {
            "id": "PYayrRlW",
            "productId": "3pWo7dp4",
            "channelId": "5bpJKaVE",
            "fromDate": "2021-05-31T00:00:00",
            "toDate": "2022-12-31T00:00:00",
            "title": "API",
            "remarks": "Test",
            "officialPrice": 0,
            "currencyId": "5bpJKaVE",
            "quantityPerDay": 123,
            "autoConfirm": false,
            "pricePerPerson": false,
            "productPriceTypes": [
                {
                    "id": "0GpbJApr",
                    "productPriceId": "PYayrRlW",
                    "productCustomerTypeId": "7OxMREp6",
                    "amount": 57,
                    "currencyId": "Belm3pnb",
                    "currencySymbol": null,
                    "isOfficial": true,
                    "productCustomerType": {
                        "id": "7OxMREp6",
                        "productId": "yxl4wVaj",
                        "name": "?????"
                    }
                }
            ],
            "deletedAt": null
        }
    ],
    "productCustomerTypes": [
        {
            "id": "dl2oJgOX",
            "productId": "3pWo7dp4",
            "name": "API"
        },
        {
            "id": "JpgyLelq",
            "productId": "3pWo7dp4",
            "name": "?????"
        },
        {
            "id": "GpbzQRpr",
            "productId": "3pWo7dp4",
            "name": "???"
        },
        {
            "id": "zpM9Ayp6",
            "productId": "3pWo7dp4",
            "name": "?????"
        }
    ],
    "city": {
        "id": "7OxMMgp6",
        "name": "Israel"
    },
    "productIncludedTags": [
        {
            "id": "0GpbKxar",
            "productId": "3pWo7dp4",
            "subTagId": "jLa3rjpz",
            "parentTagId": null,
            "subTagName": null
        }
    ],
    "productExcludedTags": [
        {
            "id": "kMaGm7OD",
            "productId": "3pWo7dp4",
            "subTagId": "4eO8gvlP",
            "parentTagId": null,
            "subTagName": null
        }
    ],
    "productTags": [
        {
            "id": "WaNd3BOd",
            "productId": "3pWo7dp4",
            "subTagId": "qeaZMepd",
            "parentTagId": null,
            "subTagName": null
        }
    ],
    "productTranslations": null,
    "productVideos": [
        {
            "id": "4eO8EepP",
            "productId": "3pWo7dp4",
            "path": "https://www.youtube.com/watch?v=u1yVCeXYya4&list=RDMMu1yVCeXYya4&start_radio=1"
        }
    ]
}
{
    "id": "3pWo7dp4",
    "name": "AutoTest",
    "productTypeId": null,
    "active": true,
    "shortDescription": "Test For Automation 1",
    "fullDescription": "Automation for API in Postman",
    "mostPopular": null,
    "longitude": 456.456,
    "latitude": 3245678.5467,
    "calendarColor": "blue",
    "address": "",
    "cityId": "7OxMMgp6",
    "createdAt": "2021-06-28T06:54:12.087839",
    "productImages": [
        
    ],
    "productDocuments": [
        
    ],
    "productTypes": null,
    "productWorkingDates": [
        {
            "id": "0WaN20ad",
            "productId": "3pWo7dp4",
            "fromDate": "2021-05-27",
            "toDate": "2022-12-31",
            "name": "1234567sdfgh#$#%^%&",
            "strictHours": false,
            "timeSlots": [
                {
                    "id": "dOnnAAOV",
                    "productWorkingDateId": "0WaN20ad",
                    "dayOfWeek": "Monday",
                    "startTime": "09:00:00",
                    "endTime": "20:00:00",
                    "duration": "01:00:00",
                    "quantity": 67,
                    "usedQuantity": 0,
                    "active": false,
                    "deletedAt": null
                }
            ],
            "deletedAt": null,
            "maxUsedTicketsQuantity": 0,
            "errorCode": 0
        }
    ],
    "productRegions": [
        {
            "id": "zblBLKpR",
            "productId": "3pWo7dp4",
            "regionId": "5bpJKaVE",
            "regionName": null
        }
    ],
    "productPrices": [
        {
            "id": "PYayrRlW",
            "productId": "3pWo7dp4",
            "channelId": "5bpJKaVE",
            "fromDate": "2021-05-31T00:00:00",
            "toDate": "2022-12-31T00:00:00",
            "title": "API",
            "remarks": "Test",
            "officialPrice": 0,
            "currencyId": "5bpJKaVE",
            "quantityPerDay": 123,
            "autoConfirm": false,
            "pricePerPerson": false,
            "productPriceTypes": [
                {
                    "id": "0GpbJApr",
                    "productPriceId": "PYayrRlW",
                    "productCustomerTypeId": "7OxMREp6",
                    "amount": 57,
                    "currencyId": "Belm3pnb",
                    "currencySymbol": null,
                    "isOfficial": true,
[...]
  <testcase name="Given productVideos is set with the following fields" classname="Scenario: provider enters a data in productRegions with missing  regionName field" time="0"/>
  <testcase name="Given productRegions is set with the following fields" classname="Scenario: provider enters a data in productRegions with missing  regionName field" time="0"/>
  <testcase name="Given provider creates a new product" classname="Scenario: provider enters a data in productRegions with missing  regionName field" time="0"/>
  <testcase name="Then verify status code is 400" classname="Scenario: provider enters a data in productRegions with missing  regionName field" time="0">
    <failure message="expected:&lt;400&gt; but was:&lt;200&gt;" type="java.lang.AssertionError"><![CDATA[java.lang.AssertionError: expected:<400> but was:<200>
]]></failure>
    <system-out><![CDATA[{
    "id": "blVXZwpw",
    "name": "AutoTest",
    "productTypeId": null,
    "active": true,
    "shortDescription": "Test For Automation 1",
    "fullDescription": "Automation for API in Postman",
    "mostPopular": null,
    "longitude": 456.456,
    "latitude": 3245678.5467,
    "calendarColor": "blue",
    "address": "Bishkek",
    "cityId": "jpjPe1lM",
    "createdAt": "2021-06-28T06:54:22.594532",
    "productImages": [
        
    ],
    "productDocuments": [
        
    ],
    "productTypes": null,
    "productWorkingDates": [
        {
            "id": "Q4aLRnOn",
            "productId": "blVXZwpw",
            "fromDate": "2022-12-31",
            "toDate": "2022-12-31",
            "name": "1234",
            "strictHours": false,
            "timeSlots": [
                {
                    "id": "rO98Aele",
                    "productWorkingDateId": "Q4aLRnOn",
                    "dayOfWeek": "Monday",
                    "startTime": "09:00:00",
                    "endTime": "20:00:00",
                    "duration": "00:00:00",
                    "quantity": 32,
                    "usedQuantity": 0,
                    "active": false,
                    "deletedAt": null
                }
            ],
            "deletedAt": null,
            "maxUsedTicketsQuantity": 0,
            "errorCode": 0
        }
    ],
    "productRegions": [
        {
            "id": "kMaGGqaD",
            "productId": "blVXZwpw",
            "regionId": "5bpJKaVE",
            "regionName": null
        }
    ],
    "productPrices": [
        {
            "id": "ozOPw4lj",
            "productId": "blVXZwpw",
            "channelId": "LbaQGOAx",
            "fromDate": "2021-05-31T00:00:00",
            "toDate": "2022-12-31T00:00:00",
            "title": null,
            "remarks": "Test",
            "officialPrice": 0,
            "currencyId": "5bpJKaVE",
            "quantityPerDay": 123,
            "autoConfirm": false,
            "pricePerPerson": false,
            "productPriceTypes": [
                {
                    "id": "r1lkKEl6",
                    "productPriceId": "ozOPw4lj",
                    "productCustomerTypeId": "rOEE52OY",
                    "amount": 57,
                    "currencyId": "Belm3pnb",
                    "currencySymbol": null,
                    "isOfficial": true,
                    "productCustomerType": {
                        "id": "rOEE52OY",
                        "productId": "yxl4wVaj",
                        "name": "?????"
                    }
                }
            ],
            "deletedAt": null
        }
    ],
    "productCustomerTypes": [
        {
            "id": "1lon9Ka7",
            "productId": "blVXZwpw",
            "name": "API"
        },
        {
            "id": "baQkNQOA",
            "productId": "blVXZwpw",
            "name": "?????"
        },
        {
            "id": "elm3Ajpn",
            "productId": "blVXZwpw",
            "name": "???"
        },
        {
            "id": "bpJR59pV",
            "productId": "blVXZwpw",
            "name": "?????"
        }
    ],
    "city": {
        "id": "jpjPe1lM",
        "name": "Israel"
    },
    "productIncludedTags": [
        {
            "id": "7WlqwXpb",
            "productId": "blVXZwpw",
            "subTagId": "jLa3rjpz",
            "parentTagId": null,
            "subTagName": null
        }
    ],
    "productExcludedTags": [
        {
            "id": "BJpg8Laq",
            "productId": "blVXZwpw",
            "subTagId": "4eO8gvlP",
            "parentTagId": null,
            "subTagName": null
        }
    ],
    "productTags": [
        {
            "id": "4aLGjkpn",
            "productId": "blVXZwpw",
            "subTagId": "qeaZMepd",
            "parentTagId": null,
            "subTagName": null
        }
    ],
    "productTranslations": null,
    "productVideos": [
        {
            "id": "Q4aL4nan",
            "productId": "blVXZwpw",
            "path": "https://www.youtube.com/watch?v=u1yVCeXYya4&list=RDMMu1yVCeXYya4&start_radio=1"
        }
    ]
}
{
    "id": "blVXZwpw",
    "name": "AutoTest",
    "productTypeId": null,
    "active": true,
    "shortDescription": "Test For Automation 1",
    "fullDescription": "Automation for API in Postman",
    "mostPopular": null,
    "longitude": 456.456,
    "latitude": 3245678.5467,
    "calendarColor": "blue",
    "address": "Bishkek",
    "cityId": "jpjPe1lM",
    "createdAt": "2021-06-28T06:54:22.594532",
    "productImages": [
        
    ],
    "productDocuments": [
        
    ],
    "productTypes": null,
    "productWorkingDates": [
        {
            "id": "Q4aLRnOn",
            "productId": "blVXZwpw",
            "fromDate": "2022-12-31",
            "toDate": "2022-12-31",
            "name": "1234",
            "strictHours": false,
            "timeSlots": [
                {
                    "id": "rO98Aele",
                    "productWorkingDateId": "Q4aLRnOn",
                    "dayOfWeek": "Monday",
                    "startTime": "09:00:00",
                    "endTime": "20:00:00",
                    "duration": "00:00:00",
                    "quantity": 32,
                    "usedQuantity": 0,
                    "active": false,
                    "deletedAt": null
                }
            ],
            "deletedAt": null,
            "maxUsedTicketsQuantity": 0,
            "errorCode": 0
        }
    ],
    "productRegions": [
        {
            "id": "kMaGGqaD",
            "productId": "blVXZwpw",
            "regionId": "5bpJKaVE",
            "regionName": null
        }
    ],
    "productPrices": [
        {
            "id": "ozOPw4lj",
            "productId": "blVXZwpw",
            "channelId": "LbaQGOAx",
            "fromDate": "2021-05-31T00:00:00",
            "toDate": "2022-12-31T00:00:00",
            "title": null,
            "remarks": "Test",
            "officialPrice": 0,
            "currencyId": "5bpJKaVE",
            "quantityPerDay": 123,
            "autoConfirm": false,
            "pricePerPerson": false,
            "productPriceTypes": [
                {
                    "id": "r1lkKEl6",
                    "productPriceId": "ozOPw4lj",
                    "productCustomerTypeId": "rOEE52OY",
                    "amount": 57,
                    "currencyId": "Belm3pnb",
                    "currencySymbol": null,
                    "isOfficial": true,
                    "productCustomerType": {
                        "id": "rOEE52OY",
                        "productId": "yxl4wVaj",
                        "name": "?????"
                    }
                }
            ],
            "deletedAt": null
        }
    ],
    "productCustomerTypes": [
        {
            "id": "1lon9Ka7",
            "productId": "blVXZwpw",
            "name": "API"
        },
        {
            "id": "baQkNQOA",
            "productId": "blVXZwpw",
            "name": "?????"
        },
        {
            "id": "elm3Ajpn",
            "productId": "blVXZwpw",
            "name": "???"
        },
        {
            "id": "bpJR59pV",
            "productId": "blVXZwpw",
            "name": "?????"
        }
    ],
    "city": {
        "id": "jpjPe1lM",
        "name": "Israel"
    },
    "productIncludedTags": [
        {
            "id": "7WlqwXpb",
            "productId": "blVXZwpw",
            "subTagId": "jLa3rjpz",
            "parentTagId": null,
            "subTagName": null
        }
    ],
    "productExcludedTags": [
        {
            "id": "BJpg8Laq",
            "productId": "blVXZwpw",
            "subTagId": "4eO8gvlP",
            "parentTagId": null,
            "subTagName": null
        }
    ],
    "productTags": [
        {
            "id": "4aLGjkpn",
            "productId": "blVXZwpw",
            "subTagId": "qeaZMepd",
            "parentTagId": null,
            "subTagName": null
        }
    ],
    "productTranslations": null,
    "productVideos": [
        {
            "id": "Q4aL4nan",
            "productId": "blVXZwpw",
            "path": "https://www.youtube.com/watch?v=u1yVCeXYya4&list=RDMMu1yVCeXYya4&start_radio=1"
        }
    ]
}
]]></system-out>
  </testcase>
  <testcase name="Scenario: provider enters a data in productRegions with missing  regionName field" classname="Scenario: provider enters a data in productRegions with missing  regionName field" time="0">
    <failure message="expected:&lt;400&gt; but was:&lt;200&gt;" type="java.lang.AssertionError"><![CDATA[java.lang.AssertionError: expected:<400> but was:<200>
]]></failure>
  </testcase>
  <testcase name="Then verify the title is &quot;One or more validation errors occurred.&quot;" classname="Scenario: provider enters a data in productRegions with missing  regionName field" time="0">
    <skipped/>
  </testcase>
  <testcase name="Given product is set with the following fields" classname="Scenario: provider enters a data in productRegions with special chars  regionName field" time="0"/>
  <testcase name="Given productVideos is set with the following fields" classname="Scenario: provider enters a data in productRegions with special chars  regionName field" time="0"/>
  <testcase name="Given productRegions is set with the following fields" classname="Scenario: provider enters a data in productRegions with special chars  regionName field" time="0"/>
  <testcase name="Given provider creates a new product" classname="Scenario: provider enters a data in productRegions with special chars  regionName field" time="0"/>
  <testcase name="Then verify status code is 400" classname="Scenario: provider enters a data in productRegions with special chars  regionName field" time="0">
    <failure message="expected:&lt;400&gt; but was:&lt;200&gt;" type="java.lang.AssertionError"><![CDATA[java.lang.AssertionError: expected:<400> but was:<200>
]]></failure>
    <system-out><![CDATA[{
    "id": "waD3q0p3",
    "name": "AutoTest",
    "productTypeId": null,
    "active": true,
    "shortDescription": "Test For Automation 1",
    "fullDescription": "Automation for API in Postman",
    "mostPopular": null,
    "longitude": 456.456,
    "latitude": 3245678.5467,
    "calendarColor": "blue",
    "address": "Bishkek",
    "cityId": "1lkVvwa6",
    "createdAt": "2021-06-28T06:54:22.907858",
    "productImages": [
        
    ],
    "productDocuments": [
        
    ],
    "productTypes": null,
    "productWorkingDates": [
        {
            "id": "QrO9Nope",
            "productId": "waD3q0p3",
            "fromDate": "2022-12-31",
            "toDate": "2022-12-31",
            "name": "1234",
            "strictHours": false,
            "timeSlots": [
                {
                    "id": "eaZLnqOd",
                    "productWorkingDateId": "QrO9Nope",
                    "dayOfWeek": "Monday",
                    "startTime": "09:00:00",
                    "endTime": "20:00:00",
                    "duration": "00:00:00",
                    "quantity": 32,
                    "usedQuantity": 0,
                    "active": false,
                    "deletedAt": null
                }
            ],
            "deletedAt": null,
            "maxUsedTicketsQuantity": 0,
            "errorCode": 0
        }
    ],
    "productRegions": [
        {
            "id": "oylK6Ba8",
            "productId": "waD3q0p3",
            "regionId": "5bpJKaVE",
            "regionName": null
        }
    ],
    "productPrices": [
        {
            "id": "VblVwLOw",
            "productId": "waD3q0p3",
            "channelId": "LbaQGOAx",
            "fromDate": "2021-05-31T00:00:00",
            "toDate": "2022-12-31T00:00:00",
            "title": null,
            "remarks": "Test",
            "officialPrice": 0,
            "currencyId": "5bpJKaVE",
            "quantityPerDay": 123,
            "autoConfirm": false,
            "pricePerPerson": false,
            "productPriceTypes": [
                {
                    "id": "zblBdKpR",
                    "productPriceId": "VblVwLOw",
                    "productCustomerTypeId": "WaNXQ8Od",
                    "amount": 57,
                    "currencyId": "Belm3pnb",
                    "currencySymbol": null,
                    "isOfficial": true,
                    "productCustomerType": {
                        "id": "WaNXQ8Od",
                        "productId": "yxl4wVaj",
                        "name": "?????"
                    }
                }
            ],
            "deletedAt": null
        }
    ],
    "productCustomerTypes": [
        {
            "id": "2aAg5XOZ",
            "productId": "waD3q0p3",
            "name": "API"
        },
        {
            "id": "4aLL5Nan",
            "productId": "waD3q0p3",
            "name": "?????"
        },
        {
            "id": "rO9851le",
            "productId": "waD3q0p3",
            "name": "???"
        },
        {
            "id": "eaZLddOd",
            "productId": "waD3q0p3",
            "name": "?????"
        }
    ],
    "city": {
        "id": "1lkVvwa6",
        "name": "Israel"
    },
    "productIncludedTags": [
        {
            "id": "GrOEVgpY",
            "productId": "waD3q0p3",
            "subTagId": "jLa3rjpz",
            "parentTagId": null,
            "subTagName": null
        }
    ],
    "productExcludedTags": [
        {
            "id": "0Gpb88lr",
            "productId": "waD3q0p3",
            "subTagId": "4eO8gvlP",
            "parentTagId": null,
            "subTagName": null
        }
    ],
    "productTags": [
        {
            "id": "rO9r4xpe",
            "productId": "waD3q0p3",
            "subTagId": "qeaZMepd",
            "parentTagId": null,
            "subTagName": null
        }
    ],
    "productTranslations": null,
    "productVideos": [
        {
            "id": "QrO9EoOe",
            "productId": "waD3q0p3",
            "path": "https://www.youtube.com/watch?v=u1yVCeXYya4&list=RDMMu1yVCeXYya4&start_radio=1"
        }
    ]
}
{
    "id": "waD3q0p3",
    "name": "AutoTest",
    "productTypeId": null,
    "active": true,
    "shortDescription": "Test For Automation 1",
    "fullDescription": "Automation for API in Postman",
    "mostPopular": null,
    "longitude": 456.456,
    "latitude": 3245678.5467,
    "calendarColor": "blue",
    "address": "Bishkek",
    "cityId": "1lkVvwa6",
    "createdAt": "2021-06-28T06:54:22.907858",
    "productImages": [
        
    ],
    "productDocuments": [
        
    ],
    "productTypes": null,
    "productWorkingDates": [
        {
            "id": "QrO9Nope",
            "productId": "waD3q0p3",
            "fromDate": "2022-12-31",
            "toDate": "2022-12-31",
            "name": "1234",
            "strictHours": false,
            "timeSlots": [
                {
                    "id": "eaZLnqOd",
                    "productWorkingDateId": "QrO9Nope",
                    "dayOfWeek": "Monday",
                    "startTime": "09:00:00",
                    "endTime": "20:00:00",
                    "duration": "00:00:00",
                    "quantity": 32,
                    "usedQuantity": 0,
                    "active": false,
                    "deletedAt": null
                }
            ],
            "deletedAt": null,
            "maxUsedTicketsQuantity": 0,
            "errorCode": 0
        }
    ],
    "productRegions": [
        {
            "id": "oylK6Ba8",
            "productId": "waD3q0p3",
            "regionId": "5bpJKaVE",
            "regionName": null
        }
    ],
    "productPrices": [
        {
            "id": "VblVwLOw",
            "productId": "waD3q0p3",
            "channelId": "LbaQGOAx",
            "fromDate": "2021-05-31T00:00:00",
            "toDate": "2022-12-31T00:00:00",
            "title": null,
            "remarks": "Test",
            "officialPrice": 0,
            "currencyId": "5bpJKaVE",
            "quantityPerDay": 123,
            "autoConfirm": false,
            "pricePerPerson": false,
            "productPriceTypes": [
                {
                    "id": "zblBdKpR",
                    "productPriceId": "VblVwLOw",
                    "productCustomerTypeId": "WaNXQ8Od",
                    "amount": 57,
                    "currencyId": "Belm3pnb",
                    "currencySymbol": null,
                    "isOfficial": true,
                    "productCustomerType": {
                        "id": "WaNXQ8Od",
                        "productId": "yxl4wVaj",
                        "name": "?????"
                    }
                }
            ],
            "deletedAt": null
        }
    ],
    "productCustomerTypes": [
        {
            "id": "2aAg5XOZ",
            "productId": "waD3q0p3",
            "name": "API"
        },
        {
            "id": "4aLL5Nan",
            "productId": "waD3q0p3",
            "name": "?????"
        },
        {
            "id": "rO9851le",
            "productId": "waD3q0p3",
            "name": "???"
        },
        {
            "id": "eaZLddOd",
            "productId": "waD3q0p3",
            "name": "?????"
        }
    ],
    "city": {
        "id": "1lkVvwa6",
        "name": "Israel"
    },
    "productIncludedTags": [
        {
            "id": "GrOEVgpY",
            "productId": "waD3q0p3",
            "subTagId": "jLa3rjpz",
            "parentTagId": null,
            "subTagName": null
        }
    ],
    "productExcludedTags": [
        {
            "id": "0Gpb88lr",
            "productId": "waD3q0p3",
            "subTagId": "4eO8gvlP",
            "parentTagId": null,
            "subTagName": null
        }
    ],
    "productTags": [
        {
            "id": "rO9r4xpe",
            "productId": "waD3q0p3",
            "subTagId": "qeaZMepd",
            "parentTagId": null,
            "subTagName": null
        }
    ],
    "productTranslations": null,
    "productVideos": [
        {
            "id": "QrO9EoOe",
            "productId": "waD3q0p3",
            "path": "https://www.youtube.com/watch?v=u1yVCeXYya4&list=RDMMu1yVCeXYya4&start_radio=1"
        }
    ]
}
]]></system-out>
  </testcase>
  <testcase name="Scenario: provider enters a data in productRegions with special chars  regionName field" classname="Scenario: provider enters a data in productRegions with special chars  regionName field" time="0">
    <failure message="expected:&lt;400&gt; but was:&lt;200&gt;" type="java.lang.AssertionError"><![CDATA[java.lang.AssertionError: expected:<400> but was:<200>
]]></failure>
  </testcase>
  <testcase name="Then verify the title is &quot;One or more validation errors occurred.&quot;" classname="Scenario: provider enters a data in productRegions with special chars  regionName field" time="0">
    <skipped/>
  </testcase>
</testsuite>